#! /c/Source/iverilog-install/bin/vvp
:ivl_version "12.0 (devel)" "(s20150603-1539-g2693dd32b)";
:ivl_delay_selection "TYPICAL";
:vpi_time_precision + 0;
:vpi_module "C:\iverilog\lib\ivl\system.vpi";
:vpi_module "C:\iverilog\lib\ivl\vhdl_sys.vpi";
:vpi_module "C:\iverilog\lib\ivl\vhdl_textio.vpi";
:vpi_module "C:\iverilog\lib\ivl\v2005_math.vpi";
:vpi_module "C:\iverilog\lib\ivl\va_math.vpi";
S_00000233d88c2830 .scope module, "sreg_sipo_9x16_bit" "sreg_sipo_9x16_bit" 2 1;
 .timescale 0 0;
    .port_info 0 /INPUT 1 "clk";
    .port_info 1 /INPUT 1 "rst";
    .port_info 2 /INPUT 1 "load";
    .port_info 3 /INPUT 16 "in_serial";
    .port_info 4 /INPUT 144 "in_parallel";
    .port_info 5 /OUTPUT 144 "out_parallel";
P_00000233d88c2e20 .param/l "N_IN" 0 2 2, +C4<00000000000000000000000000001001>;
P_00000233d88c2e58 .param/l "WIDTH" 0 2 3, +C4<00000000000000000000000000010000>;
o00000233d88f6fd8 .functor BUFZ 1, C4<z>; HiZ drive
v00000233d88c2f70_0 .net "clk", 0 0, o00000233d88f6fd8;  0 drivers
o00000233d88f7008 .functor BUFZ 144, C4<zzzzzzzzzzzzzzzzzzzzzzzzzzzzzzzzzzzzzzzzzzzzzzzzzzzzzzzzzzzzzzzzzzzzzzzzzzzzzzzzzzzzzzzzzzzzzzzzzzzzzzzzzzzzzzzzzzzzzzzzzzzzzzzzzzzzzzzzzzzzzzzz>; HiZ drive
v00000233d88c3190_0 .net "in_parallel", 143 0, o00000233d88f7008;  0 drivers
o00000233d88f7038 .functor BUFZ 16, C4<zzzzzzzzzzzzzzzz>; HiZ drive
v00000233d89d8810_0 .net "in_serial", 15 0, o00000233d88f7038;  0 drivers
o00000233d88f7068 .functor BUFZ 1, C4<z>; HiZ drive
v00000233d89d88b0_0 .net "load", 0 0, o00000233d88f7068;  0 drivers
v00000233d89dbc70_0 .var "out_parallel", 143 0;
o00000233d88f70c8 .functor BUFZ 1, C4<z>; HiZ drive
v00000233d89dbd10_0 .net "rst", 0 0, o00000233d88f70c8;  0 drivers
v00000233d89dbdb0_0 .var "sreg", 143 0;
E_00000233d88f6210 .event posedge, v00000233d89dbd10_0, v00000233d88c2f70_0;
    .scope S_00000233d88c2830;
T_0 ;
    %wait E_00000233d88f6210;
    %load/vec4 v00000233d89dbd10_0;
    %flag_set/vec4 8;
    %jmp/0xz  T_0.0, 8;
    %pushi/vec4 0, 0, 144;
    %assign/vec4 v00000233d89dbdb0_0, 0;
    %pushi/vec4 0, 0, 144;
    %assign/vec4 v00000233d89dbc70_0, 0;
    %jmp T_0.1;
T_0.0 ;
    %load/vec4 v00000233d89d88b0_0;
    %flag_set/vec4 8;
    %jmp/0xz  T_0.2, 8;
    %load/vec4 v00000233d89dbdb0_0;
    %assign/vec4 v00000233d89dbc70_0, 0;
    %jmp T_0.3;
T_0.2 ;
    %load/vec4 v00000233d89dbdb0_0;
    %parti/s 128, 0, 2;
    %load/vec4 v00000233d89d8810_0;
    %concat/vec4; draw_concat_vec4
    %assign/vec4 v00000233d89dbdb0_0, 0;
T_0.3 ;
T_0.1 ;
    %jmp T_0;
    .thread T_0;
# The file index is used to find the file name in the following table.
:file_names 3;
    "N/A";
    "<interactive>";
    "sreg_sipo_9x16_bit.v";
