#! /c/Source/iverilog-install/bin/vvp
:ivl_version "12.0 (devel)" "(s20150603-1539-g2693dd32b)";
:ivl_delay_selection "TYPICAL";
:vpi_time_precision + 0;
:vpi_module "C:\iverilog\lib\ivl\system.vpi";
:vpi_module "C:\iverilog\lib\ivl\vhdl_sys.vpi";
:vpi_module "C:\iverilog\lib\ivl\vhdl_textio.vpi";
:vpi_module "C:\iverilog\lib\ivl\v2005_math.vpi";
:vpi_module "C:\iverilog\lib\ivl\va_math.vpi";
S_000001603a182940 .scope module, "sqrt" "sqrt" 2 1;
 .timescale 0 0;
    .port_info 0 /INPUT 1 "clk";
    .port_info 1 /INPUT 1 "start";
    .port_info 2 /OUTPUT 1 "busy";
    .port_info 3 /OUTPUT 1 "valid";
    .port_info 4 /INPUT 16 "rad";
    .port_info 5 /OUTPUT 16 "root";
    .port_info 6 /OUTPUT 16 "rem";
P_000001603a182ad0 .param/l "FBITS" 0 2 3, +C4<00000000000000000000000000001100>;
P_000001603a182b08 .param/l "ITER" 1 2 19, +C4<00000000000000000000000000001110>;
P_000001603a182b40 .param/l "WIDTH" 0 2 2, +C4<00000000000000000000000000010000>;
v000001603a182dc0_0 .var "ac", 17 0;
v000001603a183150_0 .var "ac_next", 17 0;
v000001603a182b80_0 .var "busy", 0 0;
o000001603a1be068 .functor BUFZ 1, C4<z>; HiZ drive
v000001603a12bcd0_0 .net "clk", 0 0, o000001603a1be068;  0 drivers
v000001603a12bd70_0 .var "i", 3 0;
v000001603a12be10_0 .var "q", 15 0;
v000001603a1b40d0_0 .var "q_next", 15 0;
o000001603a1be128 .functor BUFZ 16, C4<zzzzzzzzzzzzzzzz>; HiZ drive
v000001603a1b4170_0 .net "rad", 15 0, o000001603a1be128;  0 drivers
v000001603a1b4210_0 .var "rem", 15 0;
v000001603a1b42b0_0 .var "root", 15 0;
o000001603a1be1b8 .functor BUFZ 1, C4<z>; HiZ drive
v000001603a1b4350_0 .net "start", 0 0, o000001603a1be1b8;  0 drivers
v000001603a1b43f0_0 .var "test_res", 17 0;
v000001603a1b4490_0 .var "valid", 0 0;
v000001603a1b4530_0 .var "x", 15 0;
v000001603a1b45d0_0 .var "x_next", 15 0;
E_000001603a1bbae0 .event posedge, v000001603a12bcd0_0;
E_000001603a1bb9a0 .event anyedge, v000001603a182dc0_0, v000001603a12be10_0, v000001603a1b43f0_0, v000001603a1b4530_0;
    .scope S_000001603a182940;
T_0 ;
    %wait E_000001603a1bb9a0;
    %load/vec4 v000001603a182dc0_0;
    %load/vec4 v000001603a12be10_0;
    %concati/vec4 1, 0, 2;
    %sub;
    %store/vec4 v000001603a1b43f0_0, 0, 18;
    %load/vec4 v000001603a1b43f0_0;
    %parti/s 1, 17, 6;
    %cmpi/e 0, 0, 1;
    %jmp/0xz  T_0.0, 4;
    %load/vec4 v000001603a1b43f0_0;
    %parti/s 16, 0, 2;
    %load/vec4 v000001603a1b4530_0;
    %concat/vec4; draw_concat_vec4
    %concati/vec4 0, 0, 2;
    %split/vec4 16;
    %store/vec4 v000001603a1b45d0_0, 0, 16;
    %store/vec4 v000001603a183150_0, 0, 18;
    %load/vec4 v000001603a12be10_0;
    %parti/s 15, 0, 2;
    %concati/vec4 1, 0, 1;
    %store/vec4 v000001603a1b40d0_0, 0, 16;
    %jmp T_0.1;
T_0.0 ;
    %load/vec4 v000001603a182dc0_0;
    %parti/s 16, 0, 2;
    %load/vec4 v000001603a1b4530_0;
    %concat/vec4; draw_concat_vec4
    %concati/vec4 0, 0, 2;
    %split/vec4 16;
    %store/vec4 v000001603a1b45d0_0, 0, 16;
    %store/vec4 v000001603a183150_0, 0, 18;
    %load/vec4 v000001603a12be10_0;
    %ix/load 4, 1, 0;
    %flag_set/imm 4, 0;
    %shiftl 4;
    %store/vec4 v000001603a1b40d0_0, 0, 16;
T_0.1 ;
    %jmp T_0;
    .thread T_0, $push;
    .scope S_000001603a182940;
T_1 ;
    %wait E_000001603a1bbae0;
    %load/vec4 v000001603a1b4350_0;
    %flag_set/vec4 8;
    %jmp/0xz  T_1.0, 8;
    %pushi/vec4 1, 0, 1;
    %assign/vec4 v000001603a182b80_0, 0;
    %pushi/vec4 0, 0, 1;
    %assign/vec4 v000001603a1b4490_0, 0;
    %pushi/vec4 0, 0, 4;
    %assign/vec4 v000001603a12bd70_0, 0;
    %pushi/vec4 0, 0, 16;
    %assign/vec4 v000001603a12be10_0, 0;
    %pushi/vec4 0, 0, 16;
    %load/vec4 v000001603a1b4170_0;
    %concat/vec4; draw_concat_vec4
    %concati/vec4 0, 0, 2;
    %split/vec4 16;
    %assign/vec4 v000001603a1b4530_0, 0;
    %assign/vec4 v000001603a182dc0_0, 0;
    %jmp T_1.1;
T_1.0 ;
    %load/vec4 v000001603a182b80_0;
    %flag_set/vec4 8;
    %jmp/0xz  T_1.2, 8;
    %load/vec4 v000001603a12bd70_0;
    %pad/u 32;
    %cmpi/e 13, 0, 32;
    %jmp/0xz  T_1.4, 4;
    %pushi/vec4 0, 0, 1;
    %assign/vec4 v000001603a182b80_0, 0;
    %pushi/vec4 1, 0, 1;
    %assign/vec4 v000001603a1b4490_0, 0;
    %load/vec4 v000001603a1b40d0_0;
    %assign/vec4 v000001603a1b42b0_0, 0;
    %load/vec4 v000001603a183150_0;
    %parti/s 16, 2, 3;
    %assign/vec4 v000001603a1b4210_0, 0;
    %jmp T_1.5;
T_1.4 ;
    %load/vec4 v000001603a12bd70_0;
    %addi 1, 0, 4;
    %assign/vec4 v000001603a12bd70_0, 0;
    %load/vec4 v000001603a1b45d0_0;
    %assign/vec4 v000001603a1b4530_0, 0;
    %load/vec4 v000001603a183150_0;
    %assign/vec4 v000001603a182dc0_0, 0;
    %load/vec4 v000001603a1b40d0_0;
    %assign/vec4 v000001603a12be10_0, 0;
T_1.5 ;
T_1.2 ;
T_1.1 ;
    %jmp T_1;
    .thread T_1;
# The file index is used to find the file name in the following table.
:file_names 3;
    "N/A";
    "<interactive>";
    "sqrt.v";
