#! /c/Source/iverilog-install/bin/vvp
:ivl_version "12.0 (devel)" "(s20150603-1539-g2693dd32b)";
:ivl_delay_selection "TYPICAL";
:vpi_time_precision - 12;
:vpi_module "C:\iverilog\lib\ivl\system.vpi";
:vpi_module "C:\iverilog\lib\ivl\vhdl_sys.vpi";
:vpi_module "C:\iverilog\lib\ivl\vhdl_textio.vpi";
:vpi_module "C:\iverilog\lib\ivl\v2005_math.vpi";
:vpi_module "C:\iverilog\lib\ivl\va_math.vpi";
S_0000020f95b4d4d0 .scope module, "sqrt_tb" "sqrt_tb" 2 4;
 .timescale -9 -12;
P_0000020f95b4d660 .param/l "CLK_PERIOD" 0 2 6, +C4<00000000000000000000000000001010>;
P_0000020f95b4d698 .param/l "FBITS" 0 2 8, +C4<00000000000000000000000000001000>;
P_0000020f95b4d6d0 .param/real "SF" 0 2 9, Cr<m4000000000000000gfba>; value=0.00390625
P_0000020f95b4d708 .param/l "WIDTH" 0 2 7, +C4<00000000000000000000000000010000>;
v0000020f95ba6d00_0 .net "busy", 0 0, v0000020f95b3c300_0;  1 drivers
v0000020f95ba63a0_0 .var "clk", 0 0;
v0000020f95ba6f80_0 .var "rad", 15 0;
v0000020f95ba6120_0 .var/real "rad_real", 0 0;
v0000020f95ba6bc0_0 .net "rem", 15 0, v0000020f95b12c40_0;  1 drivers
v0000020f95ba6440_0 .net "root", 15 0, v0000020f95b441e0_0;  1 drivers
v0000020f95ba6580_0 .var/real "root_real", 0 0;
v0000020f95ba61c0_0 .var "start", 0 0;
v0000020f95ba6da0_0 .net "valid", 0 0, v0000020f95b443c0_0;  1 drivers
E_0000020f95b3bc80 .event anyedge, v0000020f95b12ba0_0, v0000020f95b441e0_0;
S_0000020f95b4d750 .scope module, "sqrt_inst" "sqrt" 2 23, 3 1 0, S_0000020f95b4d4d0;
 .timescale -9 -12;
    .port_info 0 /INPUT 1 "clk";
    .port_info 1 /INPUT 1 "start";
    .port_info 2 /OUTPUT 1 "busy";
    .port_info 3 /OUTPUT 1 "valid";
    .port_info 4 /INPUT 16 "rad";
    .port_info 5 /OUTPUT 16 "root";
    .port_info 6 /OUTPUT 16 "rem";
P_0000020f95b12870 .param/l "FBITS" 0 3 3, +C4<00000000000000000000000000001000>;
P_0000020f95b128a8 .param/l "ITER" 1 3 19, +C4<00000000000000000000000000001100>;
P_0000020f95b128e0 .param/l "WIDTH" 0 3 2, +C4<00000000000000000000000000010000>;
v0000020f95b12e20_0 .var "ac", 17 0;
v0000020f95b131b0_0 .var "ac_next", 17 0;
v0000020f95b3c300_0 .var "busy", 0 0;
v0000020f95b12920_0 .net "clk", 0 0, v0000020f95ba63a0_0;  1 drivers
v0000020f95b129c0_0 .var "i", 3 0;
v0000020f95b12a60_0 .var "q", 15 0;
v0000020f95b12b00_0 .var "q_next", 15 0;
v0000020f95b12ba0_0 .net "rad", 15 0, v0000020f95ba6f80_0;  1 drivers
v0000020f95b12c40_0 .var "rem", 15 0;
v0000020f95b441e0_0 .var "root", 15 0;
v0000020f95b44280_0 .net "start", 0 0, v0000020f95ba61c0_0;  1 drivers
v0000020f95b44320_0 .var "test_res", 17 0;
v0000020f95b443c0_0 .var "valid", 0 0;
v0000020f95b44460_0 .var "x", 15 0;
v0000020f95ba6260_0 .var "x_next", 15 0;
E_0000020f95b3b300 .event posedge, v0000020f95b12920_0;
E_0000020f95b3bcc0 .event anyedge, v0000020f95b12e20_0, v0000020f95b12a60_0, v0000020f95b44320_0, v0000020f95b44460_0;
    .scope S_0000020f95b4d750;
T_0 ;
    %wait E_0000020f95b3bcc0;
    %load/vec4 v0000020f95b12e20_0;
    %load/vec4 v0000020f95b12a60_0;
    %concati/vec4 1, 0, 2;
    %sub;
    %store/vec4 v0000020f95b44320_0, 0, 18;
    %load/vec4 v0000020f95b44320_0;
    %parti/s 1, 17, 6;
    %cmpi/e 0, 0, 1;
    %jmp/0xz  T_0.0, 4;
    %load/vec4 v0000020f95b44320_0;
    %parti/s 16, 0, 2;
    %load/vec4 v0000020f95b44460_0;
    %concat/vec4; draw_concat_vec4
    %concati/vec4 0, 0, 2;
    %split/vec4 16;
    %store/vec4 v0000020f95ba6260_0, 0, 16;
    %store/vec4 v0000020f95b131b0_0, 0, 18;
    %load/vec4 v0000020f95b12a60_0;
    %parti/s 15, 0, 2;
    %concati/vec4 1, 0, 1;
    %store/vec4 v0000020f95b12b00_0, 0, 16;
    %jmp T_0.1;
T_0.0 ;
    %load/vec4 v0000020f95b12e20_0;
    %parti/s 16, 0, 2;
    %load/vec4 v0000020f95b44460_0;
    %concat/vec4; draw_concat_vec4
    %concati/vec4 0, 0, 2;
    %split/vec4 16;
    %store/vec4 v0000020f95ba6260_0, 0, 16;
    %store/vec4 v0000020f95b131b0_0, 0, 18;
    %load/vec4 v0000020f95b12a60_0;
    %ix/load 4, 1, 0;
    %flag_set/imm 4, 0;
    %shiftl 4;
    %store/vec4 v0000020f95b12b00_0, 0, 16;
T_0.1 ;
    %jmp T_0;
    .thread T_0, $push;
    .scope S_0000020f95b4d750;
T_1 ;
    %wait E_0000020f95b3b300;
    %load/vec4 v0000020f95b44280_0;
    %flag_set/vec4 8;
    %jmp/0xz  T_1.0, 8;
    %pushi/vec4 1, 0, 1;
    %assign/vec4 v0000020f95b3c300_0, 0;
    %pushi/vec4 0, 0, 1;
    %assign/vec4 v0000020f95b443c0_0, 0;
    %pushi/vec4 0, 0, 4;
    %assign/vec4 v0000020f95b129c0_0, 0;
    %pushi/vec4 0, 0, 16;
    %assign/vec4 v0000020f95b12a60_0, 0;
    %pushi/vec4 0, 0, 16;
    %load/vec4 v0000020f95b12ba0_0;
    %concat/vec4; draw_concat_vec4
    %concati/vec4 0, 0, 2;
    %split/vec4 16;
    %assign/vec4 v0000020f95b44460_0, 0;
    %assign/vec4 v0000020f95b12e20_0, 0;
    %jmp T_1.1;
T_1.0 ;
    %load/vec4 v0000020f95b3c300_0;
    %flag_set/vec4 8;
    %jmp/0xz  T_1.2, 8;
    %load/vec4 v0000020f95b129c0_0;
    %pad/u 32;
    %cmpi/e 11, 0, 32;
    %jmp/0xz  T_1.4, 4;
    %pushi/vec4 0, 0, 1;
    %assign/vec4 v0000020f95b3c300_0, 0;
    %pushi/vec4 1, 0, 1;
    %assign/vec4 v0000020f95b443c0_0, 0;
    %load/vec4 v0000020f95b12b00_0;
    %assign/vec4 v0000020f95b441e0_0, 0;
    %load/vec4 v0000020f95b131b0_0;
    %parti/s 16, 2, 3;
    %assign/vec4 v0000020f95b12c40_0, 0;
    %jmp T_1.5;
T_1.4 ;
    %load/vec4 v0000020f95b129c0_0;
    %addi 1, 0, 4;
    %assign/vec4 v0000020f95b129c0_0, 0;
    %load/vec4 v0000020f95ba6260_0;
    %assign/vec4 v0000020f95b44460_0, 0;
    %load/vec4 v0000020f95b131b0_0;
    %assign/vec4 v0000020f95b12e20_0, 0;
    %load/vec4 v0000020f95b12b00_0;
    %assign/vec4 v0000020f95b12a60_0, 0;
T_1.5 ;
T_1.2 ;
T_1.1 ;
    %jmp T_1;
    .thread T_1;
    .scope S_0000020f95b4d4d0;
T_2 ;
    %delay 5000, 0;
    %load/vec4 v0000020f95ba63a0_0;
    %inv;
    %store/vec4 v0000020f95ba63a0_0, 0, 1;
    %jmp T_2;
    .thread T_2;
    .scope S_0000020f95b4d4d0;
T_3 ;
    %wait E_0000020f95b3bc80;
    %load/vec4 v0000020f95ba6f80_0;
    %cvt/rv;
    %pushi/real 1073741824, 4058; load=0.00390625
    %mul/wr;
    %store/real v0000020f95ba6120_0;
    %load/vec4 v0000020f95ba6440_0;
    %cvt/rv;
    %pushi/real 1073741824, 4058; load=0.00390625
    %mul/wr;
    %store/real v0000020f95ba6580_0;
    %jmp T_3;
    .thread T_3, $push;
    .scope S_0000020f95b4d4d0;
T_4 ;
    %vpi_call 2 42 "$dumpfile", "sqrt_tb.vcd" {0 0 0};
    %vpi_call 2 43 "$dumpvars", 32'sb00000000000000000000000000000000, S_0000020f95b4d4d0 {0 0 0};
    %vpi_call 2 45 "$monitor", "\011%d:\011sqrt(%f) = %b (%f) (rem = %b) (V=%b)", $time, v0000020f95ba6120_0, v0000020f95ba6440_0, v0000020f95ba6580_0, v0000020f95ba6bc0_0, v0000020f95ba6da0_0 {0 0 0};
    %end;
    .thread T_4;
    .scope S_0000020f95b4d4d0;
T_5 ;
    %pushi/vec4 1, 0, 1;
    %store/vec4 v0000020f95ba63a0_0, 0, 1;
    %pushi/vec4 0, 0, 1;
    %store/vec4 v0000020f95ba61c0_0, 0, 1;
    %delay 100000, 0;
    %pushi/vec4 59536, 0, 16;
    %store/vec4 v0000020f95ba6f80_0, 0, 16;
    %pushi/vec4 1, 0, 1;
    %store/vec4 v0000020f95ba61c0_0, 0, 1;
    %delay 10000, 0;
    %pushi/vec4 0, 0, 1;
    %store/vec4 v0000020f95ba61c0_0, 0, 1;
    %delay 120000, 0;
    %pushi/vec4 64, 0, 16;
    %store/vec4 v0000020f95ba6f80_0, 0, 16;
    %pushi/vec4 1, 0, 1;
    %store/vec4 v0000020f95ba61c0_0, 0, 1;
    %delay 10000, 0;
    %pushi/vec4 0, 0, 1;
    %store/vec4 v0000020f95ba61c0_0, 0, 1;
    %delay 120000, 0;
    %pushi/vec4 512, 0, 16;
    %store/vec4 v0000020f95ba6f80_0, 0, 16;
    %pushi/vec4 1, 0, 1;
    %store/vec4 v0000020f95ba61c0_0, 0, 1;
    %delay 10000, 0;
    %pushi/vec4 0, 0, 1;
    %store/vec4 v0000020f95ba61c0_0, 0, 1;
    %delay 120000, 0;
    %vpi_call 2 65 "$finish" {0 0 0};
    %end;
    .thread T_5;
# The file index is used to find the file name in the following table.
:file_names 4;
    "N/A";
    "<interactive>";
    "sqrt_tb.v";
    "./sqrt.v";
