#! /c/Source/iverilog-install/bin/vvp
:ivl_version "12.0 (devel)" "(s20150603-1539-g2693dd32b)";
:ivl_delay_selection "TYPICAL";
:vpi_time_precision + 0;
:vpi_module "C:\iverilog\lib\ivl\system.vpi";
:vpi_module "C:\iverilog\lib\ivl\vhdl_sys.vpi";
:vpi_module "C:\iverilog\lib\ivl\vhdl_textio.vpi";
:vpi_module "C:\iverilog\lib\ivl\v2005_math.vpi";
:vpi_module "C:\iverilog\lib\ivl\va_math.vpi";
S_000001e4cb9827f0 .scope module, "sreg_piso_9_bit" "sreg_piso_9_bit" 2 1;
 .timescale 0 0;
    .port_info 0 /INPUT 1 "clk";
    .port_info 1 /INPUT 1 "rst";
    .port_info 2 /INPUT 1 "load";
    .port_info 3 /INPUT 9 "in_parallel";
    .port_info 4 /OUTPUT 1 "out_serial";
P_000001e4cb96c700 .param/l "WIDTH" 0 2 2, +C4<00000000000000000000000000001001>;
o000001e4cb9b6fb8 .functor BUFZ 1, C4<z>; HiZ drive
v000001e4cb982fe0_0 .net "clk", 0 0, o000001e4cb9b6fb8;  0 drivers
o000001e4cb9b6fe8 .functor BUFZ 9, C4<zzzzzzzzz>; HiZ drive
v000001e4cb96ef00_0 .net "in_parallel", 8 0, o000001e4cb9b6fe8;  0 drivers
o000001e4cb9b7018 .functor BUFZ 1, C4<z>; HiZ drive
v000001e4cb982980_0 .net "load", 0 0, o000001e4cb9b7018;  0 drivers
v000001e4cb982a20_0 .net "out_serial", 0 0, L_000001e4cb982c00;  1 drivers
o000001e4cb9b7078 .functor BUFZ 1, C4<z>; HiZ drive
v000001e4cb982ac0_0 .net "rst", 0 0, o000001e4cb9b7078;  0 drivers
v000001e4cb982b60_0 .var "sreg", 8 0;
E_000001e4cb96cb40 .event posedge, v000001e4cb982ac0_0, v000001e4cb982fe0_0;
L_000001e4cb982c00 .part v000001e4cb982b60_0, 0, 1;
    .scope S_000001e4cb9827f0;
T_0 ;
    %wait E_000001e4cb96cb40;
    %load/vec4 v000001e4cb982ac0_0;
    %flag_set/vec4 8;
    %jmp/0xz  T_0.0, 8;
    %pushi/vec4 0, 0, 9;
    %assign/vec4 v000001e4cb982b60_0, 0;
    %jmp T_0.1;
T_0.0 ;
    %load/vec4 v000001e4cb982980_0;
    %flag_set/vec4 8;
    %jmp/0xz  T_0.2, 8;
    %load/vec4 v000001e4cb96ef00_0;
    %assign/vec4 v000001e4cb982b60_0, 0;
    %jmp T_0.3;
T_0.2 ;
    %pushi/vec4 0, 0, 1;
    %load/vec4 v000001e4cb982b60_0;
    %parti/s 8, 1, 2;
    %concat/vec4; draw_concat_vec4
    %assign/vec4 v000001e4cb982b60_0, 0;
T_0.3 ;
T_0.1 ;
    %jmp T_0;
    .thread T_0;
# The file index is used to find the file name in the following table.
:file_names 3;
    "N/A";
    "<interactive>";
    "sreg_piso_9_bit.v";
