#! /c/Source/iverilog-install/bin/vvp
:ivl_version "12.0 (devel)" "(s20150603-1539-g2693dd32b)";
:ivl_delay_selection "TYPICAL";
:vpi_time_precision - 12;
:vpi_module "C:\iverilog\lib\ivl\system.vpi";
:vpi_module "C:\iverilog\lib\ivl\vhdl_sys.vpi";
:vpi_module "C:\iverilog\lib\ivl\vhdl_textio.vpi";
:vpi_module "C:\iverilog\lib\ivl\v2005_math.vpi";
:vpi_module "C:\iverilog\lib\ivl\va_math.vpi";
S_0000025d19641b20 .scope module, "tb_multiplier_fixed_point_16_bit" "tb_multiplier_fixed_point_16_bit" 2 4;
 .timescale -12 -12;
P_0000025d195f2f50 .param/l "N" 0 2 5, +C4<00000000000000000000000000010000>;
P_0000025d195f2f88 .param/l "Q" 0 2 5, +C4<00000000000000000000000000001100>;
v0000025d1969d950_0 .var "clk", 0 0;
v0000025d1969d810_0 .net "of", 0 0, L_0000025d196af040;  1 drivers
v0000025d1969d270_0 .var "start", 0 0;
v0000025d1969d8b0_0 .var "x1", 15 0;
v0000025d1969c4b0_0 .var "x2", 15 0;
v0000025d1969d450_0 .net "y", 15 0, L_0000025d196b0760;  1 drivers
S_0000025d1962f010 .scope module, "comp1" "multiplier_fixed_point_16_bit" 2 12, 3 2 0, S_0000025d19641b20;
 .timescale -9 -12;
    .port_info 0 /INPUT 1 "clk";
    .port_info 1 /INPUT 1 "start";
    .port_info 2 /INPUT 16 "a";
    .port_info 3 /INPUT 16 "b";
    .port_info 4 /OUTPUT 16 "q_result";
    .port_info 5 /OUTPUT 1 "overflow";
    .port_info 6 /OUTPUT 1 "busy";
P_0000025d19641880 .param/l "N" 0 3 5, +C4<00000000000000000000000000010000>;
P_0000025d196418b8 .param/l "Q" 0 3 4, +C4<00000000000000000000000000001100>;
P_0000025d196418f0 .param/l "STATE_0" 0 3 6, C4<00>;
P_0000025d19641928 .param/l "STATE_1" 0 3 7, C4<01>;
L_0000025d19635e90 .functor OR 1, L_0000025d196af9a0, L_0000025d196b0580, C4<0>, C4<0>;
L_0000025d19635480 .functor XOR 1, L_0000025d196afd60, L_0000025d196afc20, C4<0>, C4<0>;
L_0000025d19770088 .functor BUFT 1, C4<00>, C4<0>, C4<0>, C4<0>;
v0000025d19637cf0_0 .net/2u *"_ivl_0", 1 0, L_0000025d19770088;  1 drivers
v0000025d196379d0_0 .net *"_ivl_10", 0 0, L_0000025d1969dd10;  1 drivers
L_0000025d19770508 .functor BUFT 1, C4<01>, C4<0>, C4<0>, C4<0>;
v0000025d19637610_0 .net/2u *"_ivl_100", 1 0, L_0000025d19770508;  1 drivers
v0000025d19637c50_0 .net *"_ivl_102", 0 0, L_0000025d196afae0;  1 drivers
v0000025d196376b0_0 .net *"_ivl_105", 3 0, L_0000025d196b0260;  1 drivers
v0000025d19637750_0 .net *"_ivl_106", 31 0, L_0000025d196afe00;  1 drivers
L_0000025d19770550 .functor BUFT 1, C4<0000000000000000000000000000>, C4<0>, C4<0>, C4<0>;
v0000025d19637d90_0 .net *"_ivl_109", 27 0, L_0000025d19770550;  1 drivers
L_0000025d19770598 .functor BUFT 1, C4<00000000000000000000000000000000>, C4<0>, C4<0>, C4<0>;
v0000025d196365d0_0 .net/2u *"_ivl_110", 31 0, L_0000025d19770598;  1 drivers
v0000025d19637e30_0 .net *"_ivl_112", 0 0, L_0000025d196aebe0;  1 drivers
L_0000025d197705e0 .functor BUFT 1, C4<1>, C4<0>, C4<0>, C4<0>;
v0000025d19637ed0_0 .net/2u *"_ivl_114", 0 0, L_0000025d197705e0;  1 drivers
L_0000025d19770628 .functor BUFT 1, C4<0>, C4<0>, C4<0>, C4<0>;
v0000025d19636670_0 .net/2u *"_ivl_116", 0 0, L_0000025d19770628;  1 drivers
v0000025d19637070_0 .net *"_ivl_118", 0 0, L_0000025d196b0300;  1 drivers
L_0000025d19770160 .functor BUFT 1, C4<01>, C4<0>, C4<0>, C4<0>;
v0000025d196360d0_0 .net/2s *"_ivl_12", 1 0, L_0000025d19770160;  1 drivers
L_0000025d19770670 .functor BUFT 1, C4<01>, C4<0>, C4<0>, C4<0>;
v0000025d19636490_0 .net/2u *"_ivl_122", 1 0, L_0000025d19770670;  1 drivers
v0000025d19636170_0 .net *"_ivl_124", 0 0, L_0000025d196b04e0;  1 drivers
v0000025d19636710_0 .net *"_ivl_127", 14 0, L_0000025d196b03a0;  1 drivers
L_0000025d197706b8 .functor BUFT 1, C4<01>, C4<0>, C4<0>, C4<0>;
v0000025d196368f0_0 .net/2u *"_ivl_130", 1 0, L_0000025d197706b8;  1 drivers
v0000025d19636990_0 .net *"_ivl_132", 0 0, L_0000025d196b0620;  1 drivers
L_0000025d19770700 .functor BUFT 1, C4<111111111111111>, C4<0>, C4<0>, C4<0>;
v0000025d19636ad0_0 .net/2u *"_ivl_134", 14 0, L_0000025d19770700;  1 drivers
v0000025d19636c10_0 .net *"_ivl_136", 14 0, L_0000025d196af720;  1 drivers
L_0000025d19770748 .functor BUFT 1, C4<000000000000001>, C4<0>, C4<0>, C4<0>;
v0000025d19636d50_0 .net/2u *"_ivl_138", 14 0, L_0000025d19770748;  1 drivers
L_0000025d197701a8 .functor BUFT 1, C4<00>, C4<0>, C4<0>, C4<0>;
v0000025d19636df0_0 .net/2s *"_ivl_14", 1 0, L_0000025d197701a8;  1 drivers
v0000025d19636e90_0 .net *"_ivl_140", 14 0, L_0000025d196afa40;  1 drivers
L_0000025d19770790 .functor BUFT 1, C4<01>, C4<0>, C4<0>, C4<0>;
v0000025d196371b0_0 .net/2u *"_ivl_146", 1 0, L_0000025d19770790;  1 drivers
v0000025d19637250_0 .net *"_ivl_148", 0 0, L_0000025d196afb80;  1 drivers
v0000025d1969b0d0_0 .net *"_ivl_151", 0 0, L_0000025d196aed20;  1 drivers
L_0000025d197707d8 .functor BUFT 1, C4<0000000000000000>, C4<0>, C4<0>, C4<0>;
v0000025d19699ff0_0 .net/2u *"_ivl_152", 15 0, L_0000025d197707d8;  1 drivers
v0000025d1969adb0_0 .net *"_ivl_154", 0 0, L_0000025d196af9a0;  1 drivers
L_0000025d19770820 .functor BUFT 1, C4<0000000000000000>, C4<0>, C4<0>, C4<0>;
v0000025d1969a950_0 .net/2u *"_ivl_156", 15 0, L_0000025d19770820;  1 drivers
v0000025d1969aa90_0 .net *"_ivl_158", 0 0, L_0000025d196b0580;  1 drivers
v0000025d1969a450_0 .net *"_ivl_16", 1 0, L_0000025d1969ddb0;  1 drivers
v0000025d1969ab30_0 .net *"_ivl_160", 0 0, L_0000025d19635e90;  1 drivers
L_0000025d19770868 .functor BUFT 1, C4<0>, C4<0>, C4<0>, C4<0>;
v0000025d1969a1d0_0 .net/2u *"_ivl_162", 0 0, L_0000025d19770868;  1 drivers
v0000025d1969a9f0_0 .net *"_ivl_165", 0 0, L_0000025d196afd60;  1 drivers
v0000025d1969abd0_0 .net *"_ivl_167", 0 0, L_0000025d196afc20;  1 drivers
v0000025d1969a770_0 .net *"_ivl_168", 0 0, L_0000025d19635480;  1 drivers
v0000025d1969af90_0 .net *"_ivl_170", 0 0, L_0000025d196b06c0;  1 drivers
v0000025d19699f50_0 .net *"_ivl_172", 0 0, L_0000025d196afea0;  1 drivers
L_0000025d197708b0 .functor BUFT 1, C4<01>, C4<0>, C4<0>, C4<0>;
v0000025d1969a090_0 .net/2u *"_ivl_177", 1 0, L_0000025d197708b0;  1 drivers
v0000025d1969b490_0 .net *"_ivl_179", 0 0, L_0000025d196b09e0;  1 drivers
v0000025d19699eb0_0 .net *"_ivl_182", 14 0, L_0000025d196aec80;  1 drivers
v0000025d1969a310_0 .net *"_ivl_184", 0 0, L_0000025d196af7c0;  1 drivers
v0000025d1969a130_0 .net *"_ivl_185", 14 0, L_0000025d196af180;  1 drivers
v0000025d1969ac70_0 .net *"_ivl_187", 14 0, L_0000025d196aff40;  1 drivers
v0000025d1969ad10_0 .net *"_ivl_2", 0 0, L_0000025d1969cf50;  1 drivers
L_0000025d197701f0 .functor BUFT 1, C4<00>, C4<0>, C4<0>, C4<0>;
v0000025d1969b210_0 .net/2u *"_ivl_20", 1 0, L_0000025d197701f0;  1 drivers
v0000025d1969ae50_0 .net *"_ivl_22", 0 0, L_0000025d1969c230;  1 drivers
v0000025d1969a3b0_0 .net *"_ivl_25", 14 0, L_0000025d1969c190;  1 drivers
v0000025d1969a270_0 .net *"_ivl_26", 31 0, L_0000025d1969ccd0;  1 drivers
L_0000025d19770238 .functor BUFT 1, C4<00000000000000000>, C4<0>, C4<0>, C4<0>;
v0000025d1969a810_0 .net *"_ivl_29", 16 0, L_0000025d19770238;  1 drivers
v0000025d1969b2b0_0 .net *"_ivl_31", 14 0, L_0000025d1969cd70;  1 drivers
v0000025d1969aef0_0 .net *"_ivl_32", 31 0, L_0000025d1969c5f0;  1 drivers
L_0000025d19770280 .functor BUFT 1, C4<00000000000000000>, C4<0>, C4<0>, C4<0>;
v0000025d1969a4f0_0 .net *"_ivl_35", 16 0, L_0000025d19770280;  1 drivers
v0000025d1969b030_0 .net *"_ivl_37", 31 0, L_0000025d1969c690;  1 drivers
L_0000025d197700d0 .functor BUFT 1, C4<01>, C4<0>, C4<0>, C4<0>;
v0000025d19699cd0_0 .net/2u *"_ivl_4", 1 0, L_0000025d197700d0;  1 drivers
L_0000025d197702c8 .functor BUFT 1, C4<00>, C4<0>, C4<0>, C4<0>;
v0000025d1969a630_0 .net/2u *"_ivl_40", 1 0, L_0000025d197702c8;  1 drivers
v0000025d1969b350_0 .net *"_ivl_42", 0 0, L_0000025d1969bf10;  1 drivers
v0000025d1969b8f0_0 .net *"_ivl_45", 0 0, L_0000025d1969da90;  1 drivers
L_0000025d19770310 .functor BUFT 1, C4<111111111111111>, C4<0>, C4<0>, C4<0>;
v0000025d1969b170_0 .net/2u *"_ivl_46", 14 0, L_0000025d19770310;  1 drivers
v0000025d1969b850_0 .net *"_ivl_49", 14 0, L_0000025d1969c730;  1 drivers
v0000025d1969b5d0_0 .net *"_ivl_50", 14 0, L_0000025d1969db30;  1 drivers
L_0000025d19770358 .functor BUFT 1, C4<000000000000001>, C4<0>, C4<0>, C4<0>;
v0000025d1969a6d0_0 .net/2u *"_ivl_52", 14 0, L_0000025d19770358;  1 drivers
v0000025d1969b990_0 .net *"_ivl_54", 14 0, L_0000025d1969d090;  1 drivers
v0000025d1969b670_0 .net *"_ivl_56", 15 0, L_0000025d1969c7d0;  1 drivers
L_0000025d197703a0 .functor BUFT 1, C4<00>, C4<0>, C4<0>, C4<0>;
v0000025d1969b3f0_0 .net/2u *"_ivl_60", 1 0, L_0000025d197703a0;  1 drivers
v0000025d1969a8b0_0 .net *"_ivl_62", 0 0, L_0000025d1969c910;  1 drivers
v0000025d1969b530_0 .net *"_ivl_65", 0 0, L_0000025d1969c9b0;  1 drivers
L_0000025d197703e8 .functor BUFT 1, C4<111111111111111>, C4<0>, C4<0>, C4<0>;
v0000025d1969a590_0 .net/2u *"_ivl_66", 14 0, L_0000025d197703e8;  1 drivers
v0000025d1969b710_0 .net *"_ivl_69", 14 0, L_0000025d196aeb40;  1 drivers
v0000025d1969b7b0_0 .net *"_ivl_70", 14 0, L_0000025d196aef00;  1 drivers
L_0000025d19770430 .functor BUFT 1, C4<000000000000001>, C4<0>, C4<0>, C4<0>;
v0000025d19699af0_0 .net/2u *"_ivl_72", 14 0, L_0000025d19770430;  1 drivers
v0000025d19699b90_0 .net *"_ivl_74", 14 0, L_0000025d196b0440;  1 drivers
v0000025d19699c30_0 .net *"_ivl_76", 15 0, L_0000025d196b0800;  1 drivers
L_0000025d19770118 .functor BUFT 1, C4<00>, C4<0>, C4<0>, C4<0>;
v0000025d19699d70_0 .net/2u *"_ivl_8", 1 0, L_0000025d19770118;  1 drivers
L_0000025d19770478 .functor BUFT 1, C4<00>, C4<0>, C4<0>, C4<0>;
v0000025d19699e10_0 .net/2u *"_ivl_80", 1 0, L_0000025d19770478;  1 drivers
v0000025d1969d130_0 .net *"_ivl_82", 0 0, L_0000025d196b0940;  1 drivers
v0000025d1969c2d0_0 .net *"_ivl_85", 0 0, L_0000025d196b08a0;  1 drivers
v0000025d1969d630_0 .net *"_ivl_86", 15 0, L_0000025d196b0120;  1 drivers
L_0000025d197704c0 .functor BUFT 1, C4<00>, C4<0>, C4<0>, C4<0>;
v0000025d1969cb90_0 .net/2u *"_ivl_90", 1 0, L_0000025d197704c0;  1 drivers
v0000025d1969d770_0 .net *"_ivl_92", 0 0, L_0000025d196afcc0;  1 drivers
v0000025d1969bfb0_0 .net *"_ivl_95", 0 0, L_0000025d196af0e0;  1 drivers
v0000025d1969ca50_0 .net *"_ivl_96", 15 0, L_0000025d196aefa0;  1 drivers
v0000025d1969c050_0 .net "a", 15 0, v0000025d1969d8b0_0;  1 drivers
v0000025d1969d1d0_0 .net "a_2cmp", 15 0, L_0000025d1969d310;  1 drivers
v0000025d1969caf0_0 .net "b", 15 0, v0000025d1969c4b0_0;  1 drivers
v0000025d1969d6d0_0 .net "b_2cmp", 15 0, L_0000025d196b0080;  1 drivers
v0000025d1969cff0_0 .net "busy", 0 0, L_0000025d1969c550;  1 drivers
v0000025d1969ce10_0 .net "clk", 0 0, v0000025d1969d950_0;  1 drivers
v0000025d1969ceb0_0 .net "f_result", 31 0, L_0000025d1969d9f0;  1 drivers
v0000025d1969c370_0 .net "multiplicand", 15 0, L_0000025d196af4a0;  1 drivers
v0000025d1969c0f0_0 .net "multiplier", 15 0, L_0000025d196b01c0;  1 drivers
v0000025d1969dc70_0 .net "nextState", 1 0, L_0000025d1969d590;  1 drivers
v0000025d1969c410_0 .net "overflow", 0 0, L_0000025d196af040;  alias, 1 drivers
v0000025d1969dbd0_0 .net "q_result", 15 0, L_0000025d196b0760;  alias, 1 drivers
v0000025d1969d3b0_0 .net "quantized_result", 14 0, L_0000025d196affe0;  1 drivers
v0000025d1969c870_0 .net "quantized_result_2cmp", 14 0, L_0000025d196af900;  1 drivers
v0000025d1969cc30_0 .net "start", 0 0, v0000025d1969d270_0;  1 drivers
v0000025d1969d4f0_0 .var "state", 1 0;
E_0000025d1963b1e0 .event posedge, v0000025d1969ce10_0;
L_0000025d1969cf50 .cmp/eq 2, v0000025d1969d4f0_0, L_0000025d19770088;
L_0000025d1969d590 .functor MUXZ 2, v0000025d1969d4f0_0, L_0000025d197700d0, L_0000025d1969cf50, C4<>;
L_0000025d1969dd10 .cmp/eq 2, v0000025d1969d4f0_0, L_0000025d19770118;
L_0000025d1969ddb0 .functor MUXZ 2, L_0000025d197701a8, L_0000025d19770160, L_0000025d1969dd10, C4<>;
L_0000025d1969c550 .part L_0000025d1969ddb0, 0, 1;
L_0000025d1969c230 .cmp/eq 2, v0000025d1969d4f0_0, L_0000025d197701f0;
L_0000025d1969c190 .part L_0000025d196af4a0, 0, 15;
L_0000025d1969ccd0 .concat [ 15 17 0 0], L_0000025d1969c190, L_0000025d19770238;
L_0000025d1969cd70 .part L_0000025d196b01c0, 0, 15;
L_0000025d1969c5f0 .concat [ 15 17 0 0], L_0000025d1969cd70, L_0000025d19770280;
L_0000025d1969c690 .arith/mult 32, L_0000025d1969ccd0, L_0000025d1969c5f0;
L_0000025d1969d9f0 .functor MUXZ 32, L_0000025d1969d9f0, L_0000025d1969c690, L_0000025d1969c230, C4<>;
L_0000025d1969bf10 .cmp/eq 2, v0000025d1969d4f0_0, L_0000025d197702c8;
L_0000025d1969da90 .part v0000025d1969d8b0_0, 15, 1;
L_0000025d1969c730 .part v0000025d1969d8b0_0, 0, 15;
L_0000025d1969db30 .arith/sub 15, L_0000025d19770310, L_0000025d1969c730;
L_0000025d1969d090 .arith/sum 15, L_0000025d1969db30, L_0000025d19770358;
L_0000025d1969c7d0 .concat [ 15 1 0 0], L_0000025d1969d090, L_0000025d1969da90;
L_0000025d1969d310 .functor MUXZ 16, L_0000025d1969d310, L_0000025d1969c7d0, L_0000025d1969bf10, C4<>;
L_0000025d1969c910 .cmp/eq 2, v0000025d1969d4f0_0, L_0000025d197703a0;
L_0000025d1969c9b0 .part v0000025d1969c4b0_0, 15, 1;
L_0000025d196aeb40 .part v0000025d1969c4b0_0, 0, 15;
L_0000025d196aef00 .arith/sub 15, L_0000025d197703e8, L_0000025d196aeb40;
L_0000025d196b0440 .arith/sum 15, L_0000025d196aef00, L_0000025d19770430;
L_0000025d196b0800 .concat [ 15 1 0 0], L_0000025d196b0440, L_0000025d1969c9b0;
L_0000025d196b0080 .functor MUXZ 16, L_0000025d196b0080, L_0000025d196b0800, L_0000025d1969c910, C4<>;
L_0000025d196b0940 .cmp/ne 2, v0000025d1969d4f0_0, L_0000025d19770478;
L_0000025d196b08a0 .part v0000025d1969d8b0_0, 15, 1;
L_0000025d196b0120 .functor MUXZ 16, v0000025d1969d8b0_0, L_0000025d1969d310, L_0000025d196b08a0, C4<>;
L_0000025d196af4a0 .functor MUXZ 16, L_0000025d196b0120, L_0000025d196af4a0, L_0000025d196b0940, C4<>;
L_0000025d196afcc0 .cmp/ne 2, v0000025d1969d4f0_0, L_0000025d197704c0;
L_0000025d196af0e0 .part v0000025d1969c4b0_0, 15, 1;
L_0000025d196aefa0 .functor MUXZ 16, v0000025d1969c4b0_0, L_0000025d196b0080, L_0000025d196af0e0, C4<>;
L_0000025d196b01c0 .functor MUXZ 16, L_0000025d196aefa0, L_0000025d196b01c0, L_0000025d196afcc0, C4<>;
L_0000025d196afae0 .cmp/ne 2, v0000025d1969d4f0_0, L_0000025d19770508;
L_0000025d196b0260 .part L_0000025d1969d9f0, 27, 4;
L_0000025d196afe00 .concat [ 4 28 0 0], L_0000025d196b0260, L_0000025d19770550;
L_0000025d196aebe0 .cmp/gt 32, L_0000025d196afe00, L_0000025d19770598;
L_0000025d196b0300 .functor MUXZ 1, L_0000025d19770628, L_0000025d197705e0, L_0000025d196aebe0, C4<>;
L_0000025d196af040 .functor MUXZ 1, L_0000025d196b0300, L_0000025d196af040, L_0000025d196afae0, C4<>;
L_0000025d196b04e0 .cmp/ne 2, v0000025d1969d4f0_0, L_0000025d19770670;
L_0000025d196b03a0 .part L_0000025d1969d9f0, 12, 15;
L_0000025d196affe0 .functor MUXZ 15, L_0000025d196b03a0, L_0000025d196affe0, L_0000025d196b04e0, C4<>;
L_0000025d196b0620 .cmp/ne 2, v0000025d1969d4f0_0, L_0000025d197706b8;
L_0000025d196af720 .arith/sub 15, L_0000025d19770700, L_0000025d196affe0;
L_0000025d196afa40 .arith/sum 15, L_0000025d196af720, L_0000025d19770748;
L_0000025d196af900 .functor MUXZ 15, L_0000025d196afa40, L_0000025d196af900, L_0000025d196b0620, C4<>;
L_0000025d196afb80 .cmp/ne 2, v0000025d1969d4f0_0, L_0000025d19770790;
L_0000025d196aed20 .part L_0000025d196b0760, 15, 1;
L_0000025d196af9a0 .cmp/eq 16, v0000025d1969d8b0_0, L_0000025d197707d8;
L_0000025d196b0580 .cmp/eq 16, v0000025d1969c4b0_0, L_0000025d19770820;
L_0000025d196afd60 .part v0000025d1969d8b0_0, 15, 1;
L_0000025d196afc20 .part v0000025d1969c4b0_0, 15, 1;
L_0000025d196b06c0 .functor MUXZ 1, L_0000025d19635480, L_0000025d19770868, L_0000025d19635e90, C4<>;
L_0000025d196afea0 .functor MUXZ 1, L_0000025d196b06c0, L_0000025d196aed20, L_0000025d196afb80, C4<>;
L_0000025d196b0760 .concat8 [ 15 1 0 0], L_0000025d196aff40, L_0000025d196afea0;
L_0000025d196b09e0 .cmp/ne 2, v0000025d1969d4f0_0, L_0000025d197708b0;
L_0000025d196aec80 .part L_0000025d196b0760, 0, 15;
L_0000025d196af7c0 .part L_0000025d196b0760, 15, 1;
L_0000025d196af180 .functor MUXZ 15, L_0000025d196affe0, L_0000025d196af900, L_0000025d196af7c0, C4<>;
L_0000025d196aff40 .functor MUXZ 15, L_0000025d196af180, L_0000025d196aec80, L_0000025d196b09e0, C4<>;
    .scope S_0000025d1962f010;
T_0 ;
    %wait E_0000025d1963b1e0;
    %load/vec4 v0000025d1969cc30_0;
    %flag_set/vec4 8;
    %jmp/0xz  T_0.0, 8;
    %pushi/vec4 0, 0, 2;
    %assign/vec4 v0000025d1969d4f0_0, 0;
    %jmp T_0.1;
T_0.0 ;
    %load/vec4 v0000025d1969dc70_0;
    %assign/vec4 v0000025d1969d4f0_0, 0;
T_0.1 ;
    %jmp T_0;
    .thread T_0;
    .scope S_0000025d19641b20;
T_1 ;
    %delay 5, 0;
    %load/vec4 v0000025d1969d950_0;
    %inv;
    %store/vec4 v0000025d1969d950_0, 0, 1;
    %jmp T_1;
    .thread T_1;
    .scope S_0000025d19641b20;
T_2 ;
    %vpi_call 2 26 "$dumpfile", "tb_multiplier_fixed_point_16_bit.vcd" {0 0 0};
    %vpi_call 2 27 "$dumpvars", 32'sb00000000000000000000000000000000, S_0000025d19641b20 {0 0 0};
    %pushi/vec4 1, 0, 1;
    %store/vec4 v0000025d1969d270_0, 0, 1;
    %pushi/vec4 0, 0, 1;
    %store/vec4 v0000025d1969d950_0, 0, 1;
    %pushi/vec4 4096, 0, 16;
    %store/vec4 v0000025d1969d8b0_0, 0, 16;
    %pushi/vec4 12294, 0, 16;
    %store/vec4 v0000025d1969c4b0_0, 0, 16;
    %delay 10, 0;
    %pushi/vec4 0, 0, 1;
    %store/vec4 v0000025d1969d270_0, 0, 1;
    %delay 10, 0;
    %vpi_call 2 35 "$display", "result=%0b", v0000025d1969d450_0 {0 0 0};
    %delay 10, 0;
    %vpi_call 2 36 "$finish" {0 0 0};
    %end;
    .thread T_2;
# The file index is used to find the file name in the following table.
:file_names 4;
    "N/A";
    "<interactive>";
    "tb_multiplier_fixed_point_16_bit.v";
    "./multiplier_fixed_point_16_bit.v";
