#! /c/Source/iverilog-install/bin/vvp
:ivl_version "12.0 (devel)" "(s20150603-1539-g2693dd32b)";
:ivl_delay_selection "TYPICAL";
:vpi_time_precision - 12;
:vpi_module "C:\iverilog\lib\ivl\system.vpi";
:vpi_module "C:\iverilog\lib\ivl\vhdl_sys.vpi";
:vpi_module "C:\iverilog\lib\ivl\vhdl_textio.vpi";
:vpi_module "C:\iverilog\lib\ivl\v2005_math.vpi";
:vpi_module "C:\iverilog\lib\ivl\va_math.vpi";
S_000002cd815d7150 .scope module, "tb_adder_9x16_bit" "tb_adder_9x16_bit" 2 4;
 .timescale -12 -12;
P_000002cd815d6570 .param/l "WIDTH" 0 2 5, +C4<00000000000000000000000000010000>;
v000002cd816300e0_0 .var "in1", 15 0;
v000002cd81630ae0_0 .var "in2", 15 0;
v000002cd81630360_0 .var "in3", 15 0;
v000002cd81630ea0_0 .var "in4", 15 0;
v000002cd81630540_0 .var "in5", 15 0;
v000002cd81630b80_0 .var "in6", 15 0;
v000002cd81630680_0 .var "in7", 15 0;
v000002cd816305e0_0 .var "in8", 15 0;
v000002cd81630f40_0 .var "in9", 15 0;
v000002cd81630720_0 .net "out", 15 0, L_000002cd81630040;  1 drivers
S_000002cd816fc980 .scope module, "adder" "adder_9x16_bit" 2 9, 3 1 0, S_000002cd815d7150;
 .timescale 0 0;
    .port_info 0 /INPUT 16 "in1";
    .port_info 1 /INPUT 16 "in2";
    .port_info 2 /INPUT 16 "in3";
    .port_info 3 /INPUT 16 "in4";
    .port_info 4 /INPUT 16 "in5";
    .port_info 5 /INPUT 16 "in6";
    .port_info 6 /INPUT 16 "in7";
    .port_info 7 /INPUT 16 "in8";
    .port_info 8 /INPUT 16 "in9";
    .port_info 9 /OUTPUT 16 "out";
P_000002cd815d64b0 .param/l "WIDTH" 0 3 2, +C4<00000000000000000000000000010000>;
v000002cd815b2e20_0 .net *"_ivl_0", 15 0, L_000002cd816307c0;  1 drivers
v000002cd815b2c70_0 .net *"_ivl_10", 15 0, L_000002cd816309a0;  1 drivers
v000002cd816fcb10_0 .net *"_ivl_12", 15 0, L_000002cd81630e00;  1 drivers
v000002cd816fcbb0_0 .net *"_ivl_2", 15 0, L_000002cd81630180;  1 drivers
v000002cd816fcc50_0 .net *"_ivl_4", 15 0, L_000002cd81630860;  1 drivers
v000002cd816fccf0_0 .net *"_ivl_6", 15 0, L_000002cd81630900;  1 drivers
v000002cd815e3e20_0 .net *"_ivl_8", 15 0, L_000002cd81630220;  1 drivers
v000002cd815e3ec0_0 .net "in1", 15 0, v000002cd816300e0_0;  1 drivers
v000002cd815e3f60_0 .net "in2", 15 0, v000002cd81630ae0_0;  1 drivers
v000002cd815e4000_0 .net "in3", 15 0, v000002cd81630360_0;  1 drivers
v000002cd815e40a0_0 .net "in4", 15 0, v000002cd81630ea0_0;  1 drivers
v000002cd815e4140_0 .net "in5", 15 0, v000002cd81630540_0;  1 drivers
v000002cd815e41e0_0 .net "in6", 15 0, v000002cd81630b80_0;  1 drivers
v000002cd815e4280_0 .net "in7", 15 0, v000002cd81630680_0;  1 drivers
v000002cd815e4320_0 .net "in8", 15 0, v000002cd816305e0_0;  1 drivers
v000002cd815e43c0_0 .net "in9", 15 0, v000002cd81630f40_0;  1 drivers
v000002cd815e4460_0 .net "out", 15 0, L_000002cd81630040;  alias, 1 drivers
L_000002cd816307c0 .arith/sum 16, v000002cd816300e0_0, v000002cd81630ae0_0;
L_000002cd81630180 .arith/sum 16, L_000002cd816307c0, v000002cd81630360_0;
L_000002cd81630860 .arith/sum 16, L_000002cd81630180, v000002cd81630ea0_0;
L_000002cd81630900 .arith/sum 16, L_000002cd81630860, v000002cd81630540_0;
L_000002cd81630220 .arith/sum 16, L_000002cd81630900, v000002cd81630b80_0;
L_000002cd816309a0 .arith/sum 16, L_000002cd81630220, v000002cd81630680_0;
L_000002cd81630e00 .arith/sum 16, L_000002cd816309a0, v000002cd816305e0_0;
L_000002cd81630040 .arith/sum 16, L_000002cd81630e00, v000002cd81630f40_0;
    .scope S_000002cd815d7150;
T_0 ;
    %vpi_call 2 24 "$dumpfile", "tb_adder_9x16_bit.vcd" {0 0 0};
    %vpi_call 2 25 "$dumpvars", 32'sb00000000000000000000000000000000, S_000002cd815d7150 {0 0 0};
    %pushi/vec4 4096, 0, 16;
    %store/vec4 v000002cd816300e0_0, 0, 16;
    %pushi/vec4 4096, 0, 16;
    %store/vec4 v000002cd81630ae0_0, 0, 16;
    %pushi/vec4 4096, 0, 16;
    %store/vec4 v000002cd81630360_0, 0, 16;
    %pushi/vec4 4096, 0, 16;
    %store/vec4 v000002cd81630ea0_0, 0, 16;
    %pushi/vec4 4096, 0, 16;
    %store/vec4 v000002cd81630540_0, 0, 16;
    %pushi/vec4 4096, 0, 16;
    %store/vec4 v000002cd81630b80_0, 0, 16;
    %pushi/vec4 4096, 0, 16;
    %store/vec4 v000002cd81630680_0, 0, 16;
    %pushi/vec4 4096, 0, 16;
    %store/vec4 v000002cd816305e0_0, 0, 16;
    %pushi/vec4 4096, 0, 16;
    %store/vec4 v000002cd81630f40_0, 0, 16;
    %delay 10, 0;
    %end;
    .thread T_0;
# The file index is used to find the file name in the following table.
:file_names 4;
    "N/A";
    "<interactive>";
    "tb_adder_9x16_bit.v";
    "./adder_9x16_bit.v";
