#! /c/Source/iverilog-install/bin/vvp
:ivl_version "12.0 (devel)" "(s20150603-1539-g2693dd32b)";
:ivl_delay_selection "TYPICAL";
:vpi_time_precision - 12;
:vpi_module "C:\iverilog\lib\ivl\system.vpi";
:vpi_module "C:\iverilog\lib\ivl\vhdl_sys.vpi";
:vpi_module "C:\iverilog\lib\ivl\vhdl_textio.vpi";
:vpi_module "C:\iverilog\lib\ivl\v2005_math.vpi";
:vpi_module "C:\iverilog\lib\ivl\va_math.vpi";
S_0000016848312bf0 .scope module, "multiplier_fixed_point_16_bit" "multiplier_fixed_point_16_bit" 2 6;
 .timescale -9 -12;
    .port_info 0 /INPUT 16 "a";
    .port_info 1 /INPUT 16 "b";
    .port_info 2 /OUTPUT 16 "q_result";
    .port_info 3 /OUTPUT 1 "overflow";
P_0000016848313090 .param/l "N" 0 2 9, +C4<00000000000000000000000000010000>;
P_00000168483130c8 .param/l "Q" 0 2 8, +C4<00000000000000000000000000001100>;
L_0000016848336b20 .functor OR 1, L_00000168483ee850, L_00000168483ece10, C4<0>, C4<0>;
L_0000016848336880 .functor XOR 1, L_00000168483ee7b0, L_00000168483edf90, C4<0>, C4<0>;
v000001684833ade0_0 .net *"_ivl_1", 0 0, L_00000168483a3c70;  1 drivers
v000001684833b1a0_0 .net *"_ivl_10", 14 0, L_00000168483eceb0;  1 drivers
L_00000168483a4e88 .functor BUFT 1, C4<0>, C4<0>, C4<0>, C4<0>;
v000001684833aa20_0 .net/2u *"_ivl_101", 0 0, L_00000168483a4e88;  1 drivers
v000001684833ab60_0 .net *"_ivl_15", 0 0, L_00000168483ee710;  1 drivers
L_00000168483a4b28 .functor BUFT 1, C4<111111111111111>, C4<0>, C4<0>, C4<0>;
v000001684833b060_0 .net/2u *"_ivl_16", 14 0, L_00000168483a4b28;  1 drivers
v00000168483a29b0_0 .net *"_ivl_19", 14 0, L_00000168483ecd70;  1 drivers
L_00000168483a4a98 .functor BUFT 1, C4<111111111111111>, C4<0>, C4<0>, C4<0>;
v00000168483a2b90_0 .net/2u *"_ivl_2", 14 0, L_00000168483a4a98;  1 drivers
v00000168483a3ef0_0 .net *"_ivl_20", 14 0, L_00000168483eda90;  1 drivers
L_00000168483a4b70 .functor BUFT 1, C4<000000000000001>, C4<0>, C4<0>, C4<0>;
v00000168483a3090_0 .net/2u *"_ivl_22", 14 0, L_00000168483a4b70;  1 drivers
v00000168483a2870_0 .net *"_ivl_24", 14 0, L_00000168483edef0;  1 drivers
v00000168483a3f90_0 .net *"_ivl_29", 0 0, L_00000168483ed310;  1 drivers
v00000168483a3a90_0 .net *"_ivl_33", 0 0, L_00000168483ecf50;  1 drivers
L_00000168483a4bb8 .functor BUFT 1, C4<0000000000000000>, C4<0>, C4<0>, C4<0>;
v00000168483a2ff0_0 .net/2u *"_ivl_38", 15 0, L_00000168483a4bb8;  1 drivers
v00000168483a3810_0 .net *"_ivl_40", 0 0, L_00000168483ee850;  1 drivers
L_00000168483a4c00 .functor BUFT 1, C4<0000000000000000>, C4<0>, C4<0>, C4<0>;
v00000168483a2690_0 .net/2u *"_ivl_42", 15 0, L_00000168483a4c00;  1 drivers
v00000168483a2a50_0 .net *"_ivl_44", 0 0, L_00000168483ece10;  1 drivers
v00000168483a3130_0 .net *"_ivl_46", 0 0, L_0000016848336b20;  1 drivers
L_00000168483a4c48 .functor BUFT 1, C4<0>, C4<0>, C4<0>, C4<0>;
v00000168483a25f0_0 .net/2u *"_ivl_48", 0 0, L_00000168483a4c48;  1 drivers
v00000168483a2730_0 .net *"_ivl_5", 14 0, L_00000168483a3d10;  1 drivers
v00000168483a3e50_0 .net *"_ivl_51", 0 0, L_00000168483ee7b0;  1 drivers
v00000168483a4030_0 .net *"_ivl_53", 0 0, L_00000168483edf90;  1 drivers
v00000168483a3450_0 .net *"_ivl_54", 0 0, L_0000016848336880;  1 drivers
v00000168483a40d0_0 .net *"_ivl_56", 0 0, L_00000168483ecff0;  1 drivers
v00000168483a3b30_0 .net *"_ivl_59", 14 0, L_00000168483ee8f0;  1 drivers
v00000168483a4170_0 .net *"_ivl_6", 14 0, L_00000168483ed590;  1 drivers
v00000168483a31d0_0 .net *"_ivl_60", 31 0, L_00000168483ee030;  1 drivers
L_00000168483a4c90 .functor BUFT 1, C4<00000000000000000>, C4<0>, C4<0>, C4<0>;
v00000168483a3270_0 .net *"_ivl_63", 16 0, L_00000168483a4c90;  1 drivers
v00000168483a4210_0 .net *"_ivl_65", 14 0, L_00000168483ed090;  1 drivers
v00000168483a3bd0_0 .net *"_ivl_66", 31 0, L_00000168483ed8b0;  1 drivers
L_00000168483a4cd8 .functor BUFT 1, C4<00000000000000000>, C4<0>, C4<0>, C4<0>;
v00000168483a27d0_0 .net *"_ivl_69", 16 0, L_00000168483a4cd8;  1 drivers
L_00000168483a4d20 .functor BUFT 1, C4<111111111111111>, C4<0>, C4<0>, C4<0>;
v00000168483a3db0_0 .net/2u *"_ivl_74", 14 0, L_00000168483a4d20;  1 drivers
v00000168483a24b0_0 .net *"_ivl_76", 14 0, L_00000168483ed6d0;  1 drivers
L_00000168483a4d68 .functor BUFT 1, C4<000000000000001>, C4<0>, C4<0>, C4<0>;
v00000168483a3310_0 .net/2u *"_ivl_78", 14 0, L_00000168483a4d68;  1 drivers
L_00000168483a4ae0 .functor BUFT 1, C4<000000000000001>, C4<0>, C4<0>, C4<0>;
v00000168483a42b0_0 .net/2u *"_ivl_8", 14 0, L_00000168483a4ae0;  1 drivers
v00000168483a2910_0 .net *"_ivl_86", 0 0, L_00000168483ecaf0;  1 drivers
v00000168483a4350_0 .net *"_ivl_87", 14 0, L_00000168483ed770;  1 drivers
v00000168483a36d0_0 .net *"_ivl_90", 3 0, L_00000168483ee210;  1 drivers
v00000168483a2af0_0 .net *"_ivl_91", 31 0, L_00000168483ee2b0;  1 drivers
L_00000168483a4db0 .functor BUFT 1, C4<0000000000000000000000000000>, C4<0>, C4<0>, C4<0>;
v00000168483a2550_0 .net *"_ivl_94", 27 0, L_00000168483a4db0;  1 drivers
L_00000168483a4df8 .functor BUFT 1, C4<00000000000000000000000000000000>, C4<0>, C4<0>, C4<0>;
v00000168483a2c30_0 .net/2u *"_ivl_95", 31 0, L_00000168483a4df8;  1 drivers
v00000168483a2cd0_0 .net *"_ivl_97", 0 0, L_00000168483ee5d0;  1 drivers
L_00000168483a4e40 .functor BUFT 1, C4<1>, C4<0>, C4<0>, C4<0>;
v00000168483a2d70_0 .net/2u *"_ivl_99", 0 0, L_00000168483a4e40;  1 drivers
o000001684834c758 .functor BUFZ 16, C4<zzzzzzzzzzzzzzzz>; HiZ drive
v00000168483a2e10_0 .net "a", 15 0, o000001684834c758;  0 drivers
v00000168483a2f50_0 .net "a_2cmp", 15 0, L_00000168483ee670;  1 drivers
o000001684834c7b8 .functor BUFZ 16, C4<zzzzzzzzzzzzzzzz>; HiZ drive
v00000168483a2eb0_0 .net "b", 15 0, o000001684834c7b8;  0 drivers
v00000168483a33b0_0 .net "b_2cmp", 15 0, L_00000168483edb30;  1 drivers
v00000168483a34f0_0 .net "f_result", 31 0, L_00000168483ee490;  1 drivers
v00000168483a3590_0 .net "multiplicand", 15 0, L_00000168483ee170;  1 drivers
v00000168483a3630_0 .net "multiplier", 15 0, L_00000168483ed810;  1 drivers
v00000168483a3770_0 .net "overflow", 0 0, L_00000168483ed950;  1 drivers
v00000168483a38b0_0 .net "q_result", 15 0, L_00000168483ee0d0;  1 drivers
v00000168483a3950_0 .net "quantized_result", 14 0, L_00000168483ee990;  1 drivers
v00000168483a39f0_0 .net "quantized_result_2cmp", 14 0, L_00000168483ee350;  1 drivers
L_00000168483a3c70 .part o000001684834c758, 15, 1;
L_00000168483a3d10 .part o000001684834c758, 0, 15;
L_00000168483ed590 .arith/sub 15, L_00000168483a4a98, L_00000168483a3d10;
L_00000168483eceb0 .arith/sum 15, L_00000168483ed590, L_00000168483a4ae0;
L_00000168483ee670 .concat [ 15 1 0 0], L_00000168483eceb0, L_00000168483a3c70;
L_00000168483ee710 .part o000001684834c7b8, 15, 1;
L_00000168483ecd70 .part o000001684834c7b8, 0, 15;
L_00000168483eda90 .arith/sub 15, L_00000168483a4b28, L_00000168483ecd70;
L_00000168483edef0 .arith/sum 15, L_00000168483eda90, L_00000168483a4b70;
L_00000168483edb30 .concat [ 15 1 0 0], L_00000168483edef0, L_00000168483ee710;
L_00000168483ed310 .part o000001684834c758, 15, 1;
L_00000168483ee170 .functor MUXZ 16, o000001684834c758, L_00000168483ee670, L_00000168483ed310, C4<>;
L_00000168483ecf50 .part o000001684834c7b8, 15, 1;
L_00000168483ed810 .functor MUXZ 16, o000001684834c7b8, L_00000168483edb30, L_00000168483ecf50, C4<>;
L_00000168483ee850 .cmp/eq 16, o000001684834c758, L_00000168483a4bb8;
L_00000168483ece10 .cmp/eq 16, o000001684834c7b8, L_00000168483a4c00;
L_00000168483ee7b0 .part o000001684834c758, 15, 1;
L_00000168483edf90 .part o000001684834c7b8, 15, 1;
L_00000168483ecff0 .functor MUXZ 1, L_0000016848336880, L_00000168483a4c48, L_0000016848336b20, C4<>;
L_00000168483ee8f0 .part L_00000168483ee170, 0, 15;
L_00000168483ee030 .concat [ 15 17 0 0], L_00000168483ee8f0, L_00000168483a4c90;
L_00000168483ed090 .part L_00000168483ed810, 0, 15;
L_00000168483ed8b0 .concat [ 15 17 0 0], L_00000168483ed090, L_00000168483a4cd8;
L_00000168483ee490 .arith/mult 32, L_00000168483ee030, L_00000168483ed8b0;
L_00000168483ee990 .part L_00000168483ee490, 12, 15;
L_00000168483ed6d0 .arith/sub 15, L_00000168483a4d20, L_00000168483ee990;
L_00000168483ee350 .arith/sum 15, L_00000168483ed6d0, L_00000168483a4d68;
L_00000168483ee0d0 .concat8 [ 15 1 0 0], L_00000168483ed770, L_00000168483ecff0;
L_00000168483ecaf0 .part L_00000168483ee0d0, 15, 1;
L_00000168483ed770 .functor MUXZ 15, L_00000168483ee990, L_00000168483ee350, L_00000168483ecaf0, C4<>;
L_00000168483ee210 .part L_00000168483ee490, 27, 4;
L_00000168483ee2b0 .concat [ 4 28 0 0], L_00000168483ee210, L_00000168483a4db0;
L_00000168483ee5d0 .cmp/gt 32, L_00000168483ee2b0, L_00000168483a4df8;
L_00000168483ed950 .functor MUXZ 1, L_00000168483a4e88, L_00000168483a4e40, L_00000168483ee5d0, C4<>;
# The file index is used to find the file name in the following table.
:file_names 3;
    "N/A";
    "<interactive>";
    "multiplier_fixed_point_16_bit.v";
