#! /c/Source/iverilog-install/bin/vvp
:ivl_version "12.0 (devel)" "(s20150603-1539-g2693dd32b)";
:ivl_delay_selection "TYPICAL";
:vpi_time_precision - 12;
:vpi_module "C:\iverilog\lib\ivl\system.vpi";
:vpi_module "C:\iverilog\lib\ivl\vhdl_sys.vpi";
:vpi_module "C:\iverilog\lib\ivl\vhdl_textio.vpi";
:vpi_module "C:\iverilog\lib\ivl\v2005_math.vpi";
:vpi_module "C:\iverilog\lib\ivl\va_math.vpi";
S_0000020f981974d0 .scope module, "softplus_16_bit" "softplus_16_bit" 2 4;
 .timescale -9 -12;
    .port_info 0 /INPUT 1 "clk";
    .port_info 1 /INPUT 1 "start";
    .port_info 2 /INPUT 16 "x";
    .port_info 3 /OUTPUT 16 "y";
P_0000020f982253f0 .param/l "N" 0 2 6, +C4<00000000000000000000000000010000>;
P_0000020f98225428 .param/l "Q" 0 2 7, +C4<00000000000000000000000000001100>;
P_0000020f98225460 .param/l "STATE_0" 0 2 9, C4<0>;
P_0000020f98225498 .param/l "STATE_1" 0 2 10, C4<1>;
P_0000020f982254d0 .param/l "abscissas_1" 0 2 12, C4<1010000000000000>;
P_0000020f98225508 .param/l "abscissas_2" 0 2 13, C4<1011100000000000>;
P_0000020f98225540 .param/l "abscissas_3" 0 2 14, C4<1101000000000000>;
P_0000020f98225578 .param/l "abscissas_4" 0 2 15, C4<1110100000000000>;
P_0000020f982255b0 .param/l "abscissas_5" 0 2 16, C4<0000000000000000>;
P_0000020f982255e8 .param/l "abscissas_6" 0 2 17, C4<0001100000000000>;
P_0000020f98225620 .param/l "abscissas_7" 0 2 18, C4<0011000000000000>;
P_0000020f98225658 .param/l "abscissas_8" 0 2 19, C4<0100100000000000>;
P_0000020f98225690 .param/l "abscissas_9" 0 2 20, C4<0110000000000000>;
P_0000020f982256c8 .param/l "intersect_1" 0 2 31, C4<0000000010010110>;
P_0000020f98225700 .param/l "intersect_2" 0 2 32, C4<0000000111111010>;
P_0000020f98225738 .param/l "intersect_3" 0 2 33, C4<0000010110101010>;
P_0000020f98225770 .param/l "intersect_4" 0 2 34, C4<0000101100010111>;
P_0000020f982257a8 .param/l "intersect_5" 0 2 35, C4<0000101100010111>;
P_0000020f982257e0 .param/l "intersect_6" 0 2 36, C4<0000010110101010>;
P_0000020f98225818 .param/l "intersect_7" 0 2 37, C4<0000000111111010>;
P_0000020f98225850 .param/l "intersect_8" 0 2 38, C4<0000000010010110>;
P_0000020f98225888 .param/l "slope_1" 0 2 22, C4<0000000000010111>;
P_0000020f982258c0 .param/l "slope_2" 0 2 23, C4<0000000001100110>;
P_0000020f982258f8 .param/l "slope_3" 0 2 24, C4<0000000110100001>;
P_0000020f98225930 .param/l "slope_4" 0 2 25, C4<0000010100111110>;
P_0000020f98225968 .param/l "slope_5" 0 2 26, C4<0000101011000001>;
P_0000020f982259a0 .param/l "slope_6" 0 2 27, C4<0000111001011110>;
P_0000020f982259d8 .param/l "slope_7" 0 2 28, C4<0000111110011001>;
P_0000020f98225a10 .param/l "slope_8" 0 2 29, C4<0000111111101000>;
L_0000020f98291fb0 .functor BUFT 1, C4<0>, C4<0>, C4<0>, C4<0>;
L_0000020f98301420 .functor XNOR 1, v0000020f9828e400_0, L_0000020f98291fb0, C4<0>, C4<0>;
L_0000020f98292040 .functor BUFT 1, C4<0>, C4<0>, C4<0>, C4<0>;
L_0000020f98301490 .functor XOR 1, v0000020f9828e400_0, L_0000020f98292040, C4<0>, C4<0>;
L_0000020f98292358 .functor BUFT 1, C4<0>, C4<0>, C4<0>, C4<0>;
L_0000020f98301500 .functor XOR 1, v0000020f9828e400_0, L_0000020f98292358, C4<0>, C4<0>;
L_0000020f98292670 .functor BUFT 1, C4<1>, C4<0>, C4<0>, C4<0>;
L_0000020f98301570 .functor XNOR 1, v0000020f9828e400_0, L_0000020f98292670, C4<0>, C4<0>;
v0000020f9828c920_0 .net *"_ivl_100", 15 0, L_0000020f982fd520;  1 drivers
v0000020f9828c4c0_0 .net *"_ivl_102", 15 0, L_0000020f982fe2e0;  1 drivers
v0000020f9828d640_0 .net *"_ivl_104", 15 0, L_0000020f982fde80;  1 drivers
v0000020f9828bf20_0 .net *"_ivl_106", 15 0, L_0000020f982fbe00;  1 drivers
v0000020f9828d460_0 .net *"_ivl_108", 15 0, L_0000020f982fca80;  1 drivers
v0000020f9828c2e0_0 .net *"_ivl_110", 15 0, L_0000020f982fbea0;  1 drivers
v0000020f9828c240_0 .net/2u *"_ivl_114", 0 0, L_0000020f98292670;  1 drivers
v0000020f9828cf60_0 .net *"_ivl_116", 0 0, L_0000020f98301570;  1 drivers
v0000020f9828daa0_0 .net *"_ivl_118", 15 0, L_0000020f982fdf20;  1 drivers
v0000020f9828d820_0 .net/2u *"_ivl_18", 0 0, L_0000020f98291fb0;  1 drivers
v0000020f9828c6a0_0 .net *"_ivl_20", 0 0, L_0000020f98301420;  1 drivers
L_0000020f98291ff8 .functor BUFT 1, C4<1>, C4<0>, C4<0>, C4<0>;
v0000020f9828d6e0_0 .net/2u *"_ivl_22", 0 0, L_0000020f98291ff8;  1 drivers
v0000020f9828d8c0_0 .net/2u *"_ivl_26", 0 0, L_0000020f98292040;  1 drivers
v0000020f9828b8e0_0 .net *"_ivl_28", 0 0, L_0000020f98301490;  1 drivers
L_0000020f98292088 .functor BUFT 1, C4<0000000000000000>, C4<0>, C4<0>, C4<0>;
v0000020f9828b700_0 .net/2u *"_ivl_30", 15 0, L_0000020f98292088;  1 drivers
L_0000020f982920d0 .functor BUFT 1, C4<0000111111101000>, C4<0>, C4<0>, C4<0>;
v0000020f9828c420_0 .net/2u *"_ivl_32", 15 0, L_0000020f982920d0;  1 drivers
L_0000020f98292118 .functor BUFT 1, C4<0000111110011001>, C4<0>, C4<0>, C4<0>;
v0000020f9828ba20_0 .net/2u *"_ivl_34", 15 0, L_0000020f98292118;  1 drivers
L_0000020f98292160 .functor BUFT 1, C4<0000111001011110>, C4<0>, C4<0>, C4<0>;
v0000020f9828bd40_0 .net/2u *"_ivl_36", 15 0, L_0000020f98292160;  1 drivers
L_0000020f982921a8 .functor BUFT 1, C4<0000101011000001>, C4<0>, C4<0>, C4<0>;
v0000020f9828b980_0 .net/2u *"_ivl_38", 15 0, L_0000020f982921a8;  1 drivers
L_0000020f982921f0 .functor BUFT 1, C4<0000010100111110>, C4<0>, C4<0>, C4<0>;
v0000020f9828cd80_0 .net/2u *"_ivl_40", 15 0, L_0000020f982921f0;  1 drivers
L_0000020f98292238 .functor BUFT 1, C4<0000000110100001>, C4<0>, C4<0>, C4<0>;
v0000020f9828d780_0 .net/2u *"_ivl_42", 15 0, L_0000020f98292238;  1 drivers
L_0000020f98292280 .functor BUFT 1, C4<0000000001100110>, C4<0>, C4<0>, C4<0>;
v0000020f9828ce20_0 .net/2u *"_ivl_44", 15 0, L_0000020f98292280;  1 drivers
L_0000020f982922c8 .functor BUFT 1, C4<0000000000010111>, C4<0>, C4<0>, C4<0>;
v0000020f9828bfc0_0 .net/2u *"_ivl_46", 15 0, L_0000020f982922c8;  1 drivers
L_0000020f98292310 .functor BUFT 1, C4<0000000000000000>, C4<0>, C4<0>, C4<0>;
v0000020f9828d960_0 .net/2u *"_ivl_48", 15 0, L_0000020f98292310;  1 drivers
v0000020f9828b5c0_0 .net *"_ivl_50", 15 0, L_0000020f982fd2a0;  1 drivers
v0000020f9828b660_0 .net *"_ivl_52", 15 0, L_0000020f982fcbc0;  1 drivers
v0000020f9828bde0_0 .net *"_ivl_54", 15 0, L_0000020f982fd160;  1 drivers
v0000020f9828c380_0 .net *"_ivl_56", 15 0, L_0000020f982fdb60;  1 drivers
v0000020f9828cce0_0 .net *"_ivl_58", 15 0, L_0000020f982fc6c0;  1 drivers
v0000020f9828c560_0 .net *"_ivl_60", 15 0, L_0000020f982fcda0;  1 drivers
v0000020f9828b7a0_0 .net *"_ivl_62", 15 0, L_0000020f982fd7a0;  1 drivers
v0000020f9828c740_0 .net *"_ivl_64", 15 0, L_0000020f982fe380;  1 drivers
v0000020f9828da00_0 .net *"_ivl_66", 15 0, L_0000020f982fdd40;  1 drivers
v0000020f9828db40_0 .net/2u *"_ivl_70", 0 0, L_0000020f98292358;  1 drivers
v0000020f9828b840_0 .net *"_ivl_72", 0 0, L_0000020f98301500;  1 drivers
L_0000020f982923a0 .functor BUFT 1, C4<0001000000000000>, C4<0>, C4<0>, C4<0>;
v0000020f9828cec0_0 .net/2u *"_ivl_74", 15 0, L_0000020f982923a0;  1 drivers
L_0000020f982923e8 .functor BUFT 1, C4<0000000010010110>, C4<0>, C4<0>, C4<0>;
v0000020f9828dbe0_0 .net/2u *"_ivl_76", 15 0, L_0000020f982923e8;  1 drivers
L_0000020f98292430 .functor BUFT 1, C4<0000000111111010>, C4<0>, C4<0>, C4<0>;
v0000020f9828c600_0 .net/2u *"_ivl_78", 15 0, L_0000020f98292430;  1 drivers
L_0000020f98292478 .functor BUFT 1, C4<0000010110101010>, C4<0>, C4<0>, C4<0>;
v0000020f9828dc80_0 .net/2u *"_ivl_80", 15 0, L_0000020f98292478;  1 drivers
L_0000020f982924c0 .functor BUFT 1, C4<0000101100010111>, C4<0>, C4<0>, C4<0>;
v0000020f9828c7e0_0 .net/2u *"_ivl_82", 15 0, L_0000020f982924c0;  1 drivers
L_0000020f98292508 .functor BUFT 1, C4<0000101100010111>, C4<0>, C4<0>, C4<0>;
v0000020f9828c880_0 .net/2u *"_ivl_84", 15 0, L_0000020f98292508;  1 drivers
L_0000020f98292550 .functor BUFT 1, C4<0000010110101010>, C4<0>, C4<0>, C4<0>;
v0000020f9828d320_0 .net/2u *"_ivl_86", 15 0, L_0000020f98292550;  1 drivers
L_0000020f98292598 .functor BUFT 1, C4<0000000111111010>, C4<0>, C4<0>, C4<0>;
v0000020f9828dd20_0 .net/2u *"_ivl_88", 15 0, L_0000020f98292598;  1 drivers
L_0000020f982925e0 .functor BUFT 1, C4<0000000010010110>, C4<0>, C4<0>, C4<0>;
v0000020f9828bac0_0 .net/2u *"_ivl_90", 15 0, L_0000020f982925e0;  1 drivers
L_0000020f98292628 .functor BUFT 1, C4<0000000000000000>, C4<0>, C4<0>, C4<0>;
v0000020f9828bc00_0 .net/2u *"_ivl_92", 15 0, L_0000020f98292628;  1 drivers
v0000020f9828c060_0 .net *"_ivl_94", 15 0, L_0000020f982fdde0;  1 drivers
v0000020f9828bb60_0 .net *"_ivl_96", 15 0, L_0000020f982fc4e0;  1 drivers
v0000020f9828c100_0 .net *"_ivl_98", 15 0, L_0000020f982fd200;  1 drivers
o0000020f982410d8 .functor BUFZ 1, C4<z>; HiZ drive
v0000020f9828c1a0_0 .net "clk", 0 0, o0000020f982410d8;  0 drivers
v0000020f9828d5a0_0 .net "intersect", 15 0, L_0000020f982fdc00;  1 drivers
v0000020f9828c9c0_0 .net "nextState", 0 0, L_0000020f982fbd60;  1 drivers
v0000020f9828ca60_0 .net "res_mult", 15 0, L_0000020f982fbfe0;  1 drivers
v0000020f9828cb00_0 .net "seg_1", 0 0, L_0000020f982ed9c0;  1 drivers
v0000020f9828cba0_0 .net "seg_2", 0 0, L_0000020f982eeaa0;  1 drivers
v0000020f9828d280_0 .net "seg_3", 0 0, L_0000020f982ecca0;  1 drivers
v0000020f9828d3c0_0 .net "seg_4", 0 0, L_0000020f982ec160;  1 drivers
v0000020f9828cc40_0 .net "seg_5", 0 0, L_0000020f982ed100;  1 drivers
v0000020f9828d000_0 .net "seg_6", 0 0, L_0000020f982e95a0;  1 drivers
v0000020f9828d0a0_0 .net "seg_7", 0 0, L_0000020f982ea720;  1 drivers
v0000020f9828d140_0 .net "seg_8", 0 0, L_0000020f982ea9a0;  1 drivers
v0000020f9828d1e0_0 .net "seg_9", 0 0, L_0000020f9828e220;  1 drivers
v0000020f9828d500_0 .net "slope", 15 0, L_0000020f982fd340;  1 drivers
o0000020f98241288 .functor BUFZ 1, C4<z>; HiZ drive
v0000020f9828e5e0_0 .net "start", 0 0, o0000020f98241288;  0 drivers
v0000020f9828e400_0 .var "state", 0 0;
o0000020f98241048 .functor BUFZ 16, C4<zzzzzzzzzzzzzzzz>; HiZ drive
v0000020f9828e360_0 .net "x", 15 0, o0000020f98241048;  0 drivers
v0000020f9828eae0_0 .net "y", 15 0, L_0000020f982fe100;  1 drivers
L_0000020f982fbd60 .functor MUXZ 1, v0000020f9828e400_0, L_0000020f98291ff8, L_0000020f98301420, C4<>;
L_0000020f982fd2a0 .functor MUXZ 16, L_0000020f98292310, L_0000020f982922c8, L_0000020f982ed9c0, C4<>;
L_0000020f982fcbc0 .functor MUXZ 16, L_0000020f982fd2a0, L_0000020f98292280, L_0000020f982eeaa0, C4<>;
L_0000020f982fd160 .functor MUXZ 16, L_0000020f982fcbc0, L_0000020f98292238, L_0000020f982ecca0, C4<>;
L_0000020f982fdb60 .functor MUXZ 16, L_0000020f982fd160, L_0000020f982921f0, L_0000020f982ec160, C4<>;
L_0000020f982fc6c0 .functor MUXZ 16, L_0000020f982fdb60, L_0000020f982921a8, L_0000020f982ed100, C4<>;
L_0000020f982fcda0 .functor MUXZ 16, L_0000020f982fc6c0, L_0000020f98292160, L_0000020f982e95a0, C4<>;
L_0000020f982fd7a0 .functor MUXZ 16, L_0000020f982fcda0, L_0000020f98292118, L_0000020f982ea720, C4<>;
L_0000020f982fe380 .functor MUXZ 16, L_0000020f982fd7a0, L_0000020f982920d0, L_0000020f982ea9a0, C4<>;
L_0000020f982fdd40 .functor MUXZ 16, L_0000020f982fe380, L_0000020f98292088, L_0000020f9828e220, C4<>;
L_0000020f982fd340 .functor MUXZ 16, L_0000020f982fdd40, L_0000020f982fd340, L_0000020f98301490, C4<>;
L_0000020f982fdde0 .functor MUXZ 16, L_0000020f98292628, L_0000020f982925e0, L_0000020f982ed9c0, C4<>;
L_0000020f982fc4e0 .functor MUXZ 16, L_0000020f982fdde0, L_0000020f98292598, L_0000020f982eeaa0, C4<>;
L_0000020f982fd200 .functor MUXZ 16, L_0000020f982fc4e0, L_0000020f98292550, L_0000020f982ecca0, C4<>;
L_0000020f982fd520 .functor MUXZ 16, L_0000020f982fd200, L_0000020f98292508, L_0000020f982ec160, C4<>;
L_0000020f982fe2e0 .functor MUXZ 16, L_0000020f982fd520, L_0000020f982924c0, L_0000020f982ed100, C4<>;
L_0000020f982fde80 .functor MUXZ 16, L_0000020f982fe2e0, L_0000020f98292478, L_0000020f982e95a0, C4<>;
L_0000020f982fbe00 .functor MUXZ 16, L_0000020f982fde80, L_0000020f98292430, L_0000020f982ea720, C4<>;
L_0000020f982fca80 .functor MUXZ 16, L_0000020f982fbe00, L_0000020f982923e8, L_0000020f982ea9a0, C4<>;
L_0000020f982fbea0 .functor MUXZ 16, L_0000020f982fca80, L_0000020f982923a0, L_0000020f9828e220, C4<>;
L_0000020f982fdc00 .functor MUXZ 16, L_0000020f982fbea0, L_0000020f982fdc00, L_0000020f98301500, C4<>;
L_0000020f982fdf20 .arith/sum 16, L_0000020f982fbfe0, L_0000020f982fdc00;
L_0000020f982fe100 .functor MUXZ 16, L_0000020f982fe100, L_0000020f982fdf20, L_0000020f98301570, C4<>;
S_0000020f98197660 .scope module, "m1" "multiplier_fixed_point_16_bit" 2 113, 3 2 0, S_0000020f981974d0;
 .timescale -9 -12;
    .port_info 0 /INPUT 1 "clk";
    .port_info 1 /INPUT 1 "start";
    .port_info 2 /INPUT 16 "a";
    .port_info 3 /INPUT 16 "b";
    .port_info 4 /OUTPUT 16 "q_result";
    .port_info 5 /OUTPUT 1 "overflow";
    .port_info 6 /OUTPUT 1 "busy";
P_0000020f981977f0 .param/l "N" 0 3 5, +C4<00000000000000000000000000010000>;
P_0000020f98197828 .param/l "Q" 0 3 4, +C4<00000000000000000000000000001100>;
P_0000020f98197860 .param/l "STATE_0" 0 3 6, C4<00>;
P_0000020f98197898 .param/l "STATE_1" 0 3 7, C4<01>;
L_0000020f981df290 .functor OR 1, L_0000020f982fc120, L_0000020f982fcd00, C4<0>, C4<0>;
L_0000020f981df300 .functor XOR 1, L_0000020f982fd020, L_0000020f982fc080, C4<0>, C4<0>;
L_0000020f98291740 .functor BUFT 1, C4<00>, C4<0>, C4<0>, C4<0>;
v0000020f9821b550_0 .net/2u *"_ivl_0", 1 0, L_0000020f98291740;  1 drivers
v0000020f9821b410_0 .net *"_ivl_10", 0 0, L_0000020f982ef180;  1 drivers
L_0000020f98291bc0 .functor BUFT 1, C4<01>, C4<0>, C4<0>, C4<0>;
v0000020f9821d2b0_0 .net/2u *"_ivl_100", 1 0, L_0000020f98291bc0;  1 drivers
v0000020f9821cbd0_0 .net *"_ivl_102", 0 0, L_0000020f982efea0;  1 drivers
v0000020f9821b4b0_0 .net *"_ivl_105", 3 0, L_0000020f982f04e0;  1 drivers
v0000020f9821cd10_0 .net *"_ivl_106", 31 0, L_0000020f982efe00;  1 drivers
L_0000020f98291c08 .functor BUFT 1, C4<0000000000000000000000000000>, C4<0>, C4<0>, C4<0>;
v0000020f9821c8b0_0 .net *"_ivl_109", 27 0, L_0000020f98291c08;  1 drivers
L_0000020f98291c50 .functor BUFT 1, C4<00000000000000000000000000000000>, C4<0>, C4<0>, C4<0>;
v0000020f9821d0d0_0 .net/2u *"_ivl_110", 31 0, L_0000020f98291c50;  1 drivers
v0000020f9821b690_0 .net *"_ivl_112", 0 0, L_0000020f982eff40;  1 drivers
L_0000020f98291c98 .functor BUFT 1, C4<1>, C4<0>, C4<0>, C4<0>;
v0000020f9821c130_0 .net/2u *"_ivl_114", 0 0, L_0000020f98291c98;  1 drivers
L_0000020f98291ce0 .functor BUFT 1, C4<0>, C4<0>, C4<0>, C4<0>;
v0000020f9821b730_0 .net/2u *"_ivl_116", 0 0, L_0000020f98291ce0;  1 drivers
v0000020f9821c4f0_0 .net *"_ivl_118", 0 0, L_0000020f982effe0;  1 drivers
L_0000020f98291818 .functor BUFT 1, C4<01>, C4<0>, C4<0>, C4<0>;
v0000020f9821b7d0_0 .net/2s *"_ivl_12", 1 0, L_0000020f98291818;  1 drivers
L_0000020f98291d28 .functor BUFT 1, C4<01>, C4<0>, C4<0>, C4<0>;
v0000020f9821b870_0 .net/2u *"_ivl_122", 1 0, L_0000020f98291d28;  1 drivers
v0000020f9821b910_0 .net *"_ivl_124", 0 0, L_0000020f982fbc20;  1 drivers
v0000020f9821bff0_0 .net *"_ivl_127", 14 0, L_0000020f982fbcc0;  1 drivers
L_0000020f98291d70 .functor BUFT 1, C4<01>, C4<0>, C4<0>, C4<0>;
v0000020f9821cb30_0 .net/2u *"_ivl_130", 1 0, L_0000020f98291d70;  1 drivers
v0000020f9821b9b0_0 .net *"_ivl_132", 0 0, L_0000020f982fd700;  1 drivers
L_0000020f98291db8 .functor BUFT 1, C4<111111111111111>, C4<0>, C4<0>, C4<0>;
v0000020f9821c590_0 .net/2u *"_ivl_134", 14 0, L_0000020f98291db8;  1 drivers
v0000020f9821d210_0 .net *"_ivl_136", 14 0, L_0000020f982fd980;  1 drivers
L_0000020f98291e00 .functor BUFT 1, C4<000000000000001>, C4<0>, C4<0>, C4<0>;
v0000020f9821c310_0 .net/2u *"_ivl_138", 14 0, L_0000020f98291e00;  1 drivers
L_0000020f98291860 .functor BUFT 1, C4<00>, C4<0>, C4<0>, C4<0>;
v0000020f9821baf0_0 .net/2s *"_ivl_14", 1 0, L_0000020f98291860;  1 drivers
v0000020f9821bc30_0 .net *"_ivl_140", 14 0, L_0000020f982fcf80;  1 drivers
L_0000020f98291e48 .functor BUFT 1, C4<01>, C4<0>, C4<0>, C4<0>;
v0000020f9821cc70_0 .net/2u *"_ivl_146", 1 0, L_0000020f98291e48;  1 drivers
v0000020f9821ca90_0 .net *"_ivl_148", 0 0, L_0000020f982fd480;  1 drivers
v0000020f9821c630_0 .net *"_ivl_151", 0 0, L_0000020f982fbf40;  1 drivers
L_0000020f98291e90 .functor BUFT 1, C4<0000000000000000>, C4<0>, C4<0>, C4<0>;
v0000020f9821bb90_0 .net/2u *"_ivl_152", 15 0, L_0000020f98291e90;  1 drivers
v0000020f9821cdb0_0 .net *"_ivl_154", 0 0, L_0000020f982fc120;  1 drivers
L_0000020f98291ed8 .functor BUFT 1, C4<0000000000000000>, C4<0>, C4<0>, C4<0>;
v0000020f9821ce50_0 .net/2u *"_ivl_156", 15 0, L_0000020f98291ed8;  1 drivers
v0000020f9821bd70_0 .net *"_ivl_158", 0 0, L_0000020f982fcd00;  1 drivers
v0000020f9821cef0_0 .net *"_ivl_16", 1 0, L_0000020f982ed600;  1 drivers
v0000020f9821be10_0 .net *"_ivl_160", 0 0, L_0000020f981df290;  1 drivers
L_0000020f98291f20 .functor BUFT 1, C4<0>, C4<0>, C4<0>, C4<0>;
v0000020f9821cf90_0 .net/2u *"_ivl_162", 0 0, L_0000020f98291f20;  1 drivers
v0000020f9821d030_0 .net *"_ivl_165", 0 0, L_0000020f982fd020;  1 drivers
v0000020f9821beb0_0 .net *"_ivl_167", 0 0, L_0000020f982fc080;  1 drivers
v0000020f9821c3b0_0 .net *"_ivl_168", 0 0, L_0000020f981df300;  1 drivers
v0000020f9821c6d0_0 .net *"_ivl_170", 0 0, L_0000020f982fdca0;  1 drivers
v0000020f9821c450_0 .net *"_ivl_172", 0 0, L_0000020f982fd3e0;  1 drivers
L_0000020f98291f68 .functor BUFT 1, C4<01>, C4<0>, C4<0>, C4<0>;
v0000020f9821c770_0 .net/2u *"_ivl_177", 1 0, L_0000020f98291f68;  1 drivers
v0000020f9821d170_0 .net *"_ivl_179", 0 0, L_0000020f982fe240;  1 drivers
v0000020f98236e30_0 .net *"_ivl_182", 14 0, L_0000020f982fcb20;  1 drivers
v0000020f98236ed0_0 .net *"_ivl_184", 0 0, L_0000020f982fd0c0;  1 drivers
v0000020f98237b50_0 .net *"_ivl_185", 14 0, L_0000020f982fc760;  1 drivers
v0000020f982376f0_0 .net *"_ivl_187", 14 0, L_0000020f982fcee0;  1 drivers
v0000020f98237830_0 .net *"_ivl_2", 0 0, L_0000020f982efae0;  1 drivers
L_0000020f982918a8 .functor BUFT 1, C4<00>, C4<0>, C4<0>, C4<0>;
v0000020f982378d0_0 .net/2u *"_ivl_20", 1 0, L_0000020f982918a8;  1 drivers
v0000020f98237970_0 .net *"_ivl_22", 0 0, L_0000020f982ee140;  1 drivers
v0000020f98237c90_0 .net *"_ivl_25", 14 0, L_0000020f982efd60;  1 drivers
v0000020f98238870_0 .net *"_ivl_26", 31 0, L_0000020f982ef220;  1 drivers
L_0000020f982918f0 .functor BUFT 1, C4<00000000000000000>, C4<0>, C4<0>, C4<0>;
v0000020f98238370_0 .net *"_ivl_29", 16 0, L_0000020f982918f0;  1 drivers
v0000020f982389b0_0 .net *"_ivl_31", 14 0, L_0000020f982ed6a0;  1 drivers
v0000020f98237150_0 .net *"_ivl_32", 31 0, L_0000020f982ef540;  1 drivers
L_0000020f98291938 .functor BUFT 1, C4<00000000000000000>, C4<0>, C4<0>, C4<0>;
v0000020f98237a10_0 .net *"_ivl_35", 16 0, L_0000020f98291938;  1 drivers
v0000020f98238410_0 .net *"_ivl_37", 31 0, L_0000020f982edc40;  1 drivers
L_0000020f98291788 .functor BUFT 1, C4<01>, C4<0>, C4<0>, C4<0>;
v0000020f98237d30_0 .net/2u *"_ivl_4", 1 0, L_0000020f98291788;  1 drivers
L_0000020f98291980 .functor BUFT 1, C4<00>, C4<0>, C4<0>, C4<0>;
v0000020f982371f0_0 .net/2u *"_ivl_40", 1 0, L_0000020f98291980;  1 drivers
v0000020f98238690_0 .net *"_ivl_42", 0 0, L_0000020f982ef720;  1 drivers
v0000020f98238730_0 .net *"_ivl_45", 0 0, L_0000020f982eda60;  1 drivers
L_0000020f982919c8 .functor BUFT 1, C4<111111111111111>, C4<0>, C4<0>, C4<0>;
v0000020f982370b0_0 .net/2u *"_ivl_46", 14 0, L_0000020f982919c8;  1 drivers
v0000020f982385f0_0 .net *"_ivl_49", 14 0, L_0000020f982ef7c0;  1 drivers
v0000020f982384b0_0 .net *"_ivl_50", 14 0, L_0000020f982ef860;  1 drivers
L_0000020f98291a10 .functor BUFT 1, C4<000000000000001>, C4<0>, C4<0>, C4<0>;
v0000020f98237290_0 .net/2u *"_ivl_52", 14 0, L_0000020f98291a10;  1 drivers
v0000020f98236b10_0 .net *"_ivl_54", 14 0, L_0000020f982edba0;  1 drivers
v0000020f98238230_0 .net *"_ivl_56", 15 0, L_0000020f982edd80;  1 drivers
L_0000020f98291a58 .functor BUFT 1, C4<00>, C4<0>, C4<0>, C4<0>;
v0000020f98238190_0 .net/2u *"_ivl_60", 1 0, L_0000020f98291a58;  1 drivers
v0000020f98237ab0_0 .net *"_ivl_62", 0 0, L_0000020f982efc20;  1 drivers
v0000020f98238550_0 .net *"_ivl_65", 0 0, L_0000020f982ef9a0;  1 drivers
L_0000020f98291aa0 .functor BUFT 1, C4<111111111111111>, C4<0>, C4<0>, C4<0>;
v0000020f98236bb0_0 .net/2u *"_ivl_66", 14 0, L_0000020f98291aa0;  1 drivers
v0000020f98237dd0_0 .net *"_ivl_69", 14 0, L_0000020f982efcc0;  1 drivers
v0000020f98237f10_0 .net *"_ivl_70", 14 0, L_0000020f982ede20;  1 drivers
L_0000020f98291ae8 .functor BUFT 1, C4<000000000000001>, C4<0>, C4<0>, C4<0>;
v0000020f98237790_0 .net/2u *"_ivl_72", 14 0, L_0000020f98291ae8;  1 drivers
v0000020f98236d90_0 .net *"_ivl_74", 14 0, L_0000020f982ee000;  1 drivers
v0000020f98237bf0_0 .net *"_ivl_76", 15 0, L_0000020f982ee1e0;  1 drivers
L_0000020f982917d0 .functor BUFT 1, C4<00>, C4<0>, C4<0>, C4<0>;
v0000020f98237330_0 .net/2u *"_ivl_8", 1 0, L_0000020f982917d0;  1 drivers
L_0000020f98291b30 .functor BUFT 1, C4<00>, C4<0>, C4<0>, C4<0>;
v0000020f982382d0_0 .net/2u *"_ivl_80", 1 0, L_0000020f98291b30;  1 drivers
v0000020f98237fb0_0 .net *"_ivl_82", 0 0, L_0000020f982ee320;  1 drivers
v0000020f982387d0_0 .net *"_ivl_85", 0 0, L_0000020f982f01c0;  1 drivers
v0000020f98236f70_0 .net *"_ivl_86", 15 0, L_0000020f982f0120;  1 drivers
L_0000020f98291b78 .functor BUFT 1, C4<00>, C4<0>, C4<0>, C4<0>;
v0000020f982373d0_0 .net/2u *"_ivl_90", 1 0, L_0000020f98291b78;  1 drivers
v0000020f98237470_0 .net *"_ivl_92", 0 0, L_0000020f982f0260;  1 drivers
v0000020f98238910_0 .net *"_ivl_95", 0 0, L_0000020f982f0080;  1 drivers
v0000020f98237e70_0 .net *"_ivl_96", 15 0, L_0000020f982f03a0;  1 drivers
v0000020f98238050_0 .net "a", 15 0, L_0000020f982fd340;  alias, 1 drivers
v0000020f98236c50_0 .net "a_2cmp", 15 0, L_0000020f982edf60;  1 drivers
v0000020f98237010_0 .net "b", 15 0, o0000020f98241048;  alias, 0 drivers
v0000020f982380f0_0 .net "b_2cmp", 15 0, L_0000020f982ee280;  1 drivers
v0000020f98236cf0_0 .net "busy", 0 0, L_0000020f982ef4a0;  1 drivers
v0000020f98237510_0 .net "clk", 0 0, o0000020f982410d8;  alias, 0 drivers
v0000020f982375b0_0 .net "f_result", 31 0, L_0000020f982ef5e0;  1 drivers
v0000020f98237650_0 .net "multiplicand", 15 0, L_0000020f982f0300;  1 drivers
v0000020f9823a7f0_0 .net "multiplier", 15 0, L_0000020f982f0440;  1 drivers
v0000020f98238db0_0 .net "nextState", 1 0, L_0000020f982eed20;  1 drivers
v0000020f9823a070_0 .net "overflow", 0 0, L_0000020f982fe060;  1 drivers
v0000020f98238f90_0 .net "q_result", 15 0, L_0000020f982fbfe0;  alias, 1 drivers
v0000020f98239030_0 .net "quantized_result", 14 0, L_0000020f982fc440;  1 drivers
v0000020f98239fd0_0 .net "quantized_result_2cmp", 14 0, L_0000020f982fe1a0;  1 drivers
v0000020f98239a30_0 .net "start", 0 0, o0000020f98241288;  alias, 0 drivers
v0000020f9823b1f0_0 .var "state", 1 0;
E_0000020f9819ae10 .event posedge, v0000020f98237510_0;
L_0000020f982efae0 .cmp/eq 2, v0000020f9823b1f0_0, L_0000020f98291740;
L_0000020f982eed20 .functor MUXZ 2, v0000020f9823b1f0_0, L_0000020f98291788, L_0000020f982efae0, C4<>;
L_0000020f982ef180 .cmp/eq 2, v0000020f9823b1f0_0, L_0000020f982917d0;
L_0000020f982ed600 .functor MUXZ 2, L_0000020f98291860, L_0000020f98291818, L_0000020f982ef180, C4<>;
L_0000020f982ef4a0 .part L_0000020f982ed600, 0, 1;
L_0000020f982ee140 .cmp/eq 2, v0000020f9823b1f0_0, L_0000020f982918a8;
L_0000020f982efd60 .part L_0000020f982f0300, 0, 15;
L_0000020f982ef220 .concat [ 15 17 0 0], L_0000020f982efd60, L_0000020f982918f0;
L_0000020f982ed6a0 .part L_0000020f982f0440, 0, 15;
L_0000020f982ef540 .concat [ 15 17 0 0], L_0000020f982ed6a0, L_0000020f98291938;
L_0000020f982edc40 .arith/mult 32, L_0000020f982ef220, L_0000020f982ef540;
L_0000020f982ef5e0 .functor MUXZ 32, L_0000020f982ef5e0, L_0000020f982edc40, L_0000020f982ee140, C4<>;
L_0000020f982ef720 .cmp/eq 2, v0000020f9823b1f0_0, L_0000020f98291980;
L_0000020f982eda60 .part L_0000020f982fd340, 15, 1;
L_0000020f982ef7c0 .part L_0000020f982fd340, 0, 15;
L_0000020f982ef860 .arith/sub 15, L_0000020f982919c8, L_0000020f982ef7c0;
L_0000020f982edba0 .arith/sum 15, L_0000020f982ef860, L_0000020f98291a10;
L_0000020f982edd80 .concat [ 15 1 0 0], L_0000020f982edba0, L_0000020f982eda60;
L_0000020f982edf60 .functor MUXZ 16, L_0000020f982edf60, L_0000020f982edd80, L_0000020f982ef720, C4<>;
L_0000020f982efc20 .cmp/eq 2, v0000020f9823b1f0_0, L_0000020f98291a58;
L_0000020f982ef9a0 .part o0000020f98241048, 15, 1;
L_0000020f982efcc0 .part o0000020f98241048, 0, 15;
L_0000020f982ede20 .arith/sub 15, L_0000020f98291aa0, L_0000020f982efcc0;
L_0000020f982ee000 .arith/sum 15, L_0000020f982ede20, L_0000020f98291ae8;
L_0000020f982ee1e0 .concat [ 15 1 0 0], L_0000020f982ee000, L_0000020f982ef9a0;
L_0000020f982ee280 .functor MUXZ 16, L_0000020f982ee280, L_0000020f982ee1e0, L_0000020f982efc20, C4<>;
L_0000020f982ee320 .cmp/ne 2, v0000020f9823b1f0_0, L_0000020f98291b30;
L_0000020f982f01c0 .part L_0000020f982fd340, 15, 1;
L_0000020f982f0120 .functor MUXZ 16, L_0000020f982fd340, L_0000020f982edf60, L_0000020f982f01c0, C4<>;
L_0000020f982f0300 .functor MUXZ 16, L_0000020f982f0120, L_0000020f982f0300, L_0000020f982ee320, C4<>;
L_0000020f982f0260 .cmp/ne 2, v0000020f9823b1f0_0, L_0000020f98291b78;
L_0000020f982f0080 .part o0000020f98241048, 15, 1;
L_0000020f982f03a0 .functor MUXZ 16, o0000020f98241048, L_0000020f982ee280, L_0000020f982f0080, C4<>;
L_0000020f982f0440 .functor MUXZ 16, L_0000020f982f03a0, L_0000020f982f0440, L_0000020f982f0260, C4<>;
L_0000020f982efea0 .cmp/ne 2, v0000020f9823b1f0_0, L_0000020f98291bc0;
L_0000020f982f04e0 .part L_0000020f982ef5e0, 27, 4;
L_0000020f982efe00 .concat [ 4 28 0 0], L_0000020f982f04e0, L_0000020f98291c08;
L_0000020f982eff40 .cmp/gt 32, L_0000020f982efe00, L_0000020f98291c50;
L_0000020f982effe0 .functor MUXZ 1, L_0000020f98291ce0, L_0000020f98291c98, L_0000020f982eff40, C4<>;
L_0000020f982fe060 .functor MUXZ 1, L_0000020f982effe0, L_0000020f982fe060, L_0000020f982efea0, C4<>;
L_0000020f982fbc20 .cmp/ne 2, v0000020f9823b1f0_0, L_0000020f98291d28;
L_0000020f982fbcc0 .part L_0000020f982ef5e0, 12, 15;
L_0000020f982fc440 .functor MUXZ 15, L_0000020f982fbcc0, L_0000020f982fc440, L_0000020f982fbc20, C4<>;
L_0000020f982fd700 .cmp/ne 2, v0000020f9823b1f0_0, L_0000020f98291d70;
L_0000020f982fd980 .arith/sub 15, L_0000020f98291db8, L_0000020f982fc440;
L_0000020f982fcf80 .arith/sum 15, L_0000020f982fd980, L_0000020f98291e00;
L_0000020f982fe1a0 .functor MUXZ 15, L_0000020f982fcf80, L_0000020f982fe1a0, L_0000020f982fd700, C4<>;
L_0000020f982fd480 .cmp/ne 2, v0000020f9823b1f0_0, L_0000020f98291e48;
L_0000020f982fbf40 .part L_0000020f982fbfe0, 15, 1;
L_0000020f982fc120 .cmp/eq 16, L_0000020f982fd340, L_0000020f98291e90;
L_0000020f982fcd00 .cmp/eq 16, o0000020f98241048, L_0000020f98291ed8;
L_0000020f982fd020 .part L_0000020f982fd340, 15, 1;
L_0000020f982fc080 .part o0000020f98241048, 15, 1;
L_0000020f982fdca0 .functor MUXZ 1, L_0000020f981df300, L_0000020f98291f20, L_0000020f981df290, C4<>;
L_0000020f982fd3e0 .functor MUXZ 1, L_0000020f982fdca0, L_0000020f982fbf40, L_0000020f982fd480, C4<>;
L_0000020f982fbfe0 .concat8 [ 15 1 0 0], L_0000020f982fcee0, L_0000020f982fd3e0;
L_0000020f982fe240 .cmp/ne 2, v0000020f9823b1f0_0, L_0000020f98291f68;
L_0000020f982fcb20 .part L_0000020f982fbfe0, 0, 15;
L_0000020f982fd0c0 .part L_0000020f982fbfe0, 15, 1;
L_0000020f982fc760 .functor MUXZ 15, L_0000020f982fc440, L_0000020f982fe1a0, L_0000020f982fd0c0, C4<>;
L_0000020f982fcee0 .functor MUXZ 15, L_0000020f982fc760, L_0000020f982fcb20, L_0000020f982fe240, C4<>;
S_0000020f9813e9d0 .scope module, "s1" "sig_comparator" 2 106, 4 3 0, S_0000020f981974d0;
 .timescale -9 -12;
    .port_info 0 /INPUT 1 "clk";
    .port_info 1 /INPUT 1 "rst";
    .port_info 2 /INPUT 16 "a";
    .port_info 3 /INPUT 16 "b";
    .port_info 4 /OUTPUT 1 "y";
P_0000020f98174be0 .param/l "N" 0 4 5, +C4<00000000000000000000000000010000>;
P_0000020f98174c18 .param/l "Q" 0 4 4, +C4<00000000000000000000000000001100>;
L_0000020f981e0090 .functor XOR 1, L_0000020f982ef680, L_0000020f982eedc0, C4<0>, C4<0>;
v0000020f982390d0_0 .net *"_ivl_11", 0 0, L_0000020f982ee460;  1 drivers
v0000020f9823abb0_0 .net *"_ivl_12", 0 0, L_0000020f982ed920;  1 drivers
L_0000020f98291548 .functor BUFT 1, C4<00>, C4<0>, C4<0>, C4<0>;
v0000020f9823a2f0_0 .net/2s *"_ivl_14", 1 0, L_0000020f98291548;  1 drivers
v0000020f9823aa70_0 .net *"_ivl_17", 0 0, L_0000020f982ef680;  1 drivers
v0000020f9823a890_0 .net *"_ivl_19", 0 0, L_0000020f982eedc0;  1 drivers
v0000020f982392b0_0 .net *"_ivl_20", 0 0, L_0000020f981e0090;  1 drivers
L_0000020f98291590 .functor BUFT 1, C4<01>, C4<0>, C4<0>, C4<0>;
v0000020f98239350_0 .net/2s *"_ivl_22", 1 0, L_0000020f98291590;  1 drivers
v0000020f98239cb0_0 .net *"_ivl_25", 2 0, L_0000020f982ee0a0;  1 drivers
v0000020f98239c10_0 .net *"_ivl_27", 2 0, L_0000020f982ef900;  1 drivers
v0000020f98238bd0_0 .net *"_ivl_28", 0 0, L_0000020f982ee3c0;  1 drivers
L_0000020f982915d8 .functor BUFT 1, C4<01>, C4<0>, C4<0>, C4<0>;
v0000020f98239210_0 .net/2s *"_ivl_30", 1 0, L_0000020f982915d8;  1 drivers
v0000020f9823b290_0 .net *"_ivl_33", 2 0, L_0000020f982ee640;  1 drivers
v0000020f98239e90_0 .net *"_ivl_35", 2 0, L_0000020f982ed740;  1 drivers
v0000020f9823ac50_0 .net *"_ivl_36", 0 0, L_0000020f982ee780;  1 drivers
L_0000020f98291620 .functor BUFT 1, C4<00>, C4<0>, C4<0>, C4<0>;
v0000020f9823b0b0_0 .net/2s *"_ivl_38", 1 0, L_0000020f98291620;  1 drivers
v0000020f98238c70_0 .net *"_ivl_40", 0 0, L_0000020f982efb80;  1 drivers
L_0000020f98291668 .functor BUFT 1, C4<01>, C4<0>, C4<0>, C4<0>;
v0000020f9823a390_0 .net/2s *"_ivl_42", 1 0, L_0000020f98291668;  1 drivers
L_0000020f982916b0 .functor BUFT 1, C4<00>, C4<0>, C4<0>, C4<0>;
v0000020f982393f0_0 .net/2s *"_ivl_44", 1 0, L_0000020f982916b0;  1 drivers
v0000020f9823a6b0_0 .net *"_ivl_46", 1 0, L_0000020f982eee60;  1 drivers
v0000020f98239490_0 .net *"_ivl_48", 1 0, L_0000020f982edb00;  1 drivers
v0000020f98239d50_0 .net *"_ivl_50", 1 0, L_0000020f982ee6e0;  1 drivers
v0000020f98239990_0 .net *"_ivl_52", 1 0, L_0000020f982eeb40;  1 drivers
v0000020f9823a930_0 .net *"_ivl_54", 1 0, L_0000020f982ed880;  1 drivers
v0000020f9823acf0_0 .net *"_ivl_9", 0 0, L_0000020f982eea00;  1 drivers
v0000020f98239170_0 .net "a", 15 0, o0000020f98241048;  alias, 0 drivers
L_0000020f982916f8 .functor BUFT 1, C4<1010000000000000>, C4<0>, C4<0>, C4<0>;
v0000020f98239530_0 .net "b", 15 0, L_0000020f982916f8;  1 drivers
o0000020f982418e8 .functor BUFZ 1, C4<z>; HiZ drive
v0000020f982395d0_0 .net "clk", 0 0, o0000020f982418e8;  0 drivers
v0000020f9823ad90_0 .net "frac_a", 11 0, L_0000020f982ee960;  1 drivers
v0000020f98239f30_0 .net "frac_b", 11 0, L_0000020f982ef0e0;  1 drivers
v0000020f9823a430_0 .net "int_a", 15 12, L_0000020f982ee5a0;  1 drivers
v0000020f9823ab10_0 .net "int_b", 15 12, L_0000020f982ef400;  1 drivers
o0000020f982419d8 .functor BUFZ 1, C4<z>; HiZ drive
v0000020f98238ef0_0 .net "rst", 0 0, o0000020f982419d8;  0 drivers
v0000020f98239df0_0 .net "y", 0 0, L_0000020f982ed9c0;  alias, 1 drivers
L_0000020f982ee5a0 .part o0000020f98241048, 12, 4;
L_0000020f982ef400 .part L_0000020f982916f8, 12, 4;
L_0000020f982ee960 .part o0000020f98241048, 0, 12;
L_0000020f982ef0e0 .part L_0000020f982916f8, 0, 12;
L_0000020f982eea00 .part L_0000020f982ee5a0, 3, 1;
L_0000020f982ee460 .part L_0000020f982ef400, 3, 1;
L_0000020f982ed920 .cmp/gt 1, L_0000020f982eea00, L_0000020f982ee460;
L_0000020f982ef680 .part L_0000020f982ee5a0, 3, 1;
L_0000020f982eedc0 .part L_0000020f982ef400, 3, 1;
L_0000020f982ee0a0 .part L_0000020f982ee5a0, 0, 3;
L_0000020f982ef900 .part L_0000020f982ef400, 0, 3;
L_0000020f982ee3c0 .cmp/gt 3, L_0000020f982ee0a0, L_0000020f982ef900;
L_0000020f982ee640 .part L_0000020f982ee5a0, 0, 3;
L_0000020f982ed740 .part L_0000020f982ef400, 0, 3;
L_0000020f982ee780 .cmp/ne 3, L_0000020f982ee640, L_0000020f982ed740;
L_0000020f982efb80 .cmp/gt 12, L_0000020f982ee960, L_0000020f982ef0e0;
L_0000020f982eee60 .functor MUXZ 2, L_0000020f982916b0, L_0000020f98291668, L_0000020f982efb80, C4<>;
L_0000020f982edb00 .functor MUXZ 2, L_0000020f982eee60, L_0000020f98291620, L_0000020f982ee780, C4<>;
L_0000020f982ee6e0 .functor MUXZ 2, L_0000020f982edb00, L_0000020f982915d8, L_0000020f982ee3c0, C4<>;
L_0000020f982eeb40 .functor MUXZ 2, L_0000020f982ee6e0, L_0000020f98291590, L_0000020f981e0090, C4<>;
L_0000020f982ed880 .functor MUXZ 2, L_0000020f982eeb40, L_0000020f98291548, L_0000020f982ed920, C4<>;
L_0000020f982ed9c0 .part L_0000020f982ed880, 0, 1;
S_0000020f98283010 .scope module, "s2" "sig_comparator" 2 99, 4 3 0, S_0000020f981974d0;
 .timescale -9 -12;
    .port_info 0 /INPUT 1 "clk";
    .port_info 1 /INPUT 1 "rst";
    .port_info 2 /INPUT 16 "a";
    .port_info 3 /INPUT 16 "b";
    .port_info 4 /OUTPUT 1 "y";
P_0000020f981763e0 .param/l "N" 0 4 5, +C4<00000000000000000000000000010000>;
P_0000020f98176418 .param/l "Q" 0 4 4, +C4<00000000000000000000000000001100>;
L_0000020f981dffb0 .functor XOR 1, L_0000020f982ee8c0, L_0000020f982edec0, C4<0>, C4<0>;
v0000020f98238b30_0 .net *"_ivl_11", 0 0, L_0000020f982eb800;  1 drivers
v0000020f98238d10_0 .net *"_ivl_12", 0 0, L_0000020f982eb8a0;  1 drivers
L_0000020f98291350 .functor BUFT 1, C4<00>, C4<0>, C4<0>, C4<0>;
v0000020f98239670_0 .net/2s *"_ivl_14", 1 0, L_0000020f98291350;  1 drivers
v0000020f9823a1b0_0 .net *"_ivl_17", 0 0, L_0000020f982ee8c0;  1 drivers
v0000020f9823ae30_0 .net *"_ivl_19", 0 0, L_0000020f982edec0;  1 drivers
v0000020f982398f0_0 .net *"_ivl_20", 0 0, L_0000020f981dffb0;  1 drivers
L_0000020f98291398 .functor BUFT 1, C4<01>, C4<0>, C4<0>, C4<0>;
v0000020f98239710_0 .net/2s *"_ivl_22", 1 0, L_0000020f98291398;  1 drivers
v0000020f98238e50_0 .net *"_ivl_25", 2 0, L_0000020f982eef00;  1 drivers
v0000020f9823a110_0 .net *"_ivl_27", 2 0, L_0000020f982ef040;  1 drivers
v0000020f9823a750_0 .net *"_ivl_28", 0 0, L_0000020f982ef2c0;  1 drivers
L_0000020f982913e0 .functor BUFT 1, C4<01>, C4<0>, C4<0>, C4<0>;
v0000020f9823aed0_0 .net/2s *"_ivl_30", 1 0, L_0000020f982913e0;  1 drivers
v0000020f9823af70_0 .net *"_ivl_33", 2 0, L_0000020f982ee820;  1 drivers
v0000020f982397b0_0 .net *"_ivl_35", 2 0, L_0000020f982efa40;  1 drivers
v0000020f98239ad0_0 .net *"_ivl_36", 0 0, L_0000020f982ed7e0;  1 drivers
L_0000020f98291428 .functor BUFT 1, C4<00>, C4<0>, C4<0>, C4<0>;
v0000020f9823a9d0_0 .net/2s *"_ivl_38", 1 0, L_0000020f98291428;  1 drivers
v0000020f98239850_0 .net *"_ivl_40", 0 0, L_0000020f982edce0;  1 drivers
L_0000020f98291470 .functor BUFT 1, C4<01>, C4<0>, C4<0>, C4<0>;
v0000020f98239b70_0 .net/2s *"_ivl_42", 1 0, L_0000020f98291470;  1 drivers
L_0000020f982914b8 .functor BUFT 1, C4<00>, C4<0>, C4<0>, C4<0>;
v0000020f9823a250_0 .net/2s *"_ivl_44", 1 0, L_0000020f982914b8;  1 drivers
v0000020f9823b150_0 .net *"_ivl_46", 1 0, L_0000020f982eec80;  1 drivers
v0000020f9823a4d0_0 .net *"_ivl_48", 1 0, L_0000020f982ee500;  1 drivers
v0000020f9823a570_0 .net *"_ivl_50", 1 0, L_0000020f982eebe0;  1 drivers
v0000020f9823a610_0 .net *"_ivl_52", 1 0, L_0000020f982ef360;  1 drivers
v0000020f9823b010_0 .net *"_ivl_54", 1 0, L_0000020f982eefa0;  1 drivers
v0000020f9823c550_0 .net *"_ivl_9", 0 0, L_0000020f982eb9e0;  1 drivers
v0000020f9823c5f0_0 .net "a", 15 0, o0000020f98241048;  alias, 0 drivers
L_0000020f98291500 .functor BUFT 1, C4<1011100000000000>, C4<0>, C4<0>, C4<0>;
v0000020f9823bfb0_0 .net "b", 15 0, L_0000020f98291500;  1 drivers
o0000020f98241fd8 .functor BUFZ 1, C4<z>; HiZ drive
v0000020f9823bb50_0 .net "clk", 0 0, o0000020f98241fd8;  0 drivers
v0000020f9823c730_0 .net "frac_a", 11 0, L_0000020f982eb940;  1 drivers
v0000020f9823b470_0 .net "frac_b", 11 0, L_0000020f982eb4e0;  1 drivers
v0000020f9823bbf0_0 .net "int_a", 15 12, L_0000020f982ed380;  1 drivers
v0000020f9823bdd0_0 .net "int_b", 15 12, L_0000020f982eb440;  1 drivers
o0000020f982420c8 .functor BUFZ 1, C4<z>; HiZ drive
v0000020f9823bd30_0 .net "rst", 0 0, o0000020f982420c8;  0 drivers
v0000020f9823b830_0 .net "y", 0 0, L_0000020f982eeaa0;  alias, 1 drivers
L_0000020f982ed380 .part o0000020f98241048, 12, 4;
L_0000020f982eb440 .part L_0000020f98291500, 12, 4;
L_0000020f982eb940 .part o0000020f98241048, 0, 12;
L_0000020f982eb4e0 .part L_0000020f98291500, 0, 12;
L_0000020f982eb9e0 .part L_0000020f982ed380, 3, 1;
L_0000020f982eb800 .part L_0000020f982eb440, 3, 1;
L_0000020f982eb8a0 .cmp/gt 1, L_0000020f982eb9e0, L_0000020f982eb800;
L_0000020f982ee8c0 .part L_0000020f982ed380, 3, 1;
L_0000020f982edec0 .part L_0000020f982eb440, 3, 1;
L_0000020f982eef00 .part L_0000020f982ed380, 0, 3;
L_0000020f982ef040 .part L_0000020f982eb440, 0, 3;
L_0000020f982ef2c0 .cmp/gt 3, L_0000020f982eef00, L_0000020f982ef040;
L_0000020f982ee820 .part L_0000020f982ed380, 0, 3;
L_0000020f982efa40 .part L_0000020f982eb440, 0, 3;
L_0000020f982ed7e0 .cmp/ne 3, L_0000020f982ee820, L_0000020f982efa40;
L_0000020f982edce0 .cmp/gt 12, L_0000020f982eb940, L_0000020f982eb4e0;
L_0000020f982eec80 .functor MUXZ 2, L_0000020f982914b8, L_0000020f98291470, L_0000020f982edce0, C4<>;
L_0000020f982ee500 .functor MUXZ 2, L_0000020f982eec80, L_0000020f98291428, L_0000020f982ed7e0, C4<>;
L_0000020f982eebe0 .functor MUXZ 2, L_0000020f982ee500, L_0000020f982913e0, L_0000020f982ef2c0, C4<>;
L_0000020f982ef360 .functor MUXZ 2, L_0000020f982eebe0, L_0000020f98291398, L_0000020f981dffb0, C4<>;
L_0000020f982eefa0 .functor MUXZ 2, L_0000020f982ef360, L_0000020f98291350, L_0000020f982eb8a0, C4<>;
L_0000020f982eeaa0 .part L_0000020f982eefa0, 0, 1;
S_0000020f982833b0 .scope module, "s3" "sig_comparator" 2 92, 4 3 0, S_0000020f981974d0;
 .timescale -9 -12;
    .port_info 0 /INPUT 1 "clk";
    .port_info 1 /INPUT 1 "rst";
    .port_info 2 /INPUT 16 "a";
    .port_info 3 /INPUT 16 "b";
    .port_info 4 /OUTPUT 1 "y";
P_0000020f98174f60 .param/l "N" 0 4 5, +C4<00000000000000000000000000010000>;
P_0000020f98174f98 .param/l "Q" 0 4 4, +C4<00000000000000000000000000001100>;
L_0000020f981dfbc0 .functor XOR 1, L_0000020f982ec2a0, L_0000020f982ed560, C4<0>, C4<0>;
v0000020f9823bf10_0 .net *"_ivl_11", 0 0, L_0000020f982ecf20;  1 drivers
v0000020f9823c050_0 .net *"_ivl_12", 0 0, L_0000020f982eafe0;  1 drivers
L_0000020f98291158 .functor BUFT 1, C4<00>, C4<0>, C4<0>, C4<0>;
v0000020f9823c7d0_0 .net/2s *"_ivl_14", 1 0, L_0000020f98291158;  1 drivers
v0000020f9823be70_0 .net *"_ivl_17", 0 0, L_0000020f982ec2a0;  1 drivers
v0000020f9823b790_0 .net *"_ivl_19", 0 0, L_0000020f982ed560;  1 drivers
v0000020f9823bc90_0 .net *"_ivl_20", 0 0, L_0000020f981dfbc0;  1 drivers
L_0000020f982911a0 .functor BUFT 1, C4<01>, C4<0>, C4<0>, C4<0>;
v0000020f9823c870_0 .net/2s *"_ivl_22", 1 0, L_0000020f982911a0;  1 drivers
v0000020f9823b510_0 .net *"_ivl_25", 2 0, L_0000020f982ed1a0;  1 drivers
v0000020f9823c0f0_0 .net *"_ivl_27", 2 0, L_0000020f982ec700;  1 drivers
v0000020f9823c690_0 .net *"_ivl_28", 0 0, L_0000020f982eba80;  1 drivers
L_0000020f982911e8 .functor BUFT 1, C4<01>, C4<0>, C4<0>, C4<0>;
v0000020f9823c190_0 .net/2s *"_ivl_30", 1 0, L_0000020f982911e8;  1 drivers
v0000020f9823b8d0_0 .net *"_ivl_33", 2 0, L_0000020f982ec7a0;  1 drivers
v0000020f9823b970_0 .net *"_ivl_35", 2 0, L_0000020f982ec8e0;  1 drivers
v0000020f9823bab0_0 .net *"_ivl_36", 0 0, L_0000020f982ec980;  1 drivers
L_0000020f98291230 .functor BUFT 1, C4<00>, C4<0>, C4<0>, C4<0>;
v0000020f9823b5b0_0 .net/2s *"_ivl_38", 1 0, L_0000020f98291230;  1 drivers
v0000020f9823c230_0 .net *"_ivl_40", 0 0, L_0000020f982ecac0;  1 drivers
L_0000020f98291278 .functor BUFT 1, C4<01>, C4<0>, C4<0>, C4<0>;
v0000020f9823b650_0 .net/2s *"_ivl_42", 1 0, L_0000020f98291278;  1 drivers
L_0000020f982912c0 .functor BUFT 1, C4<00>, C4<0>, C4<0>, C4<0>;
v0000020f9823c370_0 .net/2s *"_ivl_44", 1 0, L_0000020f982912c0;  1 drivers
v0000020f9823c4b0_0 .net *"_ivl_46", 1 0, L_0000020f982ecc00;  1 drivers
v0000020f9823c910_0 .net *"_ivl_48", 1 0, L_0000020f982eb580;  1 drivers
v0000020f9823c9b0_0 .net *"_ivl_50", 1 0, L_0000020f982ecd40;  1 drivers
v0000020f9823b6f0_0 .net *"_ivl_52", 1 0, L_0000020f982eb3a0;  1 drivers
v0000020f9823c2d0_0 .net *"_ivl_54", 1 0, L_0000020f982eb760;  1 drivers
v0000020f9823b330_0 .net *"_ivl_9", 0 0, L_0000020f982ec200;  1 drivers
v0000020f9823b3d0_0 .net "a", 15 0, o0000020f98241048;  alias, 0 drivers
L_0000020f98291308 .functor BUFT 1, C4<1101000000000000>, C4<0>, C4<0>, C4<0>;
v0000020f9823c410_0 .net "b", 15 0, L_0000020f98291308;  1 drivers
o0000020f982426c8 .functor BUFZ 1, C4<z>; HiZ drive
v0000020f9823ba10_0 .net "clk", 0 0, o0000020f982426c8;  0 drivers
v0000020f98285580_0 .net "frac_a", 11 0, L_0000020f982eb300;  1 drivers
v0000020f982842c0_0 .net "frac_b", 11 0, L_0000020f982eaf40;  1 drivers
v0000020f98284cc0_0 .net "int_a", 15 12, L_0000020f982ec660;  1 drivers
v0000020f982853a0_0 .net "int_b", 15 12, L_0000020f982ece80;  1 drivers
o0000020f982427b8 .functor BUFZ 1, C4<z>; HiZ drive
v0000020f982851c0_0 .net "rst", 0 0, o0000020f982427b8;  0 drivers
v0000020f98285300_0 .net "y", 0 0, L_0000020f982ecca0;  alias, 1 drivers
L_0000020f982ec660 .part o0000020f98241048, 12, 4;
L_0000020f982ece80 .part L_0000020f98291308, 12, 4;
L_0000020f982eb300 .part o0000020f98241048, 0, 12;
L_0000020f982eaf40 .part L_0000020f98291308, 0, 12;
L_0000020f982ec200 .part L_0000020f982ec660, 3, 1;
L_0000020f982ecf20 .part L_0000020f982ece80, 3, 1;
L_0000020f982eafe0 .cmp/gt 1, L_0000020f982ec200, L_0000020f982ecf20;
L_0000020f982ec2a0 .part L_0000020f982ec660, 3, 1;
L_0000020f982ed560 .part L_0000020f982ece80, 3, 1;
L_0000020f982ed1a0 .part L_0000020f982ec660, 0, 3;
L_0000020f982ec700 .part L_0000020f982ece80, 0, 3;
L_0000020f982eba80 .cmp/gt 3, L_0000020f982ed1a0, L_0000020f982ec700;
L_0000020f982ec7a0 .part L_0000020f982ec660, 0, 3;
L_0000020f982ec8e0 .part L_0000020f982ece80, 0, 3;
L_0000020f982ec980 .cmp/ne 3, L_0000020f982ec7a0, L_0000020f982ec8e0;
L_0000020f982ecac0 .cmp/gt 12, L_0000020f982eb300, L_0000020f982eaf40;
L_0000020f982ecc00 .functor MUXZ 2, L_0000020f982912c0, L_0000020f98291278, L_0000020f982ecac0, C4<>;
L_0000020f982eb580 .functor MUXZ 2, L_0000020f982ecc00, L_0000020f98291230, L_0000020f982ec980, C4<>;
L_0000020f982ecd40 .functor MUXZ 2, L_0000020f982eb580, L_0000020f982911e8, L_0000020f982eba80, C4<>;
L_0000020f982eb3a0 .functor MUXZ 2, L_0000020f982ecd40, L_0000020f982911a0, L_0000020f981dfbc0, C4<>;
L_0000020f982eb760 .functor MUXZ 2, L_0000020f982eb3a0, L_0000020f98291158, L_0000020f982eafe0, C4<>;
L_0000020f982ecca0 .part L_0000020f982eb760, 0, 1;
S_0000020f9823ccf0 .scope module, "s4" "sig_comparator" 2 85, 4 3 0, S_0000020f981974d0;
 .timescale -9 -12;
    .port_info 0 /INPUT 1 "clk";
    .port_info 1 /INPUT 1 "rst";
    .port_info 2 /INPUT 16 "a";
    .port_info 3 /INPUT 16 "b";
    .port_info 4 /OUTPUT 1 "y";
P_0000020f981761e0 .param/l "N" 0 4 5, +C4<00000000000000000000000000010000>;
P_0000020f98176218 .param/l "Q" 0 4 4, +C4<00000000000000000000000000001100>;
L_0000020f981dff40 .functor XOR 1, L_0000020f982ebbc0, L_0000020f982ec520, C4<0>, C4<0>;
v0000020f98285440_0 .net *"_ivl_11", 0 0, L_0000020f982ec480;  1 drivers
v0000020f98284720_0 .net *"_ivl_12", 0 0, L_0000020f982ebe40;  1 drivers
L_0000020f98290f60 .functor BUFT 1, C4<00>, C4<0>, C4<0>, C4<0>;
v0000020f98285940_0 .net/2s *"_ivl_14", 1 0, L_0000020f98290f60;  1 drivers
v0000020f982835a0_0 .net *"_ivl_17", 0 0, L_0000020f982ebbc0;  1 drivers
v0000020f98284d60_0 .net *"_ivl_19", 0 0, L_0000020f982ec520;  1 drivers
v0000020f982859e0_0 .net *"_ivl_20", 0 0, L_0000020f981dff40;  1 drivers
L_0000020f98290fa8 .functor BUFT 1, C4<01>, C4<0>, C4<0>, C4<0>;
v0000020f98284400_0 .net/2s *"_ivl_22", 1 0, L_0000020f98290fa8;  1 drivers
v0000020f98283780_0 .net *"_ivl_25", 2 0, L_0000020f982eae00;  1 drivers
v0000020f98284860_0 .net *"_ivl_27", 2 0, L_0000020f982eb620;  1 drivers
v0000020f98284fe0_0 .net *"_ivl_28", 0 0, L_0000020f982ecde0;  1 drivers
L_0000020f98290ff0 .functor BUFT 1, C4<01>, C4<0>, C4<0>, C4<0>;
v0000020f982854e0_0 .net/2s *"_ivl_30", 1 0, L_0000020f98290ff0;  1 drivers
v0000020f98284e00_0 .net *"_ivl_33", 2 0, L_0000020f982eaea0;  1 drivers
v0000020f98284900_0 .net *"_ivl_35", 2 0, L_0000020f982ecb60;  1 drivers
v0000020f98285620_0 .net *"_ivl_36", 0 0, L_0000020f982eca20;  1 drivers
L_0000020f98291038 .functor BUFT 1, C4<00>, C4<0>, C4<0>, C4<0>;
v0000020f98283be0_0 .net/2s *"_ivl_38", 1 0, L_0000020f98291038;  1 drivers
v0000020f98284040_0 .net *"_ivl_40", 0 0, L_0000020f982eb260;  1 drivers
L_0000020f98291080 .functor BUFT 1, C4<01>, C4<0>, C4<0>, C4<0>;
v0000020f982856c0_0 .net/2s *"_ivl_42", 1 0, L_0000020f98291080;  1 drivers
L_0000020f982910c8 .functor BUFT 1, C4<00>, C4<0>, C4<0>, C4<0>;
v0000020f982836e0_0 .net/2s *"_ivl_44", 1 0, L_0000020f982910c8;  1 drivers
v0000020f98285c60_0 .net *"_ivl_46", 1 0, L_0000020f982ec3e0;  1 drivers
v0000020f98284c20_0 .net *"_ivl_48", 1 0, L_0000020f982ec0c0;  1 drivers
v0000020f98283960_0 .net *"_ivl_50", 1 0, L_0000020f982ec840;  1 drivers
v0000020f98283640_0 .net *"_ivl_52", 1 0, L_0000020f982ecfc0;  1 drivers
v0000020f98285a80_0 .net *"_ivl_54", 1 0, L_0000020f982eb6c0;  1 drivers
v0000020f98284360_0 .net *"_ivl_9", 0 0, L_0000020f982ed420;  1 drivers
v0000020f98285d00_0 .net "a", 15 0, o0000020f98241048;  alias, 0 drivers
L_0000020f98291110 .functor BUFT 1, C4<1110100000000000>, C4<0>, C4<0>, C4<0>;
v0000020f98283820_0 .net "b", 15 0, L_0000020f98291110;  1 drivers
o0000020f98242db8 .functor BUFZ 1, C4<z>; HiZ drive
v0000020f982838c0_0 .net "clk", 0 0, o0000020f98242db8;  0 drivers
v0000020f98283a00_0 .net "frac_a", 11 0, L_0000020f982ec020;  1 drivers
v0000020f98283aa0_0 .net "frac_b", 11 0, L_0000020f982eb120;  1 drivers
v0000020f98283c80_0 .net "int_a", 15 12, L_0000020f982ebf80;  1 drivers
v0000020f982840e0_0 .net "int_b", 15 12, L_0000020f982ed4c0;  1 drivers
o0000020f98242ea8 .functor BUFZ 1, C4<z>; HiZ drive
v0000020f98283b40_0 .net "rst", 0 0, o0000020f98242ea8;  0 drivers
v0000020f98285760_0 .net "y", 0 0, L_0000020f982ec160;  alias, 1 drivers
L_0000020f982ebf80 .part o0000020f98241048, 12, 4;
L_0000020f982ed4c0 .part L_0000020f98291110, 12, 4;
L_0000020f982ec020 .part o0000020f98241048, 0, 12;
L_0000020f982eb120 .part L_0000020f98291110, 0, 12;
L_0000020f982ed420 .part L_0000020f982ebf80, 3, 1;
L_0000020f982ec480 .part L_0000020f982ed4c0, 3, 1;
L_0000020f982ebe40 .cmp/gt 1, L_0000020f982ed420, L_0000020f982ec480;
L_0000020f982ebbc0 .part L_0000020f982ebf80, 3, 1;
L_0000020f982ec520 .part L_0000020f982ed4c0, 3, 1;
L_0000020f982eae00 .part L_0000020f982ebf80, 0, 3;
L_0000020f982eb620 .part L_0000020f982ed4c0, 0, 3;
L_0000020f982ecde0 .cmp/gt 3, L_0000020f982eae00, L_0000020f982eb620;
L_0000020f982eaea0 .part L_0000020f982ebf80, 0, 3;
L_0000020f982ecb60 .part L_0000020f982ed4c0, 0, 3;
L_0000020f982eca20 .cmp/ne 3, L_0000020f982eaea0, L_0000020f982ecb60;
L_0000020f982eb260 .cmp/gt 12, L_0000020f982ec020, L_0000020f982eb120;
L_0000020f982ec3e0 .functor MUXZ 2, L_0000020f982910c8, L_0000020f98291080, L_0000020f982eb260, C4<>;
L_0000020f982ec0c0 .functor MUXZ 2, L_0000020f982ec3e0, L_0000020f98291038, L_0000020f982eca20, C4<>;
L_0000020f982ec840 .functor MUXZ 2, L_0000020f982ec0c0, L_0000020f98290ff0, L_0000020f982ecde0, C4<>;
L_0000020f982ecfc0 .functor MUXZ 2, L_0000020f982ec840, L_0000020f98290fa8, L_0000020f981dff40, C4<>;
L_0000020f982eb6c0 .functor MUXZ 2, L_0000020f982ecfc0, L_0000020f98290f60, L_0000020f982ebe40, C4<>;
L_0000020f982ec160 .part L_0000020f982eb6c0, 0, 1;
S_0000020f9823d090 .scope module, "s5" "sig_comparator" 2 78, 4 3 0, S_0000020f981974d0;
 .timescale -9 -12;
    .port_info 0 /INPUT 1 "clk";
    .port_info 1 /INPUT 1 "rst";
    .port_info 2 /INPUT 16 "a";
    .port_info 3 /INPUT 16 "b";
    .port_info 4 /OUTPUT 1 "y";
P_0000020f98174860 .param/l "N" 0 4 5, +C4<00000000000000000000000000010000>;
P_0000020f98174898 .param/l "Q" 0 4 4, +C4<00000000000000000000000000001100>;
L_0000020f981dfd10 .functor XOR 1, L_0000020f982ea0e0, L_0000020f982ea2c0, C4<0>, C4<0>;
v0000020f98285800_0 .net *"_ivl_11", 0 0, L_0000020f982e9f00;  1 drivers
v0000020f98285260_0 .net *"_ivl_12", 0 0, L_0000020f982e9fa0;  1 drivers
L_0000020f98290d68 .functor BUFT 1, C4<00>, C4<0>, C4<0>, C4<0>;
v0000020f98285080_0 .net/2s *"_ivl_14", 1 0, L_0000020f98290d68;  1 drivers
v0000020f982858a0_0 .net *"_ivl_17", 0 0, L_0000020f982ea0e0;  1 drivers
v0000020f98283d20_0 .net *"_ivl_19", 0 0, L_0000020f982ea2c0;  1 drivers
v0000020f98283dc0_0 .net *"_ivl_20", 0 0, L_0000020f981dfd10;  1 drivers
L_0000020f98290db0 .functor BUFT 1, C4<01>, C4<0>, C4<0>, C4<0>;
v0000020f982844a0_0 .net/2s *"_ivl_22", 1 0, L_0000020f98290db0;  1 drivers
v0000020f98285b20_0 .net *"_ivl_25", 2 0, L_0000020f982ed2e0;  1 drivers
v0000020f98284540_0 .net *"_ivl_27", 2 0, L_0000020f982ed060;  1 drivers
v0000020f98284ea0_0 .net *"_ivl_28", 0 0, L_0000020f982ebd00;  1 drivers
L_0000020f98290df8 .functor BUFT 1, C4<01>, C4<0>, C4<0>, C4<0>;
v0000020f98285bc0_0 .net/2s *"_ivl_30", 1 0, L_0000020f98290df8;  1 drivers
v0000020f98283e60_0 .net *"_ivl_33", 2 0, L_0000020f982ebee0;  1 drivers
v0000020f98283f00_0 .net *"_ivl_35", 2 0, L_0000020f982eb080;  1 drivers
v0000020f98283fa0_0 .net *"_ivl_36", 0 0, L_0000020f982ebc60;  1 drivers
L_0000020f98290e40 .functor BUFT 1, C4<00>, C4<0>, C4<0>, C4<0>;
v0000020f98284180_0 .net/2s *"_ivl_38", 1 0, L_0000020f98290e40;  1 drivers
v0000020f982847c0_0 .net *"_ivl_40", 0 0, L_0000020f982ebda0;  1 drivers
L_0000020f98290e88 .functor BUFT 1, C4<01>, C4<0>, C4<0>, C4<0>;
v0000020f982845e0_0 .net/2s *"_ivl_42", 1 0, L_0000020f98290e88;  1 drivers
L_0000020f98290ed0 .functor BUFT 1, C4<00>, C4<0>, C4<0>, C4<0>;
v0000020f98285120_0 .net/2s *"_ivl_44", 1 0, L_0000020f98290ed0;  1 drivers
v0000020f98284220_0 .net *"_ivl_46", 1 0, L_0000020f982ec5c0;  1 drivers
v0000020f98284680_0 .net *"_ivl_48", 1 0, L_0000020f982eb1c0;  1 drivers
v0000020f982849a0_0 .net *"_ivl_50", 1 0, L_0000020f982ed240;  1 drivers
v0000020f98284a40_0 .net *"_ivl_52", 1 0, L_0000020f982ebb20;  1 drivers
v0000020f98284ae0_0 .net *"_ivl_54", 1 0, L_0000020f982ec340;  1 drivers
v0000020f98284f40_0 .net *"_ivl_9", 0 0, L_0000020f982e9dc0;  1 drivers
v0000020f98284b80_0 .net "a", 15 0, o0000020f98241048;  alias, 0 drivers
L_0000020f98290f18 .functor BUFT 1, C4<0000000000000000>, C4<0>, C4<0>, C4<0>;
v0000020f98286160_0 .net "b", 15 0, L_0000020f98290f18;  1 drivers
o0000020f982434a8 .functor BUFZ 1, C4<z>; HiZ drive
v0000020f98286d40_0 .net "clk", 0 0, o0000020f982434a8;  0 drivers
v0000020f982863e0_0 .net "frac_a", 11 0, L_0000020f982e9be0;  1 drivers
v0000020f98286e80_0 .net "frac_b", 11 0, L_0000020f982e9d20;  1 drivers
v0000020f98286ca0_0 .net "int_a", 15 12, L_0000020f982e9280;  1 drivers
v0000020f98286520_0 .net "int_b", 15 12, L_0000020f982e9820;  1 drivers
o0000020f98243598 .functor BUFZ 1, C4<z>; HiZ drive
v0000020f98286de0_0 .net "rst", 0 0, o0000020f98243598;  0 drivers
v0000020f98286840_0 .net "y", 0 0, L_0000020f982ed100;  alias, 1 drivers
L_0000020f982e9280 .part o0000020f98241048, 12, 4;
L_0000020f982e9820 .part L_0000020f98290f18, 12, 4;
L_0000020f982e9be0 .part o0000020f98241048, 0, 12;
L_0000020f982e9d20 .part L_0000020f98290f18, 0, 12;
L_0000020f982e9dc0 .part L_0000020f982e9280, 3, 1;
L_0000020f982e9f00 .part L_0000020f982e9820, 3, 1;
L_0000020f982e9fa0 .cmp/gt 1, L_0000020f982e9dc0, L_0000020f982e9f00;
L_0000020f982ea0e0 .part L_0000020f982e9280, 3, 1;
L_0000020f982ea2c0 .part L_0000020f982e9820, 3, 1;
L_0000020f982ed2e0 .part L_0000020f982e9280, 0, 3;
L_0000020f982ed060 .part L_0000020f982e9820, 0, 3;
L_0000020f982ebd00 .cmp/gt 3, L_0000020f982ed2e0, L_0000020f982ed060;
L_0000020f982ebee0 .part L_0000020f982e9280, 0, 3;
L_0000020f982eb080 .part L_0000020f982e9820, 0, 3;
L_0000020f982ebc60 .cmp/ne 3, L_0000020f982ebee0, L_0000020f982eb080;
L_0000020f982ebda0 .cmp/gt 12, L_0000020f982e9be0, L_0000020f982e9d20;
L_0000020f982ec5c0 .functor MUXZ 2, L_0000020f98290ed0, L_0000020f98290e88, L_0000020f982ebda0, C4<>;
L_0000020f982eb1c0 .functor MUXZ 2, L_0000020f982ec5c0, L_0000020f98290e40, L_0000020f982ebc60, C4<>;
L_0000020f982ed240 .functor MUXZ 2, L_0000020f982eb1c0, L_0000020f98290df8, L_0000020f982ebd00, C4<>;
L_0000020f982ebb20 .functor MUXZ 2, L_0000020f982ed240, L_0000020f98290db0, L_0000020f981dfd10, C4<>;
L_0000020f982ec340 .functor MUXZ 2, L_0000020f982ebb20, L_0000020f98290d68, L_0000020f982e9fa0, C4<>;
L_0000020f982ed100 .part L_0000020f982ec340, 0, 1;
S_0000020f9823d430 .scope module, "s6" "sig_comparator" 2 71, 4 3 0, S_0000020f981974d0;
 .timescale -9 -12;
    .port_info 0 /INPUT 1 "clk";
    .port_info 1 /INPUT 1 "rst";
    .port_info 2 /INPUT 16 "a";
    .port_info 3 /INPUT 16 "b";
    .port_info 4 /OUTPUT 1 "y";
P_0000020f98176460 .param/l "N" 0 4 5, +C4<00000000000000000000000000010000>;
P_0000020f98176498 .param/l "Q" 0 4 4, +C4<00000000000000000000000000001100>;
L_0000020f981dfed0 .functor XOR 1, L_0000020f982e8f60, L_0000020f982e9460, C4<0>, C4<0>;
v0000020f982872e0_0 .net *"_ivl_11", 0 0, L_0000020f982e8d80;  1 drivers
v0000020f98285f80_0 .net *"_ivl_12", 0 0, L_0000020f982e8e20;  1 drivers
L_0000020f98290b70 .functor BUFT 1, C4<00>, C4<0>, C4<0>, C4<0>;
v0000020f982865c0_0 .net/2s *"_ivl_14", 1 0, L_0000020f98290b70;  1 drivers
v0000020f98287380_0 .net *"_ivl_17", 0 0, L_0000020f982e8f60;  1 drivers
v0000020f98286660_0 .net *"_ivl_19", 0 0, L_0000020f982e9460;  1 drivers
v0000020f98286020_0 .net *"_ivl_20", 0 0, L_0000020f981dfed0;  1 drivers
L_0000020f98290bb8 .functor BUFT 1, C4<01>, C4<0>, C4<0>, C4<0>;
v0000020f98285da0_0 .net/2s *"_ivl_22", 1 0, L_0000020f98290bb8;  1 drivers
v0000020f98287420_0 .net *"_ivl_25", 2 0, L_0000020f982e9000;  1 drivers
v0000020f982867a0_0 .net *"_ivl_27", 2 0, L_0000020f982e9640;  1 drivers
v0000020f98286700_0 .net *"_ivl_28", 0 0, L_0000020f982e9500;  1 drivers
L_0000020f98290c00 .functor BUFT 1, C4<01>, C4<0>, C4<0>, C4<0>;
v0000020f98286480_0 .net/2s *"_ivl_30", 1 0, L_0000020f98290c00;  1 drivers
v0000020f98285e40_0 .net *"_ivl_33", 2 0, L_0000020f982e9c80;  1 drivers
v0000020f98286f20_0 .net *"_ivl_35", 2 0, L_0000020f982ea860;  1 drivers
v0000020f98287240_0 .net *"_ivl_36", 0 0, L_0000020f982e90a0;  1 drivers
L_0000020f98290c48 .functor BUFT 1, C4<00>, C4<0>, C4<0>, C4<0>;
v0000020f982868e0_0 .net/2s *"_ivl_38", 1 0, L_0000020f98290c48;  1 drivers
v0000020f98286200_0 .net *"_ivl_40", 0 0, L_0000020f982e9140;  1 drivers
L_0000020f98290c90 .functor BUFT 1, C4<01>, C4<0>, C4<0>, C4<0>;
v0000020f98285ee0_0 .net/2s *"_ivl_42", 1 0, L_0000020f98290c90;  1 drivers
L_0000020f98290cd8 .functor BUFT 1, C4<00>, C4<0>, C4<0>, C4<0>;
v0000020f982860c0_0 .net/2s *"_ivl_44", 1 0, L_0000020f98290cd8;  1 drivers
v0000020f982862a0_0 .net *"_ivl_46", 1 0, L_0000020f982ea180;  1 drivers
v0000020f98286c00_0 .net *"_ivl_48", 1 0, L_0000020f982e91e0;  1 drivers
v0000020f98286340_0 .net *"_ivl_50", 1 0, L_0000020f982e9320;  1 drivers
v0000020f98286980_0 .net *"_ivl_52", 1 0, L_0000020f982eaa40;  1 drivers
v0000020f98286a20_0 .net *"_ivl_54", 1 0, L_0000020f982eaae0;  1 drivers
v0000020f98287060_0 .net *"_ivl_9", 0 0, L_0000020f982e9b40;  1 drivers
v0000020f98287100_0 .net "a", 15 0, o0000020f98241048;  alias, 0 drivers
L_0000020f98290d20 .functor BUFT 1, C4<0001100000000000>, C4<0>, C4<0>, C4<0>;
v0000020f98286ac0_0 .net "b", 15 0, L_0000020f98290d20;  1 drivers
o0000020f98243b98 .functor BUFZ 1, C4<z>; HiZ drive
v0000020f98286b60_0 .net "clk", 0 0, o0000020f98243b98;  0 drivers
v0000020f98286fc0_0 .net "frac_a", 11 0, L_0000020f982e8ec0;  1 drivers
v0000020f982871a0_0 .net "frac_b", 11 0, L_0000020f982ea900;  1 drivers
v0000020f9828adf0_0 .net "int_a", 15 12, L_0000020f982ea7c0;  1 drivers
v0000020f9828aad0_0 .net "int_b", 15 12, L_0000020f982e8c40;  1 drivers
o0000020f98243c88 .functor BUFZ 1, C4<z>; HiZ drive
v0000020f9828b250_0 .net "rst", 0 0, o0000020f98243c88;  0 drivers
v0000020f9828afd0_0 .net "y", 0 0, L_0000020f982e95a0;  alias, 1 drivers
L_0000020f982ea7c0 .part o0000020f98241048, 12, 4;
L_0000020f982e8c40 .part L_0000020f98290d20, 12, 4;
L_0000020f982e8ec0 .part o0000020f98241048, 0, 12;
L_0000020f982ea900 .part L_0000020f98290d20, 0, 12;
L_0000020f982e9b40 .part L_0000020f982ea7c0, 3, 1;
L_0000020f982e8d80 .part L_0000020f982e8c40, 3, 1;
L_0000020f982e8e20 .cmp/gt 1, L_0000020f982e9b40, L_0000020f982e8d80;
L_0000020f982e8f60 .part L_0000020f982ea7c0, 3, 1;
L_0000020f982e9460 .part L_0000020f982e8c40, 3, 1;
L_0000020f982e9000 .part L_0000020f982ea7c0, 0, 3;
L_0000020f982e9640 .part L_0000020f982e8c40, 0, 3;
L_0000020f982e9500 .cmp/gt 3, L_0000020f982e9000, L_0000020f982e9640;
L_0000020f982e9c80 .part L_0000020f982ea7c0, 0, 3;
L_0000020f982ea860 .part L_0000020f982e8c40, 0, 3;
L_0000020f982e90a0 .cmp/ne 3, L_0000020f982e9c80, L_0000020f982ea860;
L_0000020f982e9140 .cmp/gt 12, L_0000020f982e8ec0, L_0000020f982ea900;
L_0000020f982ea180 .functor MUXZ 2, L_0000020f98290cd8, L_0000020f98290c90, L_0000020f982e9140, C4<>;
L_0000020f982e91e0 .functor MUXZ 2, L_0000020f982ea180, L_0000020f98290c48, L_0000020f982e90a0, C4<>;
L_0000020f982e9320 .functor MUXZ 2, L_0000020f982e91e0, L_0000020f98290c00, L_0000020f982e9500, C4<>;
L_0000020f982eaa40 .functor MUXZ 2, L_0000020f982e9320, L_0000020f98290bb8, L_0000020f981dfed0, C4<>;
L_0000020f982eaae0 .functor MUXZ 2, L_0000020f982eaa40, L_0000020f98290b70, L_0000020f982e8e20, C4<>;
L_0000020f982e95a0 .part L_0000020f982eaae0, 0, 1;
S_0000020f9823dbd0 .scope module, "s7" "sig_comparator" 2 64, 4 3 0, S_0000020f981974d0;
 .timescale -9 -12;
    .port_info 0 /INPUT 1 "clk";
    .port_info 1 /INPUT 1 "rst";
    .port_info 2 /INPUT 16 "a";
    .port_info 3 /INPUT 16 "b";
    .port_info 4 /OUTPUT 1 "y";
P_0000020f981753e0 .param/l "N" 0 4 5, +C4<00000000000000000000000000010000>;
P_0000020f98175418 .param/l "Q" 0 4 4, +C4<00000000000000000000000000001100>;
L_0000020f981dfb50 .functor XOR 1, L_0000020f982e9a00, L_0000020f982ea4a0, C4<0>, C4<0>;
v0000020f9828a5d0_0 .net *"_ivl_11", 0 0, L_0000020f982e9780;  1 drivers
v0000020f9828a3f0_0 .net *"_ivl_12", 0 0, L_0000020f982ea400;  1 drivers
L_0000020f98290978 .functor BUFT 1, C4<00>, C4<0>, C4<0>, C4<0>;
v0000020f9828a2b0_0 .net/2s *"_ivl_14", 1 0, L_0000020f98290978;  1 drivers
v0000020f9828a490_0 .net *"_ivl_17", 0 0, L_0000020f982e9a00;  1 drivers
v0000020f9828a530_0 .net *"_ivl_19", 0 0, L_0000020f982ea4a0;  1 drivers
v0000020f9828a350_0 .net *"_ivl_20", 0 0, L_0000020f981dfb50;  1 drivers
L_0000020f982909c0 .functor BUFT 1, C4<01>, C4<0>, C4<0>, C4<0>;
v0000020f9828ac10_0 .net/2s *"_ivl_22", 1 0, L_0000020f982909c0;  1 drivers
v0000020f9828a670_0 .net *"_ivl_25", 2 0, L_0000020f982e9aa0;  1 drivers
v0000020f9828b110_0 .net *"_ivl_27", 2 0, L_0000020f982eacc0;  1 drivers
v0000020f9828a710_0 .net *"_ivl_28", 0 0, L_0000020f982ead60;  1 drivers
L_0000020f98290a08 .functor BUFT 1, C4<01>, C4<0>, C4<0>, C4<0>;
v0000020f9828b430_0 .net/2s *"_ivl_30", 1 0, L_0000020f98290a08;  1 drivers
v0000020f9828a7b0_0 .net *"_ivl_33", 2 0, L_0000020f982ea5e0;  1 drivers
v0000020f9828a850_0 .net *"_ivl_35", 2 0, L_0000020f982e8600;  1 drivers
v0000020f9828a8f0_0 .net *"_ivl_36", 0 0, L_0000020f982e8880;  1 drivers
L_0000020f98290a50 .functor BUFT 1, C4<00>, C4<0>, C4<0>, C4<0>;
v0000020f9828ae90_0 .net/2s *"_ivl_38", 1 0, L_0000020f98290a50;  1 drivers
v0000020f9828a990_0 .net *"_ivl_40", 0 0, L_0000020f982e93c0;  1 drivers
L_0000020f98290a98 .functor BUFT 1, C4<01>, C4<0>, C4<0>, C4<0>;
v0000020f9828aa30_0 .net/2s *"_ivl_42", 1 0, L_0000020f98290a98;  1 drivers
L_0000020f98290ae0 .functor BUFT 1, C4<00>, C4<0>, C4<0>, C4<0>;
v0000020f9828ab70_0 .net/2s *"_ivl_44", 1 0, L_0000020f98290ae0;  1 drivers
v0000020f9828b2f0_0 .net *"_ivl_46", 1 0, L_0000020f982e8ce0;  1 drivers
v0000020f9828b1b0_0 .net *"_ivl_48", 1 0, L_0000020f982e98c0;  1 drivers
v0000020f9828acb0_0 .net *"_ivl_50", 1 0, L_0000020f982e8a60;  1 drivers
v0000020f9828b390_0 .net *"_ivl_52", 1 0, L_0000020f982e8ba0;  1 drivers
v0000020f98289ef0_0 .net *"_ivl_54", 1 0, L_0000020f982ea680;  1 drivers
v0000020f9828b070_0 .net *"_ivl_9", 0 0, L_0000020f982e8b00;  1 drivers
v0000020f98289db0_0 .net "a", 15 0, o0000020f98241048;  alias, 0 drivers
L_0000020f98290b28 .functor BUFT 1, C4<0011000000000000>, C4<0>, C4<0>, C4<0>;
v0000020f9828ad50_0 .net "b", 15 0, L_0000020f98290b28;  1 drivers
o0000020f98244288 .functor BUFZ 1, C4<z>; HiZ drive
v0000020f98289e50_0 .net "clk", 0 0, o0000020f98244288;  0 drivers
v0000020f9828af30_0 .net "frac_a", 11 0, L_0000020f982e9e60;  1 drivers
v0000020f98289f90_0 .net "frac_b", 11 0, L_0000020f982e89c0;  1 drivers
v0000020f9828a0d0_0 .net "int_a", 15 12, L_0000020f982eab80;  1 drivers
v0000020f9828a030_0 .net "int_b", 15 12, L_0000020f982e87e0;  1 drivers
o0000020f98244378 .functor BUFZ 1, C4<z>; HiZ drive
v0000020f9828a170_0 .net "rst", 0 0, o0000020f98244378;  0 drivers
v0000020f9828a210_0 .net "y", 0 0, L_0000020f982ea720;  alias, 1 drivers
L_0000020f982eab80 .part o0000020f98241048, 12, 4;
L_0000020f982e87e0 .part L_0000020f98290b28, 12, 4;
L_0000020f982e9e60 .part o0000020f98241048, 0, 12;
L_0000020f982e89c0 .part L_0000020f98290b28, 0, 12;
L_0000020f982e8b00 .part L_0000020f982eab80, 3, 1;
L_0000020f982e9780 .part L_0000020f982e87e0, 3, 1;
L_0000020f982ea400 .cmp/gt 1, L_0000020f982e8b00, L_0000020f982e9780;
L_0000020f982e9a00 .part L_0000020f982eab80, 3, 1;
L_0000020f982ea4a0 .part L_0000020f982e87e0, 3, 1;
L_0000020f982e9aa0 .part L_0000020f982eab80, 0, 3;
L_0000020f982eacc0 .part L_0000020f982e87e0, 0, 3;
L_0000020f982ead60 .cmp/gt 3, L_0000020f982e9aa0, L_0000020f982eacc0;
L_0000020f982ea5e0 .part L_0000020f982eab80, 0, 3;
L_0000020f982e8600 .part L_0000020f982e87e0, 0, 3;
L_0000020f982e8880 .cmp/ne 3, L_0000020f982ea5e0, L_0000020f982e8600;
L_0000020f982e93c0 .cmp/gt 12, L_0000020f982e9e60, L_0000020f982e89c0;
L_0000020f982e8ce0 .functor MUXZ 2, L_0000020f98290ae0, L_0000020f98290a98, L_0000020f982e93c0, C4<>;
L_0000020f982e98c0 .functor MUXZ 2, L_0000020f982e8ce0, L_0000020f98290a50, L_0000020f982e8880, C4<>;
L_0000020f982e8a60 .functor MUXZ 2, L_0000020f982e98c0, L_0000020f98290a08, L_0000020f982ead60, C4<>;
L_0000020f982e8ba0 .functor MUXZ 2, L_0000020f982e8a60, L_0000020f982909c0, L_0000020f981dfb50, C4<>;
L_0000020f982ea680 .functor MUXZ 2, L_0000020f982e8ba0, L_0000020f98290978, L_0000020f982ea400, C4<>;
L_0000020f982ea720 .part L_0000020f982ea680, 0, 1;
S_0000020f9823df70 .scope module, "s8" "sig_comparator" 2 57, 4 3 0, S_0000020f981974d0;
 .timescale -9 -12;
    .port_info 0 /INPUT 1 "clk";
    .port_info 1 /INPUT 1 "rst";
    .port_info 2 /INPUT 16 "a";
    .port_info 3 /INPUT 16 "b";
    .port_info 4 /OUTPUT 1 "y";
P_0000020f98174b60 .param/l "N" 0 4 5, +C4<00000000000000000000000000010000>;
P_0000020f98174b98 .param/l "Q" 0 4 4, +C4<00000000000000000000000000001100>;
L_0000020f981dfae0 .functor XOR 1, L_0000020f9828f120, L_0000020f9828f260, C4<0>, C4<0>;
v0000020f98289270_0 .net *"_ivl_11", 0 0, L_0000020f9828eea0;  1 drivers
v0000020f98288690_0 .net *"_ivl_12", 0 0, L_0000020f9828f080;  1 drivers
L_0000020f98290780 .functor BUFT 1, C4<00>, C4<0>, C4<0>, C4<0>;
v0000020f98289c70_0 .net/2s *"_ivl_14", 1 0, L_0000020f98290780;  1 drivers
v0000020f982884b0_0 .net *"_ivl_17", 0 0, L_0000020f9828f120;  1 drivers
v0000020f982876f0_0 .net *"_ivl_19", 0 0, L_0000020f9828f260;  1 drivers
v0000020f98289bd0_0 .net *"_ivl_20", 0 0, L_0000020f981dfae0;  1 drivers
L_0000020f982907c8 .functor BUFT 1, C4<01>, C4<0>, C4<0>, C4<0>;
v0000020f98287a10_0 .net/2s *"_ivl_22", 1 0, L_0000020f982907c8;  1 drivers
v0000020f98288410_0 .net *"_ivl_25", 2 0, L_0000020f9828e0e0;  1 drivers
v0000020f98288550_0 .net *"_ivl_27", 2 0, L_0000020f9828e2c0;  1 drivers
v0000020f98288d70_0 .net *"_ivl_28", 0 0, L_0000020f982e9960;  1 drivers
L_0000020f98290810 .functor BUFT 1, C4<01>, C4<0>, C4<0>, C4<0>;
v0000020f982882d0_0 .net/2s *"_ivl_30", 1 0, L_0000020f98290810;  1 drivers
v0000020f98288cd0_0 .net *"_ivl_33", 2 0, L_0000020f982ea040;  1 drivers
v0000020f982893b0_0 .net *"_ivl_35", 2 0, L_0000020f982eac20;  1 drivers
v0000020f982891d0_0 .net *"_ivl_36", 0 0, L_0000020f982ea540;  1 drivers
L_0000020f98290858 .functor BUFT 1, C4<00>, C4<0>, C4<0>, C4<0>;
v0000020f98289310_0 .net/2s *"_ivl_38", 1 0, L_0000020f98290858;  1 drivers
v0000020f98288050_0 .net *"_ivl_40", 0 0, L_0000020f982e8920;  1 drivers
L_0000020f982908a0 .functor BUFT 1, C4<01>, C4<0>, C4<0>, C4<0>;
v0000020f98287650_0 .net/2s *"_ivl_42", 1 0, L_0000020f982908a0;  1 drivers
L_0000020f982908e8 .functor BUFT 1, C4<00>, C4<0>, C4<0>, C4<0>;
v0000020f98288730_0 .net/2s *"_ivl_44", 1 0, L_0000020f982908e8;  1 drivers
v0000020f982887d0_0 .net *"_ivl_46", 1 0, L_0000020f982e8740;  1 drivers
v0000020f98289090_0 .net *"_ivl_48", 1 0, L_0000020f982ea220;  1 drivers
v0000020f98287c90_0 .net *"_ivl_50", 1 0, L_0000020f982e86a0;  1 drivers
v0000020f98289d10_0 .net *"_ivl_52", 1 0, L_0000020f982e96e0;  1 drivers
v0000020f98288910_0 .net *"_ivl_54", 1 0, L_0000020f982ea360;  1 drivers
v0000020f982896d0_0 .net *"_ivl_9", 0 0, L_0000020f9828ee00;  1 drivers
v0000020f982875b0_0 .net "a", 15 0, o0000020f98241048;  alias, 0 drivers
L_0000020f98290930 .functor BUFT 1, C4<0100100000000000>, C4<0>, C4<0>, C4<0>;
v0000020f98288e10_0 .net "b", 15 0, L_0000020f98290930;  1 drivers
o0000020f98244978 .functor BUFZ 1, C4<z>; HiZ drive
v0000020f98288eb0_0 .net "clk", 0 0, o0000020f98244978;  0 drivers
v0000020f98287d30_0 .net "frac_a", 11 0, L_0000020f9828f440;  1 drivers
v0000020f98289130_0 .net "frac_b", 11 0, L_0000020f9828e040;  1 drivers
v0000020f98287f10_0 .net "int_a", 15 12, L_0000020f9828ecc0;  1 drivers
v0000020f98288870_0 .net "int_b", 15 12, L_0000020f9828ed60;  1 drivers
o0000020f98244a68 .functor BUFZ 1, C4<z>; HiZ drive
v0000020f982885f0_0 .net "rst", 0 0, o0000020f98244a68;  0 drivers
v0000020f98288370_0 .net "y", 0 0, L_0000020f982ea9a0;  alias, 1 drivers
L_0000020f9828ecc0 .part o0000020f98241048, 12, 4;
L_0000020f9828ed60 .part L_0000020f98290930, 12, 4;
L_0000020f9828f440 .part o0000020f98241048, 0, 12;
L_0000020f9828e040 .part L_0000020f98290930, 0, 12;
L_0000020f9828ee00 .part L_0000020f9828ecc0, 3, 1;
L_0000020f9828eea0 .part L_0000020f9828ed60, 3, 1;
L_0000020f9828f080 .cmp/gt 1, L_0000020f9828ee00, L_0000020f9828eea0;
L_0000020f9828f120 .part L_0000020f9828ecc0, 3, 1;
L_0000020f9828f260 .part L_0000020f9828ed60, 3, 1;
L_0000020f9828e0e0 .part L_0000020f9828ecc0, 0, 3;
L_0000020f9828e2c0 .part L_0000020f9828ed60, 0, 3;
L_0000020f982e9960 .cmp/gt 3, L_0000020f9828e0e0, L_0000020f9828e2c0;
L_0000020f982ea040 .part L_0000020f9828ecc0, 0, 3;
L_0000020f982eac20 .part L_0000020f9828ed60, 0, 3;
L_0000020f982ea540 .cmp/ne 3, L_0000020f982ea040, L_0000020f982eac20;
L_0000020f982e8920 .cmp/gt 12, L_0000020f9828f440, L_0000020f9828e040;
L_0000020f982e8740 .functor MUXZ 2, L_0000020f982908e8, L_0000020f982908a0, L_0000020f982e8920, C4<>;
L_0000020f982ea220 .functor MUXZ 2, L_0000020f982e8740, L_0000020f98290858, L_0000020f982ea540, C4<>;
L_0000020f982e86a0 .functor MUXZ 2, L_0000020f982ea220, L_0000020f98290810, L_0000020f982e9960, C4<>;
L_0000020f982e96e0 .functor MUXZ 2, L_0000020f982e86a0, L_0000020f982907c8, L_0000020f981dfae0, C4<>;
L_0000020f982ea360 .functor MUXZ 2, L_0000020f982e96e0, L_0000020f98290780, L_0000020f9828f080, C4<>;
L_0000020f982ea9a0 .part L_0000020f982ea360, 0, 1;
S_0000020f9823e310 .scope module, "s9" "sig_comparator" 2 50, 4 3 0, S_0000020f981974d0;
 .timescale -9 -12;
    .port_info 0 /INPUT 1 "clk";
    .port_info 1 /INPUT 1 "rst";
    .port_info 2 /INPUT 16 "a";
    .port_info 3 /INPUT 16 "b";
    .port_info 4 /OUTPUT 1 "y";
P_0000020f981765e0 .param/l "N" 0 4 5, +C4<00000000000000000000000000010000>;
P_0000020f98176618 .param/l "Q" 0 4 4, +C4<00000000000000000000000000001100>;
L_0000020f981dfa70 .functor XOR 1, L_0000020f9828e860, L_0000020f9828f1c0, C4<0>, C4<0>;
v0000020f982889b0_0 .net *"_ivl_11", 0 0, L_0000020f9828e540;  1 drivers
v0000020f98287790_0 .net *"_ivl_12", 0 0, L_0000020f9828e680;  1 drivers
L_0000020f98290588 .functor BUFT 1, C4<00>, C4<0>, C4<0>, C4<0>;
v0000020f98288c30_0 .net/2s *"_ivl_14", 1 0, L_0000020f98290588;  1 drivers
v0000020f98288a50_0 .net *"_ivl_17", 0 0, L_0000020f9828e860;  1 drivers
v0000020f98287830_0 .net *"_ivl_19", 0 0, L_0000020f9828f1c0;  1 drivers
v0000020f98289450_0 .net *"_ivl_20", 0 0, L_0000020f981dfa70;  1 drivers
L_0000020f982905d0 .functor BUFT 1, C4<01>, C4<0>, C4<0>, C4<0>;
v0000020f982894f0_0 .net/2s *"_ivl_22", 1 0, L_0000020f982905d0;  1 drivers
v0000020f98287970_0 .net *"_ivl_25", 2 0, L_0000020f9828de60;  1 drivers
v0000020f98288af0_0 .net *"_ivl_27", 2 0, L_0000020f9828e900;  1 drivers
v0000020f982878d0_0 .net *"_ivl_28", 0 0, L_0000020f9828e9a0;  1 drivers
L_0000020f98290618 .functor BUFT 1, C4<01>, C4<0>, C4<0>, C4<0>;
v0000020f98289590_0 .net/2s *"_ivl_30", 1 0, L_0000020f98290618;  1 drivers
v0000020f98288b90_0 .net *"_ivl_33", 2 0, L_0000020f9828df00;  1 drivers
v0000020f98289630_0 .net *"_ivl_35", 2 0, L_0000020f9828f300;  1 drivers
v0000020f98288f50_0 .net *"_ivl_36", 0 0, L_0000020f9828ea40;  1 drivers
L_0000020f98290660 .functor BUFT 1, C4<00>, C4<0>, C4<0>, C4<0>;
v0000020f98288ff0_0 .net/2s *"_ivl_38", 1 0, L_0000020f98290660;  1 drivers
v0000020f98289810_0 .net *"_ivl_40", 0 0, L_0000020f9828e180;  1 drivers
L_0000020f982906a8 .functor BUFT 1, C4<01>, C4<0>, C4<0>, C4<0>;
v0000020f98289770_0 .net/2s *"_ivl_42", 1 0, L_0000020f982906a8;  1 drivers
L_0000020f982906f0 .functor BUFT 1, C4<00>, C4<0>, C4<0>, C4<0>;
v0000020f98288230_0 .net/2s *"_ivl_44", 1 0, L_0000020f982906f0;  1 drivers
v0000020f982898b0_0 .net *"_ivl_46", 1 0, L_0000020f9828f3a0;  1 drivers
v0000020f98289950_0 .net *"_ivl_48", 1 0, L_0000020f9828efe0;  1 drivers
v0000020f982899f0_0 .net *"_ivl_50", 1 0, L_0000020f9828eb80;  1 drivers
v0000020f98289a90_0 .net *"_ivl_52", 1 0, L_0000020f9828dfa0;  1 drivers
v0000020f98287e70_0 .net *"_ivl_54", 1 0, L_0000020f9828ec20;  1 drivers
v0000020f98289b30_0 .net *"_ivl_9", 0 0, L_0000020f9828e720;  1 drivers
v0000020f98287ab0_0 .net "a", 15 0, o0000020f98241048;  alias, 0 drivers
L_0000020f98290738 .functor BUFT 1, C4<0110000000000000>, C4<0>, C4<0>, C4<0>;
v0000020f98287b50_0 .net "b", 15 0, L_0000020f98290738;  1 drivers
o0000020f98245068 .functor BUFZ 1, C4<z>; HiZ drive
v0000020f98287bf0_0 .net "clk", 0 0, o0000020f98245068;  0 drivers
v0000020f98287dd0_0 .net "frac_a", 11 0, L_0000020f9828e7c0;  1 drivers
v0000020f98287fb0_0 .net "frac_b", 11 0, L_0000020f9828ddc0;  1 drivers
v0000020f982880f0_0 .net "int_a", 15 12, L_0000020f9828ef40;  1 drivers
v0000020f98288190_0 .net "int_b", 15 12, L_0000020f9828e4a0;  1 drivers
o0000020f98245158 .functor BUFZ 1, C4<z>; HiZ drive
v0000020f9828bca0_0 .net "rst", 0 0, o0000020f98245158;  0 drivers
v0000020f9828be80_0 .net "y", 0 0, L_0000020f9828e220;  alias, 1 drivers
L_0000020f9828ef40 .part o0000020f98241048, 12, 4;
L_0000020f9828e4a0 .part L_0000020f98290738, 12, 4;
L_0000020f9828e7c0 .part o0000020f98241048, 0, 12;
L_0000020f9828ddc0 .part L_0000020f98290738, 0, 12;
L_0000020f9828e720 .part L_0000020f9828ef40, 3, 1;
L_0000020f9828e540 .part L_0000020f9828e4a0, 3, 1;
L_0000020f9828e680 .cmp/gt 1, L_0000020f9828e720, L_0000020f9828e540;
L_0000020f9828e860 .part L_0000020f9828ef40, 3, 1;
L_0000020f9828f1c0 .part L_0000020f9828e4a0, 3, 1;
L_0000020f9828de60 .part L_0000020f9828ef40, 0, 3;
L_0000020f9828e900 .part L_0000020f9828e4a0, 0, 3;
L_0000020f9828e9a0 .cmp/gt 3, L_0000020f9828de60, L_0000020f9828e900;
L_0000020f9828df00 .part L_0000020f9828ef40, 0, 3;
L_0000020f9828f300 .part L_0000020f9828e4a0, 0, 3;
L_0000020f9828ea40 .cmp/ne 3, L_0000020f9828df00, L_0000020f9828f300;
L_0000020f9828e180 .cmp/gt 12, L_0000020f9828e7c0, L_0000020f9828ddc0;
L_0000020f9828f3a0 .functor MUXZ 2, L_0000020f982906f0, L_0000020f982906a8, L_0000020f9828e180, C4<>;
L_0000020f9828efe0 .functor MUXZ 2, L_0000020f9828f3a0, L_0000020f98290660, L_0000020f9828ea40, C4<>;
L_0000020f9828eb80 .functor MUXZ 2, L_0000020f9828efe0, L_0000020f98290618, L_0000020f9828e9a0, C4<>;
L_0000020f9828dfa0 .functor MUXZ 2, L_0000020f9828eb80, L_0000020f982905d0, L_0000020f981dfa70, C4<>;
L_0000020f9828ec20 .functor MUXZ 2, L_0000020f9828dfa0, L_0000020f98290588, L_0000020f9828e680, C4<>;
L_0000020f9828e220 .part L_0000020f9828ec20, 0, 1;
    .scope S_0000020f98197660;
T_0 ;
    %wait E_0000020f9819ae10;
    %load/vec4 v0000020f98239a30_0;
    %flag_set/vec4 8;
    %jmp/0xz  T_0.0, 8;
    %pushi/vec4 0, 0, 2;
    %assign/vec4 v0000020f9823b1f0_0, 0;
    %jmp T_0.1;
T_0.0 ;
    %load/vec4 v0000020f98238db0_0;
    %assign/vec4 v0000020f9823b1f0_0, 0;
T_0.1 ;
    %jmp T_0;
    .thread T_0;
    .scope S_0000020f981974d0;
T_1 ;
    %wait E_0000020f9819ae10;
    %load/vec4 v0000020f9828e5e0_0;
    %flag_set/vec4 8;
    %jmp/0xz  T_1.0, 8;
    %pushi/vec4 0, 0, 1;
    %assign/vec4 v0000020f9828e400_0, 0;
    %jmp T_1.1;
T_1.0 ;
    %load/vec4 v0000020f9828c9c0_0;
    %assign/vec4 v0000020f9828e400_0, 0;
T_1.1 ;
    %jmp T_1;
    .thread T_1;
# The file index is used to find the file name in the following table.
:file_names 5;
    "N/A";
    "<interactive>";
    "softplus_16_bit.v";
    "./../multiplier_fixed_point_16_bit/multiplier_fixed_point_16_bit.v";
    "./../softplus_16_bit/sig_comparator.v";
