#! /c/Source/iverilog-install/bin/vvp
:ivl_version "12.0 (devel)" "(s20150603-1539-g2693dd32b)";
:ivl_delay_selection "TYPICAL";
:vpi_time_precision - 12;
:vpi_module "C:\iverilog\lib\ivl\system.vpi";
:vpi_module "C:\iverilog\lib\ivl\vhdl_sys.vpi";
:vpi_module "C:\iverilog\lib\ivl\vhdl_textio.vpi";
:vpi_module "C:\iverilog\lib\ivl\v2005_math.vpi";
:vpi_module "C:\iverilog\lib\ivl\va_math.vpi";
S_0000025ef6bb8820 .scope module, "tb_softplus_16_bit" "tb_softplus_16_bit" 2 4;
 .timescale -9 -9;
P_0000025ef6b06160 .param/l "N" 0 2 5, +C4<00000000000000000000000000010000>;
P_0000025ef6b06198 .param/l "Q" 0 2 5, +C4<00000000000000000000000000001100>;
v0000025ef6c26f30_0 .var "clk", 0 0;
v0000025ef6c26850_0 .var "start", 0 0;
v0000025ef6c26fd0_0 .var "x", 15 0;
v0000025ef6c26cb0_0 .net "y", 15 0, L_0000025ef6c969b0;  1 drivers
S_0000025ef6b34ab0 .scope module, "comp1" "softplus_16_bit" 2 11, 3 4 0, S_0000025ef6bb8820;
 .timescale -9 -12;
    .port_info 0 /INPUT 1 "clk";
    .port_info 1 /INPUT 1 "start";
    .port_info 2 /INPUT 16 "x";
    .port_info 3 /OUTPUT 16 "y";
P_0000025ef6bb8dc0 .param/l "N" 0 3 6, +C4<00000000000000000000000000010000>;
P_0000025ef6bb8df8 .param/l "Q" 0 3 7, +C4<00000000000000000000000000001100>;
P_0000025ef6bb8e30 .param/l "STATE_0" 0 3 9, C4<0>;
P_0000025ef6bb8e68 .param/l "STATE_1" 0 3 10, C4<1>;
P_0000025ef6bb8ea0 .param/l "abscissas_1" 0 3 12, C4<1010000000000000>;
P_0000025ef6bb8ed8 .param/l "abscissas_2" 0 3 13, C4<1011100000000000>;
P_0000025ef6bb8f10 .param/l "abscissas_3" 0 3 14, C4<1101000000000000>;
P_0000025ef6bb8f48 .param/l "abscissas_4" 0 3 15, C4<1110100000000000>;
P_0000025ef6bb8f80 .param/l "abscissas_5" 0 3 16, C4<0000000000000000>;
P_0000025ef6bb8fb8 .param/l "abscissas_6" 0 3 17, C4<0001100000000000>;
P_0000025ef6bb8ff0 .param/l "abscissas_7" 0 3 18, C4<0011000000000000>;
P_0000025ef6bb9028 .param/l "abscissas_8" 0 3 19, C4<0100100000000000>;
P_0000025ef6bb9060 .param/l "abscissas_9" 0 3 20, C4<0110000000000000>;
P_0000025ef6bb9098 .param/l "intersect_1" 0 3 31, C4<0000000010010110>;
P_0000025ef6bb90d0 .param/l "intersect_2" 0 3 32, C4<0000000111111010>;
P_0000025ef6bb9108 .param/l "intersect_3" 0 3 33, C4<0000010110101010>;
P_0000025ef6bb9140 .param/l "intersect_4" 0 3 34, C4<0000101100010111>;
P_0000025ef6bb9178 .param/l "intersect_5" 0 3 35, C4<0000101100010111>;
P_0000025ef6bb91b0 .param/l "intersect_6" 0 3 36, C4<0000010110101010>;
P_0000025ef6bb91e8 .param/l "intersect_7" 0 3 37, C4<0000000111111010>;
P_0000025ef6bb9220 .param/l "intersect_8" 0 3 38, C4<0000000010010110>;
P_0000025ef6bb9258 .param/l "slope_1" 0 3 22, C4<0000000000010111>;
P_0000025ef6bb9290 .param/l "slope_2" 0 3 23, C4<0000000001100110>;
P_0000025ef6bb92c8 .param/l "slope_3" 0 3 24, C4<0000000110100001>;
P_0000025ef6bb9300 .param/l "slope_4" 0 3 25, C4<0000010100111110>;
P_0000025ef6bb9338 .param/l "slope_5" 0 3 26, C4<0000101011000001>;
P_0000025ef6bb9370 .param/l "slope_6" 0 3 27, C4<0000111001011110>;
P_0000025ef6bb93a8 .param/l "slope_7" 0 3 28, C4<0000111110011001>;
P_0000025ef6bb93e0 .param/l "slope_8" 0 3 29, C4<0000111111101000>;
L_0000025ef6c2ab90 .functor BUFT 1, C4<0>, C4<0>, C4<0>, C4<0>;
L_0000025ef6c89b10 .functor XNOR 1, v0000025ef6c27110_0, L_0000025ef6c2ab90, C4<0>, C4<0>;
L_0000025ef6c2ac20 .functor BUFT 1, C4<0>, C4<0>, C4<0>, C4<0>;
L_0000025ef6c89d40 .functor XOR 1, v0000025ef6c27110_0, L_0000025ef6c2ac20, C4<0>, C4<0>;
L_0000025ef6c2af38 .functor BUFT 1, C4<0>, C4<0>, C4<0>, C4<0>;
L_0000025ef6c89b80 .functor XOR 1, v0000025ef6c27110_0, L_0000025ef6c2af38, C4<0>, C4<0>;
L_0000025ef6c2b250 .functor BUFT 1, C4<1>, C4<0>, C4<0>, C4<0>;
L_0000025ef6c894f0 .functor XNOR 1, v0000025ef6c27110_0, L_0000025ef6c2b250, C4<0>, C4<0>;
v0000025ef6c25a90_0 .net *"_ivl_100", 15 0, L_0000025ef6c96a50;  1 drivers
v0000025ef6c24c30_0 .net *"_ivl_102", 15 0, L_0000025ef6c97e50;  1 drivers
v0000025ef6c25c70_0 .net *"_ivl_104", 15 0, L_0000025ef6c96410;  1 drivers
v0000025ef6c24050_0 .net *"_ivl_106", 15 0, L_0000025ef6c95d30;  1 drivers
v0000025ef6c25b30_0 .net *"_ivl_108", 15 0, L_0000025ef6c97a90;  1 drivers
v0000025ef6c25bd0_0 .net *"_ivl_110", 15 0, L_0000025ef6c96190;  1 drivers
v0000025ef6c24f50_0 .net/2u *"_ivl_114", 0 0, L_0000025ef6c2b250;  1 drivers
v0000025ef6c25d10_0 .net *"_ivl_116", 0 0, L_0000025ef6c894f0;  1 drivers
v0000025ef6c25450_0 .net *"_ivl_118", 15 0, L_0000025ef6c95dd0;  1 drivers
v0000025ef6c24370_0 .net/2u *"_ivl_18", 0 0, L_0000025ef6c2ab90;  1 drivers
v0000025ef6c24410_0 .net *"_ivl_20", 0 0, L_0000025ef6c89b10;  1 drivers
L_0000025ef6c2abd8 .functor BUFT 1, C4<1>, C4<0>, C4<0>, C4<0>;
v0000025ef6c249b0_0 .net/2u *"_ivl_22", 0 0, L_0000025ef6c2abd8;  1 drivers
v0000025ef6c23e70_0 .net/2u *"_ivl_26", 0 0, L_0000025ef6c2ac20;  1 drivers
v0000025ef6c23ab0_0 .net *"_ivl_28", 0 0, L_0000025ef6c89d40;  1 drivers
L_0000025ef6c2ac68 .functor BUFT 1, C4<0000000000000000>, C4<0>, C4<0>, C4<0>;
v0000025ef6c23b50_0 .net/2u *"_ivl_30", 15 0, L_0000025ef6c2ac68;  1 drivers
L_0000025ef6c2acb0 .functor BUFT 1, C4<0000111111101000>, C4<0>, C4<0>, C4<0>;
v0000025ef6c24cd0_0 .net/2u *"_ivl_32", 15 0, L_0000025ef6c2acb0;  1 drivers
L_0000025ef6c2acf8 .functor BUFT 1, C4<0000111110011001>, C4<0>, C4<0>, C4<0>;
v0000025ef6c259f0_0 .net/2u *"_ivl_34", 15 0, L_0000025ef6c2acf8;  1 drivers
L_0000025ef6c2ad40 .functor BUFT 1, C4<0000111001011110>, C4<0>, C4<0>, C4<0>;
v0000025ef6c23970_0 .net/2u *"_ivl_36", 15 0, L_0000025ef6c2ad40;  1 drivers
L_0000025ef6c2ad88 .functor BUFT 1, C4<0000101011000001>, C4<0>, C4<0>, C4<0>;
v0000025ef6c24d70_0 .net/2u *"_ivl_38", 15 0, L_0000025ef6c2ad88;  1 drivers
L_0000025ef6c2add0 .functor BUFT 1, C4<0000010100111110>, C4<0>, C4<0>, C4<0>;
v0000025ef6c25630_0 .net/2u *"_ivl_40", 15 0, L_0000025ef6c2add0;  1 drivers
L_0000025ef6c2ae18 .functor BUFT 1, C4<0000000110100001>, C4<0>, C4<0>, C4<0>;
v0000025ef6c24b90_0 .net/2u *"_ivl_42", 15 0, L_0000025ef6c2ae18;  1 drivers
L_0000025ef6c2ae60 .functor BUFT 1, C4<0000000001100110>, C4<0>, C4<0>, C4<0>;
v0000025ef6c24690_0 .net/2u *"_ivl_44", 15 0, L_0000025ef6c2ae60;  1 drivers
L_0000025ef6c2aea8 .functor BUFT 1, C4<0000000000010111>, C4<0>, C4<0>, C4<0>;
v0000025ef6c23d30_0 .net/2u *"_ivl_46", 15 0, L_0000025ef6c2aea8;  1 drivers
L_0000025ef6c2aef0 .functor BUFT 1, C4<0000000000000000>, C4<0>, C4<0>, C4<0>;
v0000025ef6c23bf0_0 .net/2u *"_ivl_48", 15 0, L_0000025ef6c2aef0;  1 drivers
v0000025ef6c23c90_0 .net *"_ivl_50", 15 0, L_0000025ef6c97ef0;  1 drivers
v0000025ef6c24190_0 .net *"_ivl_52", 15 0, L_0000025ef6c95fb0;  1 drivers
v0000025ef6c25f90_0 .net *"_ivl_54", 15 0, L_0000025ef6c97db0;  1 drivers
v0000025ef6c254f0_0 .net *"_ivl_56", 15 0, L_0000025ef6c97590;  1 drivers
v0000025ef6c25db0_0 .net *"_ivl_58", 15 0, L_0000025ef6c976d0;  1 drivers
v0000025ef6c25590_0 .net *"_ivl_60", 15 0, L_0000025ef6c95bf0;  1 drivers
v0000025ef6c26030_0 .net *"_ivl_62", 15 0, L_0000025ef6c96f50;  1 drivers
v0000025ef6c25090_0 .net *"_ivl_64", 15 0, L_0000025ef6c97d10;  1 drivers
v0000025ef6c24e10_0 .net *"_ivl_66", 15 0, L_0000025ef6c97c70;  1 drivers
v0000025ef6c24730_0 .net/2u *"_ivl_70", 0 0, L_0000025ef6c2af38;  1 drivers
v0000025ef6c24eb0_0 .net *"_ivl_72", 0 0, L_0000025ef6c89b80;  1 drivers
L_0000025ef6c2af80 .functor BUFT 1, C4<0001000000000000>, C4<0>, C4<0>, C4<0>;
v0000025ef6c24a50_0 .net/2u *"_ivl_74", 15 0, L_0000025ef6c2af80;  1 drivers
L_0000025ef6c2afc8 .functor BUFT 1, C4<0000000010010110>, C4<0>, C4<0>, C4<0>;
v0000025ef6c23f10_0 .net/2u *"_ivl_76", 15 0, L_0000025ef6c2afc8;  1 drivers
L_0000025ef6c2b010 .functor BUFT 1, C4<0000000111111010>, C4<0>, C4<0>, C4<0>;
v0000025ef6c25310_0 .net/2u *"_ivl_78", 15 0, L_0000025ef6c2b010;  1 drivers
L_0000025ef6c2b058 .functor BUFT 1, C4<0000010110101010>, C4<0>, C4<0>, C4<0>;
v0000025ef6c247d0_0 .net/2u *"_ivl_80", 15 0, L_0000025ef6c2b058;  1 drivers
L_0000025ef6c2b0a0 .functor BUFT 1, C4<0000101100010111>, C4<0>, C4<0>, C4<0>;
v0000025ef6c24870_0 .net/2u *"_ivl_82", 15 0, L_0000025ef6c2b0a0;  1 drivers
L_0000025ef6c2b0e8 .functor BUFT 1, C4<0000101100010111>, C4<0>, C4<0>, C4<0>;
v0000025ef6c25ef0_0 .net/2u *"_ivl_84", 15 0, L_0000025ef6c2b0e8;  1 drivers
L_0000025ef6c2b130 .functor BUFT 1, C4<0000010110101010>, C4<0>, C4<0>, C4<0>;
v0000025ef6c24af0_0 .net/2u *"_ivl_86", 15 0, L_0000025ef6c2b130;  1 drivers
L_0000025ef6c2b178 .functor BUFT 1, C4<0000000111111010>, C4<0>, C4<0>, C4<0>;
v0000025ef6c256d0_0 .net/2u *"_ivl_88", 15 0, L_0000025ef6c2b178;  1 drivers
L_0000025ef6c2b1c0 .functor BUFT 1, C4<0000000010010110>, C4<0>, C4<0>, C4<0>;
v0000025ef6c260d0_0 .net/2u *"_ivl_90", 15 0, L_0000025ef6c2b1c0;  1 drivers
L_0000025ef6c2b208 .functor BUFT 1, C4<0000000000000000>, C4<0>, C4<0>, C4<0>;
v0000025ef6c23a10_0 .net/2u *"_ivl_92", 15 0, L_0000025ef6c2b208;  1 drivers
v0000025ef6c244b0_0 .net *"_ivl_94", 15 0, L_0000025ef6c971d0;  1 drivers
v0000025ef6c23fb0_0 .net *"_ivl_96", 15 0, L_0000025ef6c97630;  1 drivers
v0000025ef6c25770_0 .net *"_ivl_98", 15 0, L_0000025ef6c98030;  1 drivers
v0000025ef6c24ff0_0 .net "clk", 0 0, v0000025ef6c26f30_0;  1 drivers
v0000025ef6c258b0_0 .net "intersect", 15 0, L_0000025ef6c958d0;  1 drivers
v0000025ef6c242d0_0 .net "nextState", 0 0, L_0000025ef6c95970;  1 drivers
v0000025ef6c240f0_0 .net "res_mult", 15 0, L_0000025ef6c96690;  1 drivers
v0000025ef6c25810_0 .net "seg_1", 0 0, L_0000025ef6c824a0;  1 drivers
v0000025ef6c24230_0 .net "seg_2", 0 0, L_0000025ef6c83300;  1 drivers
v0000025ef6c24550_0 .net "seg_3", 0 0, L_0000025ef6c88260;  1 drivers
v0000025ef6c251d0_0 .net "seg_4", 0 0, L_0000025ef6c87f40;  1 drivers
v0000025ef6c25130_0 .net "seg_5", 0 0, L_0000025ef6c86f00;  1 drivers
v0000025ef6c25270_0 .net "seg_6", 0 0, L_0000025ef6c85ec0;  1 drivers
v0000025ef6c245f0_0 .net "seg_7", 0 0, L_0000025ef6c84f20;  1 drivers
v0000025ef6c25950_0 .net "seg_8", 0 0, L_0000025ef6c85740;  1 drivers
v0000025ef6c24910_0 .net "seg_9", 0 0, L_0000025ef6c263f0;  1 drivers
v0000025ef6c253b0_0 .net "slope", 15 0, L_0000025ef6c95c90;  1 drivers
v0000025ef6c27430_0 .net "start", 0 0, v0000025ef6c26850_0;  1 drivers
v0000025ef6c27110_0 .var "state", 0 0;
v0000025ef6c271b0_0 .net "x", 15 0, v0000025ef6c26fd0_0;  1 drivers
v0000025ef6c27610_0 .net "y", 15 0, L_0000025ef6c969b0;  alias, 1 drivers
L_0000025ef6c95970 .functor MUXZ 1, v0000025ef6c27110_0, L_0000025ef6c2abd8, L_0000025ef6c89b10, C4<>;
L_0000025ef6c97ef0 .functor MUXZ 16, L_0000025ef6c2aef0, L_0000025ef6c2aea8, L_0000025ef6c824a0, C4<>;
L_0000025ef6c95fb0 .functor MUXZ 16, L_0000025ef6c97ef0, L_0000025ef6c2ae60, L_0000025ef6c83300, C4<>;
L_0000025ef6c97db0 .functor MUXZ 16, L_0000025ef6c95fb0, L_0000025ef6c2ae18, L_0000025ef6c88260, C4<>;
L_0000025ef6c97590 .functor MUXZ 16, L_0000025ef6c97db0, L_0000025ef6c2add0, L_0000025ef6c87f40, C4<>;
L_0000025ef6c976d0 .functor MUXZ 16, L_0000025ef6c97590, L_0000025ef6c2ad88, L_0000025ef6c86f00, C4<>;
L_0000025ef6c95bf0 .functor MUXZ 16, L_0000025ef6c976d0, L_0000025ef6c2ad40, L_0000025ef6c85ec0, C4<>;
L_0000025ef6c96f50 .functor MUXZ 16, L_0000025ef6c95bf0, L_0000025ef6c2acf8, L_0000025ef6c84f20, C4<>;
L_0000025ef6c97d10 .functor MUXZ 16, L_0000025ef6c96f50, L_0000025ef6c2acb0, L_0000025ef6c85740, C4<>;
L_0000025ef6c97c70 .functor MUXZ 16, L_0000025ef6c97d10, L_0000025ef6c2ac68, L_0000025ef6c263f0, C4<>;
L_0000025ef6c95c90 .functor MUXZ 16, L_0000025ef6c97c70, L_0000025ef6c95c90, L_0000025ef6c89d40, C4<>;
L_0000025ef6c971d0 .functor MUXZ 16, L_0000025ef6c2b208, L_0000025ef6c2b1c0, L_0000025ef6c824a0, C4<>;
L_0000025ef6c97630 .functor MUXZ 16, L_0000025ef6c971d0, L_0000025ef6c2b178, L_0000025ef6c83300, C4<>;
L_0000025ef6c98030 .functor MUXZ 16, L_0000025ef6c97630, L_0000025ef6c2b130, L_0000025ef6c88260, C4<>;
L_0000025ef6c96a50 .functor MUXZ 16, L_0000025ef6c98030, L_0000025ef6c2b0e8, L_0000025ef6c87f40, C4<>;
L_0000025ef6c97e50 .functor MUXZ 16, L_0000025ef6c96a50, L_0000025ef6c2b0a0, L_0000025ef6c86f00, C4<>;
L_0000025ef6c96410 .functor MUXZ 16, L_0000025ef6c97e50, L_0000025ef6c2b058, L_0000025ef6c85ec0, C4<>;
L_0000025ef6c95d30 .functor MUXZ 16, L_0000025ef6c96410, L_0000025ef6c2b010, L_0000025ef6c84f20, C4<>;
L_0000025ef6c97a90 .functor MUXZ 16, L_0000025ef6c95d30, L_0000025ef6c2afc8, L_0000025ef6c85740, C4<>;
L_0000025ef6c96190 .functor MUXZ 16, L_0000025ef6c97a90, L_0000025ef6c2af80, L_0000025ef6c263f0, C4<>;
L_0000025ef6c958d0 .functor MUXZ 16, L_0000025ef6c96190, L_0000025ef6c958d0, L_0000025ef6c89b80, C4<>;
L_0000025ef6c95dd0 .arith/sum 16, L_0000025ef6c96690, L_0000025ef6c958d0;
L_0000025ef6c969b0 .functor MUXZ 16, L_0000025ef6c969b0, L_0000025ef6c95dd0, L_0000025ef6c894f0, C4<>;
S_0000025ef6b34c40 .scope module, "m1" "multiplier_fixed_point_16_bit" 3 113, 4 2 0, S_0000025ef6b34ab0;
 .timescale -9 -12;
    .port_info 0 /INPUT 1 "clk";
    .port_info 1 /INPUT 1 "start";
    .port_info 2 /INPUT 16 "a";
    .port_info 3 /INPUT 16 "b";
    .port_info 4 /OUTPUT 16 "q_result";
    .port_info 5 /OUTPUT 1 "overflow";
    .port_info 6 /OUTPUT 1 "busy";
P_0000025ef6bb89b0 .param/l "N" 0 4 5, +C4<00000000000000000000000000010000>;
P_0000025ef6bb89e8 .param/l "Q" 0 4 4, +C4<00000000000000000000000000001100>;
P_0000025ef6bb8a20 .param/l "STATE_0" 0 4 6, C4<00>;
P_0000025ef6bb8a58 .param/l "STATE_1" 0 4 7, C4<01>;
L_0000025ef6c89480 .functor OR 1, L_0000025ef6c97770, L_0000025ef6c97bd0, C4<0>, C4<0>;
L_0000025ef6c89640 .functor XOR 1, L_0000025ef6c96730, L_0000025ef6c965f0, C4<0>, C4<0>;
L_0000025ef6c2a320 .functor BUFT 1, C4<00>, C4<0>, C4<0>, C4<0>;
v0000025ef6bb2e90_0 .net/2u *"_ivl_0", 1 0, L_0000025ef6c2a320;  1 drivers
v0000025ef6bb2f30_0 .net *"_ivl_10", 0 0, L_0000025ef6c81fa0;  1 drivers
L_0000025ef6c2a7a0 .functor BUFT 1, C4<01>, C4<0>, C4<0>, C4<0>;
v0000025ef6bb37f0_0 .net/2u *"_ivl_100", 1 0, L_0000025ef6c2a7a0;  1 drivers
v0000025ef6bb4650_0 .net *"_ivl_102", 0 0, L_0000025ef6c83440;  1 drivers
v0000025ef6bb3250_0 .net *"_ivl_105", 3 0, L_0000025ef6c97810;  1 drivers
v0000025ef6bb32f0_0 .net *"_ivl_106", 31 0, L_0000025ef6c95ab0;  1 drivers
L_0000025ef6c2a7e8 .functor BUFT 1, C4<0000000000000000000000000000>, C4<0>, C4<0>, C4<0>;
v0000025ef6bb43d0_0 .net *"_ivl_109", 27 0, L_0000025ef6c2a7e8;  1 drivers
L_0000025ef6c2a830 .functor BUFT 1, C4<00000000000000000000000000000000>, C4<0>, C4<0>, C4<0>;
v0000025ef6bb3e30_0 .net/2u *"_ivl_110", 31 0, L_0000025ef6c2a830;  1 drivers
v0000025ef6bb36b0_0 .net *"_ivl_112", 0 0, L_0000025ef6c95a10;  1 drivers
L_0000025ef6c2a878 .functor BUFT 1, C4<1>, C4<0>, C4<0>, C4<0>;
v0000025ef6bb3cf0_0 .net/2u *"_ivl_114", 0 0, L_0000025ef6c2a878;  1 drivers
L_0000025ef6c2a8c0 .functor BUFT 1, C4<0>, C4<0>, C4<0>, C4<0>;
v0000025ef6bb3070_0 .net/2u *"_ivl_116", 0 0, L_0000025ef6c2a8c0;  1 drivers
v0000025ef6bb3390_0 .net *"_ivl_118", 0 0, L_0000025ef6c96230;  1 drivers
L_0000025ef6c2a3f8 .functor BUFT 1, C4<01>, C4<0>, C4<0>, C4<0>;
v0000025ef6bb4470_0 .net/2s *"_ivl_12", 1 0, L_0000025ef6c2a3f8;  1 drivers
L_0000025ef6c2a908 .functor BUFT 1, C4<01>, C4<0>, C4<0>, C4<0>;
v0000025ef6bb46f0_0 .net/2u *"_ivl_122", 1 0, L_0000025ef6c2a908;  1 drivers
v0000025ef6bb3930_0 .net *"_ivl_124", 0 0, L_0000025ef6c96e10;  1 drivers
v0000025ef6bb3b10_0 .net *"_ivl_127", 14 0, L_0000025ef6c973b0;  1 drivers
L_0000025ef6c2a950 .functor BUFT 1, C4<01>, C4<0>, C4<0>, C4<0>;
v0000025ef6bb2d50_0 .net/2u *"_ivl_130", 1 0, L_0000025ef6c2a950;  1 drivers
v0000025ef6bb2fd0_0 .net *"_ivl_132", 0 0, L_0000025ef6c979f0;  1 drivers
L_0000025ef6c2a998 .functor BUFT 1, C4<111111111111111>, C4<0>, C4<0>, C4<0>;
v0000025ef6bb3750_0 .net/2u *"_ivl_134", 14 0, L_0000025ef6c2a998;  1 drivers
v0000025ef6bb4010_0 .net *"_ivl_136", 14 0, L_0000025ef6c97450;  1 drivers
L_0000025ef6c2a9e0 .functor BUFT 1, C4<000000000000001>, C4<0>, C4<0>, C4<0>;
v0000025ef6bb3d90_0 .net/2u *"_ivl_138", 14 0, L_0000025ef6c2a9e0;  1 drivers
L_0000025ef6c2a440 .functor BUFT 1, C4<00>, C4<0>, C4<0>, C4<0>;
v0000025ef6bb3430_0 .net/2s *"_ivl_14", 1 0, L_0000025ef6c2a440;  1 drivers
v0000025ef6bb3f70_0 .net *"_ivl_140", 14 0, L_0000025ef6c960f0;  1 drivers
L_0000025ef6c2aa28 .functor BUFT 1, C4<01>, C4<0>, C4<0>, C4<0>;
v0000025ef6bb34d0_0 .net/2u *"_ivl_146", 1 0, L_0000025ef6c2aa28;  1 drivers
v0000025ef6bb2850_0 .net *"_ivl_148", 0 0, L_0000025ef6c96cd0;  1 drivers
v0000025ef6bb3570_0 .net *"_ivl_151", 0 0, L_0000025ef6c97f90;  1 drivers
L_0000025ef6c2aa70 .functor BUFT 1, C4<0000000000000000>, C4<0>, C4<0>, C4<0>;
v0000025ef6bb40b0_0 .net/2u *"_ivl_152", 15 0, L_0000025ef6c2aa70;  1 drivers
v0000025ef6bb3610_0 .net *"_ivl_154", 0 0, L_0000025ef6c97770;  1 drivers
L_0000025ef6c2aab8 .functor BUFT 1, C4<0000000000000000>, C4<0>, C4<0>, C4<0>;
v0000025ef6bb3bb0_0 .net/2u *"_ivl_156", 15 0, L_0000025ef6c2aab8;  1 drivers
v0000025ef6bb4150_0 .net *"_ivl_158", 0 0, L_0000025ef6c97bd0;  1 drivers
v0000025ef6bb41f0_0 .net *"_ivl_16", 1 0, L_0000025ef6c822c0;  1 drivers
v0000025ef6bb2990_0 .net *"_ivl_160", 0 0, L_0000025ef6c89480;  1 drivers
L_0000025ef6c2ab00 .functor BUFT 1, C4<0>, C4<0>, C4<0>, C4<0>;
v0000025ef6bb4330_0 .net/2u *"_ivl_162", 0 0, L_0000025ef6c2ab00;  1 drivers
v0000025ef6bb4510_0 .net *"_ivl_165", 0 0, L_0000025ef6c96730;  1 drivers
v0000025ef6bb45b0_0 .net *"_ivl_167", 0 0, L_0000025ef6c965f0;  1 drivers
v0000025ef6bb2cb0_0 .net *"_ivl_168", 0 0, L_0000025ef6c89640;  1 drivers
v0000025ef6bb2a30_0 .net *"_ivl_170", 0 0, L_0000025ef6c974f0;  1 drivers
v0000025ef6bb2ad0_0 .net *"_ivl_172", 0 0, L_0000025ef6c97950;  1 drivers
L_0000025ef6c2ab48 .functor BUFT 1, C4<01>, C4<0>, C4<0>, C4<0>;
v0000025ef6bb2b70_0 .net/2u *"_ivl_177", 1 0, L_0000025ef6c2ab48;  1 drivers
v0000025ef6bb2c10_0 .net *"_ivl_179", 0 0, L_0000025ef6c964b0;  1 drivers
v0000025ef6bc8410_0 .net *"_ivl_182", 14 0, L_0000025ef6c96eb0;  1 drivers
v0000025ef6bc8050_0 .net *"_ivl_184", 0 0, L_0000025ef6c96c30;  1 drivers
v0000025ef6bc8870_0 .net *"_ivl_185", 14 0, L_0000025ef6c97b30;  1 drivers
v0000025ef6bc7a10_0 .net *"_ivl_187", 14 0, L_0000025ef6c95b50;  1 drivers
v0000025ef6bc76f0_0 .net *"_ivl_2", 0 0, L_0000025ef6c825e0;  1 drivers
L_0000025ef6c2a488 .functor BUFT 1, C4<00>, C4<0>, C4<0>, C4<0>;
v0000025ef6bc7010_0 .net/2u *"_ivl_20", 1 0, L_0000025ef6c2a488;  1 drivers
v0000025ef6bc89b0_0 .net *"_ivl_22", 0 0, L_0000025ef6c81d20;  1 drivers
v0000025ef6bc7bf0_0 .net *"_ivl_25", 14 0, L_0000025ef6c81780;  1 drivers
v0000025ef6bc8550_0 .net *"_ivl_26", 31 0, L_0000025ef6c82680;  1 drivers
L_0000025ef6c2a4d0 .functor BUFT 1, C4<00000000000000000>, C4<0>, C4<0>, C4<0>;
v0000025ef6bc7d30_0 .net *"_ivl_29", 16 0, L_0000025ef6c2a4d0;  1 drivers
v0000025ef6bc80f0_0 .net *"_ivl_31", 14 0, L_0000025ef6c82360;  1 drivers
v0000025ef6bc84b0_0 .net *"_ivl_32", 31 0, L_0000025ef6c811e0;  1 drivers
L_0000025ef6c2a518 .functor BUFT 1, C4<00000000000000000>, C4<0>, C4<0>, C4<0>;
v0000025ef6bc6f70_0 .net *"_ivl_35", 16 0, L_0000025ef6c2a518;  1 drivers
v0000025ef6bc7e70_0 .net *"_ivl_37", 31 0, L_0000025ef6c82220;  1 drivers
L_0000025ef6c2a368 .functor BUFT 1, C4<01>, C4<0>, C4<0>, C4<0>;
v0000025ef6bc87d0_0 .net/2u *"_ivl_4", 1 0, L_0000025ef6c2a368;  1 drivers
L_0000025ef6c2a560 .functor BUFT 1, C4<00>, C4<0>, C4<0>, C4<0>;
v0000025ef6bc8af0_0 .net/2u *"_ivl_40", 1 0, L_0000025ef6c2a560;  1 drivers
v0000025ef6bc7790_0 .net *"_ivl_42", 0 0, L_0000025ef6c83080;  1 drivers
v0000025ef6bc7290_0 .net *"_ivl_45", 0 0, L_0000025ef6c82400;  1 drivers
L_0000025ef6c2a5a8 .functor BUFT 1, C4<111111111111111>, C4<0>, C4<0>, C4<0>;
v0000025ef6bc8730_0 .net/2u *"_ivl_46", 14 0, L_0000025ef6c2a5a8;  1 drivers
v0000025ef6bc7c90_0 .net *"_ivl_49", 14 0, L_0000025ef6c81a00;  1 drivers
v0000025ef6bc7330_0 .net *"_ivl_50", 14 0, L_0000025ef6c82f40;  1 drivers
L_0000025ef6c2a5f0 .functor BUFT 1, C4<000000000000001>, C4<0>, C4<0>, C4<0>;
v0000025ef6bc6d90_0 .net/2u *"_ivl_52", 14 0, L_0000025ef6c2a5f0;  1 drivers
v0000025ef6bc7b50_0 .net *"_ivl_54", 14 0, L_0000025ef6c813c0;  1 drivers
v0000025ef6bc8690_0 .net *"_ivl_56", 15 0, L_0000025ef6c833a0;  1 drivers
L_0000025ef6c2a638 .functor BUFT 1, C4<00>, C4<0>, C4<0>, C4<0>;
v0000025ef6bc7fb0_0 .net/2u *"_ivl_60", 1 0, L_0000025ef6c2a638;  1 drivers
v0000025ef6bc8910_0 .net *"_ivl_62", 0 0, L_0000025ef6c81320;  1 drivers
v0000025ef6bc7ab0_0 .net *"_ivl_65", 0 0, L_0000025ef6c816e0;  1 drivers
L_0000025ef6c2a680 .functor BUFT 1, C4<111111111111111>, C4<0>, C4<0>, C4<0>;
v0000025ef6bc7dd0_0 .net/2u *"_ivl_66", 14 0, L_0000025ef6c2a680;  1 drivers
v0000025ef6bc6cf0_0 .net *"_ivl_69", 14 0, L_0000025ef6c82e00;  1 drivers
v0000025ef6bc7f10_0 .net *"_ivl_70", 14 0, L_0000025ef6c81460;  1 drivers
L_0000025ef6c2a6c8 .functor BUFT 1, C4<000000000000001>, C4<0>, C4<0>, C4<0>;
v0000025ef6bc85f0_0 .net/2u *"_ivl_72", 14 0, L_0000025ef6c2a6c8;  1 drivers
v0000025ef6bc8190_0 .net *"_ivl_74", 14 0, L_0000025ef6c81500;  1 drivers
v0000025ef6bc7830_0 .net *"_ivl_76", 15 0, L_0000025ef6c81c80;  1 drivers
L_0000025ef6c2a3b0 .functor BUFT 1, C4<00>, C4<0>, C4<0>, C4<0>;
v0000025ef6bc7150_0 .net/2u *"_ivl_8", 1 0, L_0000025ef6c2a3b0;  1 drivers
L_0000025ef6c2a710 .functor BUFT 1, C4<00>, C4<0>, C4<0>, C4<0>;
v0000025ef6bc6ed0_0 .net/2u *"_ivl_80", 1 0, L_0000025ef6c2a710;  1 drivers
v0000025ef6bc70b0_0 .net *"_ivl_82", 0 0, L_0000025ef6c81aa0;  1 drivers
v0000025ef6bc8230_0 .net *"_ivl_85", 0 0, L_0000025ef6c827c0;  1 drivers
v0000025ef6bc8a50_0 .net *"_ivl_86", 15 0, L_0000025ef6c82860;  1 drivers
L_0000025ef6c2a758 .functor BUFT 1, C4<00>, C4<0>, C4<0>, C4<0>;
v0000025ef6bc7510_0 .net/2u *"_ivl_90", 1 0, L_0000025ef6c2a758;  1 drivers
v0000025ef6bc75b0_0 .net *"_ivl_92", 0 0, L_0000025ef6c82900;  1 drivers
v0000025ef6bc71f0_0 .net *"_ivl_95", 0 0, L_0000025ef6c82a40;  1 drivers
v0000025ef6bc73d0_0 .net *"_ivl_96", 15 0, L_0000025ef6c82ae0;  1 drivers
v0000025ef6bc82d0_0 .net "a", 15 0, L_0000025ef6c95c90;  alias, 1 drivers
v0000025ef6bc6e30_0 .net "a_2cmp", 15 0, L_0000025ef6c82720;  1 drivers
v0000025ef6bc8370_0 .net "b", 15 0, v0000025ef6c26fd0_0;  alias, 1 drivers
v0000025ef6bc7650_0 .net "b_2cmp", 15 0, L_0000025ef6c81820;  1 drivers
v0000025ef6bc78d0_0 .net "busy", 0 0, L_0000025ef6c82d60;  1 drivers
v0000025ef6bc7470_0 .net "clk", 0 0, v0000025ef6c26f30_0;  alias, 1 drivers
v0000025ef6bc8b90_0 .net "f_result", 31 0, L_0000025ef6c831c0;  1 drivers
v0000025ef6bc7970_0 .net "multiplicand", 15 0, L_0000025ef6c81b40;  1 drivers
v0000025ef6bcb010_0 .net "multiplier", 15 0, L_0000025ef6c82fe0;  1 drivers
v0000025ef6bc9cb0_0 .net "nextState", 1 0, L_0000025ef6c81960;  1 drivers
v0000025ef6bcb3d0_0 .net "overflow", 0 0, L_0000025ef6c96050;  1 drivers
v0000025ef6bc9df0_0 .net "q_result", 15 0, L_0000025ef6c96690;  alias, 1 drivers
v0000025ef6bca9d0_0 .net "quantized_result", 14 0, L_0000025ef6c978b0;  1 drivers
v0000025ef6bcb470_0 .net "quantized_result_2cmp", 14 0, L_0000025ef6c97130;  1 drivers
v0000025ef6bcaf70_0 .net "start", 0 0, v0000025ef6c26850_0;  alias, 1 drivers
v0000025ef6bc9c10_0 .var "state", 1 0;
E_0000025ef6ba24f0 .event posedge, v0000025ef6bc7470_0;
L_0000025ef6c825e0 .cmp/eq 2, v0000025ef6bc9c10_0, L_0000025ef6c2a320;
L_0000025ef6c81960 .functor MUXZ 2, v0000025ef6bc9c10_0, L_0000025ef6c2a368, L_0000025ef6c825e0, C4<>;
L_0000025ef6c81fa0 .cmp/eq 2, v0000025ef6bc9c10_0, L_0000025ef6c2a3b0;
L_0000025ef6c822c0 .functor MUXZ 2, L_0000025ef6c2a440, L_0000025ef6c2a3f8, L_0000025ef6c81fa0, C4<>;
L_0000025ef6c82d60 .part L_0000025ef6c822c0, 0, 1;
L_0000025ef6c81d20 .cmp/eq 2, v0000025ef6bc9c10_0, L_0000025ef6c2a488;
L_0000025ef6c81780 .part L_0000025ef6c81b40, 0, 15;
L_0000025ef6c82680 .concat [ 15 17 0 0], L_0000025ef6c81780, L_0000025ef6c2a4d0;
L_0000025ef6c82360 .part L_0000025ef6c82fe0, 0, 15;
L_0000025ef6c811e0 .concat [ 15 17 0 0], L_0000025ef6c82360, L_0000025ef6c2a518;
L_0000025ef6c82220 .arith/mult 32, L_0000025ef6c82680, L_0000025ef6c811e0;
L_0000025ef6c831c0 .functor MUXZ 32, L_0000025ef6c831c0, L_0000025ef6c82220, L_0000025ef6c81d20, C4<>;
L_0000025ef6c83080 .cmp/eq 2, v0000025ef6bc9c10_0, L_0000025ef6c2a560;
L_0000025ef6c82400 .part L_0000025ef6c95c90, 15, 1;
L_0000025ef6c81a00 .part L_0000025ef6c95c90, 0, 15;
L_0000025ef6c82f40 .arith/sub 15, L_0000025ef6c2a5a8, L_0000025ef6c81a00;
L_0000025ef6c813c0 .arith/sum 15, L_0000025ef6c82f40, L_0000025ef6c2a5f0;
L_0000025ef6c833a0 .concat [ 15 1 0 0], L_0000025ef6c813c0, L_0000025ef6c82400;
L_0000025ef6c82720 .functor MUXZ 16, L_0000025ef6c82720, L_0000025ef6c833a0, L_0000025ef6c83080, C4<>;
L_0000025ef6c81320 .cmp/eq 2, v0000025ef6bc9c10_0, L_0000025ef6c2a638;
L_0000025ef6c816e0 .part v0000025ef6c26fd0_0, 15, 1;
L_0000025ef6c82e00 .part v0000025ef6c26fd0_0, 0, 15;
L_0000025ef6c81460 .arith/sub 15, L_0000025ef6c2a680, L_0000025ef6c82e00;
L_0000025ef6c81500 .arith/sum 15, L_0000025ef6c81460, L_0000025ef6c2a6c8;
L_0000025ef6c81c80 .concat [ 15 1 0 0], L_0000025ef6c81500, L_0000025ef6c816e0;
L_0000025ef6c81820 .functor MUXZ 16, L_0000025ef6c81820, L_0000025ef6c81c80, L_0000025ef6c81320, C4<>;
L_0000025ef6c81aa0 .cmp/ne 2, v0000025ef6bc9c10_0, L_0000025ef6c2a710;
L_0000025ef6c827c0 .part L_0000025ef6c95c90, 15, 1;
L_0000025ef6c82860 .functor MUXZ 16, L_0000025ef6c95c90, L_0000025ef6c82720, L_0000025ef6c827c0, C4<>;
L_0000025ef6c81b40 .functor MUXZ 16, L_0000025ef6c82860, L_0000025ef6c81b40, L_0000025ef6c81aa0, C4<>;
L_0000025ef6c82900 .cmp/ne 2, v0000025ef6bc9c10_0, L_0000025ef6c2a758;
L_0000025ef6c82a40 .part v0000025ef6c26fd0_0, 15, 1;
L_0000025ef6c82ae0 .functor MUXZ 16, v0000025ef6c26fd0_0, L_0000025ef6c81820, L_0000025ef6c82a40, C4<>;
L_0000025ef6c82fe0 .functor MUXZ 16, L_0000025ef6c82ae0, L_0000025ef6c82fe0, L_0000025ef6c82900, C4<>;
L_0000025ef6c83440 .cmp/ne 2, v0000025ef6bc9c10_0, L_0000025ef6c2a7a0;
L_0000025ef6c97810 .part L_0000025ef6c831c0, 27, 4;
L_0000025ef6c95ab0 .concat [ 4 28 0 0], L_0000025ef6c97810, L_0000025ef6c2a7e8;
L_0000025ef6c95a10 .cmp/gt 32, L_0000025ef6c95ab0, L_0000025ef6c2a830;
L_0000025ef6c96230 .functor MUXZ 1, L_0000025ef6c2a8c0, L_0000025ef6c2a878, L_0000025ef6c95a10, C4<>;
L_0000025ef6c96050 .functor MUXZ 1, L_0000025ef6c96230, L_0000025ef6c96050, L_0000025ef6c83440, C4<>;
L_0000025ef6c96e10 .cmp/ne 2, v0000025ef6bc9c10_0, L_0000025ef6c2a908;
L_0000025ef6c973b0 .part L_0000025ef6c831c0, 12, 15;
L_0000025ef6c978b0 .functor MUXZ 15, L_0000025ef6c973b0, L_0000025ef6c978b0, L_0000025ef6c96e10, C4<>;
L_0000025ef6c979f0 .cmp/ne 2, v0000025ef6bc9c10_0, L_0000025ef6c2a950;
L_0000025ef6c97450 .arith/sub 15, L_0000025ef6c2a998, L_0000025ef6c978b0;
L_0000025ef6c960f0 .arith/sum 15, L_0000025ef6c97450, L_0000025ef6c2a9e0;
L_0000025ef6c97130 .functor MUXZ 15, L_0000025ef6c960f0, L_0000025ef6c97130, L_0000025ef6c979f0, C4<>;
L_0000025ef6c96cd0 .cmp/ne 2, v0000025ef6bc9c10_0, L_0000025ef6c2aa28;
L_0000025ef6c97f90 .part L_0000025ef6c96690, 15, 1;
L_0000025ef6c97770 .cmp/eq 16, L_0000025ef6c95c90, L_0000025ef6c2aa70;
L_0000025ef6c97bd0 .cmp/eq 16, v0000025ef6c26fd0_0, L_0000025ef6c2aab8;
L_0000025ef6c96730 .part L_0000025ef6c95c90, 15, 1;
L_0000025ef6c965f0 .part v0000025ef6c26fd0_0, 15, 1;
L_0000025ef6c974f0 .functor MUXZ 1, L_0000025ef6c89640, L_0000025ef6c2ab00, L_0000025ef6c89480, C4<>;
L_0000025ef6c97950 .functor MUXZ 1, L_0000025ef6c974f0, L_0000025ef6c97f90, L_0000025ef6c96cd0, C4<>;
L_0000025ef6c96690 .concat8 [ 15 1 0 0], L_0000025ef6c95b50, L_0000025ef6c97950;
L_0000025ef6c964b0 .cmp/ne 2, v0000025ef6bc9c10_0, L_0000025ef6c2ab48;
L_0000025ef6c96eb0 .part L_0000025ef6c96690, 0, 15;
L_0000025ef6c96c30 .part L_0000025ef6c96690, 15, 1;
L_0000025ef6c97b30 .functor MUXZ 15, L_0000025ef6c978b0, L_0000025ef6c97130, L_0000025ef6c96c30, C4<>;
L_0000025ef6c95b50 .functor MUXZ 15, L_0000025ef6c97b30, L_0000025ef6c96eb0, L_0000025ef6c964b0, C4<>;
S_0000025ef6b274d0 .scope module, "s1" "sig_comparator" 3 106, 5 3 0, S_0000025ef6b34ab0;
 .timescale -9 -12;
    .port_info 0 /INPUT 1 "clk";
    .port_info 1 /INPUT 1 "rst";
    .port_info 2 /INPUT 16 "a";
    .port_info 3 /INPUT 16 "b";
    .port_info 4 /OUTPUT 1 "y";
P_0000025ef6b05c60 .param/l "N" 0 5 5, +C4<00000000000000000000000000010000>;
P_0000025ef6b05c98 .param/l "Q" 0 5 4, +C4<00000000000000000000000000001100>;
L_0000025ef6c89c60 .functor XOR 1, L_0000025ef6c82b80, L_0000025ef6c83580, C4<0>, C4<0>;
v0000025ef6bcb0b0_0 .net *"_ivl_11", 0 0, L_0000025ef6c81640;  1 drivers
v0000025ef6bca570_0 .net *"_ivl_12", 0 0, L_0000025ef6c834e0;  1 drivers
L_0000025ef6c2a128 .functor BUFT 1, C4<00>, C4<0>, C4<0>, C4<0>;
v0000025ef6bc9a30_0 .net/2s *"_ivl_14", 1 0, L_0000025ef6c2a128;  1 drivers
v0000025ef6bc93f0_0 .net *"_ivl_17", 0 0, L_0000025ef6c82b80;  1 drivers
v0000025ef6bc9530_0 .net *"_ivl_19", 0 0, L_0000025ef6c83580;  1 drivers
v0000025ef6bc90d0_0 .net *"_ivl_20", 0 0, L_0000025ef6c89c60;  1 drivers
L_0000025ef6c2a170 .functor BUFT 1, C4<01>, C4<0>, C4<0>, C4<0>;
v0000025ef6bcabb0_0 .net/2s *"_ivl_22", 1 0, L_0000025ef6c2a170;  1 drivers
v0000025ef6bc97b0_0 .net *"_ivl_25", 2 0, L_0000025ef6c81be0;  1 drivers
v0000025ef6bca390_0 .net *"_ivl_27", 2 0, L_0000025ef6c818c0;  1 drivers
v0000025ef6bc9f30_0 .net *"_ivl_28", 0 0, L_0000025ef6c83800;  1 drivers
L_0000025ef6c2a1b8 .functor BUFT 1, C4<01>, C4<0>, C4<0>, C4<0>;
v0000025ef6bcae30_0 .net/2s *"_ivl_30", 1 0, L_0000025ef6c2a1b8;  1 drivers
v0000025ef6bca430_0 .net *"_ivl_33", 2 0, L_0000025ef6c82540;  1 drivers
v0000025ef6bcb150_0 .net *"_ivl_35", 2 0, L_0000025ef6c83260;  1 drivers
v0000025ef6bc9490_0 .net *"_ivl_36", 0 0, L_0000025ef6c829a0;  1 drivers
L_0000025ef6c2a200 .functor BUFT 1, C4<00>, C4<0>, C4<0>, C4<0>;
v0000025ef6bc8d10_0 .net/2s *"_ivl_38", 1 0, L_0000025ef6c2a200;  1 drivers
v0000025ef6bca610_0 .net *"_ivl_40", 0 0, L_0000025ef6c838a0;  1 drivers
L_0000025ef6c2a248 .functor BUFT 1, C4<01>, C4<0>, C4<0>, C4<0>;
v0000025ef6bc92b0_0 .net/2s *"_ivl_42", 1 0, L_0000025ef6c2a248;  1 drivers
L_0000025ef6c2a290 .functor BUFT 1, C4<00>, C4<0>, C4<0>, C4<0>;
v0000025ef6bca6b0_0 .net/2s *"_ivl_44", 1 0, L_0000025ef6c2a290;  1 drivers
v0000025ef6bca070_0 .net *"_ivl_46", 1 0, L_0000025ef6c81f00;  1 drivers
v0000025ef6bcb1f0_0 .net *"_ivl_48", 1 0, L_0000025ef6c82cc0;  1 drivers
v0000025ef6bca7f0_0 .net *"_ivl_50", 1 0, L_0000025ef6c83120;  1 drivers
v0000025ef6bcb290_0 .net *"_ivl_52", 1 0, L_0000025ef6c81280;  1 drivers
v0000025ef6bc95d0_0 .net *"_ivl_54", 1 0, L_0000025ef6c82180;  1 drivers
v0000025ef6bc9030_0 .net *"_ivl_9", 0 0, L_0000025ef6c820e0;  1 drivers
v0000025ef6bc9670_0 .net "a", 15 0, v0000025ef6c26fd0_0;  alias, 1 drivers
L_0000025ef6c2a2d8 .functor BUFT 1, C4<1010000000000000>, C4<0>, C4<0>, C4<0>;
v0000025ef6bca1b0_0 .net "b", 15 0, L_0000025ef6c2a2d8;  1 drivers
o0000025ef6bd18e8 .functor BUFZ 1, C4<z>; HiZ drive
v0000025ef6bc9710_0 .net "clk", 0 0, o0000025ef6bd18e8;  0 drivers
v0000025ef6bc9170_0 .net "frac_a", 11 0, L_0000025ef6c81e60;  1 drivers
v0000025ef6bca890_0 .net "frac_b", 11 0, L_0000025ef6c82c20;  1 drivers
v0000025ef6bc9fd0_0 .net "int_a", 15 12, L_0000025ef6c83620;  1 drivers
v0000025ef6bc9d50_0 .net "int_b", 15 12, L_0000025ef6c81dc0;  1 drivers
o0000025ef6bd19d8 .functor BUFZ 1, C4<z>; HiZ drive
v0000025ef6bc9210_0 .net "rst", 0 0, o0000025ef6bd19d8;  0 drivers
v0000025ef6bc9850_0 .net "y", 0 0, L_0000025ef6c824a0;  alias, 1 drivers
L_0000025ef6c83620 .part v0000025ef6c26fd0_0, 12, 4;
L_0000025ef6c81dc0 .part L_0000025ef6c2a2d8, 12, 4;
L_0000025ef6c81e60 .part v0000025ef6c26fd0_0, 0, 12;
L_0000025ef6c82c20 .part L_0000025ef6c2a2d8, 0, 12;
L_0000025ef6c820e0 .part L_0000025ef6c83620, 3, 1;
L_0000025ef6c81640 .part L_0000025ef6c81dc0, 3, 1;
L_0000025ef6c834e0 .cmp/gt 1, L_0000025ef6c820e0, L_0000025ef6c81640;
L_0000025ef6c82b80 .part L_0000025ef6c83620, 3, 1;
L_0000025ef6c83580 .part L_0000025ef6c81dc0, 3, 1;
L_0000025ef6c81be0 .part L_0000025ef6c83620, 0, 3;
L_0000025ef6c818c0 .part L_0000025ef6c81dc0, 0, 3;
L_0000025ef6c83800 .cmp/gt 3, L_0000025ef6c81be0, L_0000025ef6c818c0;
L_0000025ef6c82540 .part L_0000025ef6c83620, 0, 3;
L_0000025ef6c83260 .part L_0000025ef6c81dc0, 0, 3;
L_0000025ef6c829a0 .cmp/ne 3, L_0000025ef6c82540, L_0000025ef6c83260;
L_0000025ef6c838a0 .cmp/gt 12, L_0000025ef6c81e60, L_0000025ef6c82c20;
L_0000025ef6c81f00 .functor MUXZ 2, L_0000025ef6c2a290, L_0000025ef6c2a248, L_0000025ef6c838a0, C4<>;
L_0000025ef6c82cc0 .functor MUXZ 2, L_0000025ef6c81f00, L_0000025ef6c2a200, L_0000025ef6c829a0, C4<>;
L_0000025ef6c83120 .functor MUXZ 2, L_0000025ef6c82cc0, L_0000025ef6c2a1b8, L_0000025ef6c83800, C4<>;
L_0000025ef6c81280 .functor MUXZ 2, L_0000025ef6c83120, L_0000025ef6c2a170, L_0000025ef6c89c60, C4<>;
L_0000025ef6c82180 .functor MUXZ 2, L_0000025ef6c81280, L_0000025ef6c2a128, L_0000025ef6c834e0, C4<>;
L_0000025ef6c824a0 .part L_0000025ef6c82180, 0, 1;
S_0000025ef6bcccc0 .scope module, "s2" "sig_comparator" 3 99, 5 3 0, S_0000025ef6b34ab0;
 .timescale -9 -12;
    .port_info 0 /INPUT 1 "clk";
    .port_info 1 /INPUT 1 "rst";
    .port_info 2 /INPUT 16 "a";
    .port_info 3 /INPUT 16 "b";
    .port_info 4 /OUTPUT 1 "y";
P_0000025ef6b05960 .param/l "N" 0 5 5, +C4<00000000000000000000000000010000>;
P_0000025ef6b05998 .param/l "Q" 0 5 4, +C4<00000000000000000000000000001100>;
L_0000025ef6c89aa0 .functor XOR 1, L_0000025ef6c88da0, L_0000025ef6c88bc0, C4<0>, C4<0>;
v0000025ef6bcaed0_0 .net *"_ivl_11", 0 0, L_0000025ef6c88ee0;  1 drivers
v0000025ef6bc98f0_0 .net *"_ivl_12", 0 0, L_0000025ef6c88f80;  1 drivers
L_0000025ef6c29f30 .functor BUFT 1, C4<00>, C4<0>, C4<0>, C4<0>;
v0000025ef6bc9350_0 .net/2s *"_ivl_14", 1 0, L_0000025ef6c29f30;  1 drivers
v0000025ef6bcb330_0 .net *"_ivl_17", 0 0, L_0000025ef6c88da0;  1 drivers
v0000025ef6bc8db0_0 .net *"_ivl_19", 0 0, L_0000025ef6c88bc0;  1 drivers
v0000025ef6bca4d0_0 .net *"_ivl_20", 0 0, L_0000025ef6c89aa0;  1 drivers
L_0000025ef6c29f78 .functor BUFT 1, C4<01>, C4<0>, C4<0>, C4<0>;
v0000025ef6bc8e50_0 .net/2s *"_ivl_22", 1 0, L_0000025ef6c29f78;  1 drivers
v0000025ef6bca930_0 .net *"_ivl_25", 2 0, L_0000025ef6c89020;  1 drivers
v0000025ef6bc8ef0_0 .net *"_ivl_27", 2 0, L_0000025ef6c890c0;  1 drivers
v0000025ef6bc8f90_0 .net *"_ivl_28", 0 0, L_0000025ef6c889e0;  1 drivers
L_0000025ef6c29fc0 .functor BUFT 1, C4<01>, C4<0>, C4<0>, C4<0>;
v0000025ef6bca110_0 .net/2s *"_ivl_30", 1 0, L_0000025ef6c29fc0;  1 drivers
v0000025ef6bc9990_0 .net *"_ivl_33", 2 0, L_0000025ef6c88a80;  1 drivers
v0000025ef6bc9ad0_0 .net *"_ivl_35", 2 0, L_0000025ef6c88b20;  1 drivers
v0000025ef6bc9b70_0 .net *"_ivl_36", 0 0, L_0000025ef6c88c60;  1 drivers
L_0000025ef6c2a008 .functor BUFT 1, C4<00>, C4<0>, C4<0>, C4<0>;
v0000025ef6bc9e90_0 .net/2s *"_ivl_38", 1 0, L_0000025ef6c2a008;  1 drivers
v0000025ef6bca250_0 .net *"_ivl_40", 0 0, L_0000025ef6c836c0;  1 drivers
L_0000025ef6c2a050 .functor BUFT 1, C4<01>, C4<0>, C4<0>, C4<0>;
v0000025ef6bca2f0_0 .net/2s *"_ivl_42", 1 0, L_0000025ef6c2a050;  1 drivers
L_0000025ef6c2a098 .functor BUFT 1, C4<00>, C4<0>, C4<0>, C4<0>;
v0000025ef6bca750_0 .net/2s *"_ivl_44", 1 0, L_0000025ef6c2a098;  1 drivers
v0000025ef6bcaa70_0 .net *"_ivl_46", 1 0, L_0000025ef6c82040;  1 drivers
v0000025ef6bcab10_0 .net *"_ivl_48", 1 0, L_0000025ef6c83940;  1 drivers
v0000025ef6bcac50_0 .net *"_ivl_50", 1 0, L_0000025ef6c82ea0;  1 drivers
v0000025ef6bcacf0_0 .net *"_ivl_52", 1 0, L_0000025ef6c815a0;  1 drivers
v0000025ef6bcad90_0 .net *"_ivl_54", 1 0, L_0000025ef6c83760;  1 drivers
v0000025ef6bcc410_0 .net *"_ivl_9", 0 0, L_0000025ef6c88d00;  1 drivers
v0000025ef6bcc690_0 .net "a", 15 0, v0000025ef6c26fd0_0;  alias, 1 drivers
L_0000025ef6c2a0e0 .functor BUFT 1, C4<1011100000000000>, C4<0>, C4<0>, C4<0>;
v0000025ef6bcb790_0 .net "b", 15 0, L_0000025ef6c2a0e0;  1 drivers
o0000025ef6bd1fd8 .functor BUFZ 1, C4<z>; HiZ drive
v0000025ef6bcb510_0 .net "clk", 0 0, o0000025ef6bd1fd8;  0 drivers
v0000025ef6bcc4b0_0 .net "frac_a", 11 0, L_0000025ef6c88760;  1 drivers
v0000025ef6bcc9b0_0 .net "frac_b", 11 0, L_0000025ef6c88e40;  1 drivers
v0000025ef6bcc5f0_0 .net "int_a", 15 12, L_0000025ef6c883a0;  1 drivers
v0000025ef6bccb90_0 .net "int_b", 15 12, L_0000025ef6c88580;  1 drivers
o0000025ef6bd20c8 .functor BUFZ 1, C4<z>; HiZ drive
v0000025ef6bcc2d0_0 .net "rst", 0 0, o0000025ef6bd20c8;  0 drivers
v0000025ef6bcc910_0 .net "y", 0 0, L_0000025ef6c83300;  alias, 1 drivers
L_0000025ef6c883a0 .part v0000025ef6c26fd0_0, 12, 4;
L_0000025ef6c88580 .part L_0000025ef6c2a0e0, 12, 4;
L_0000025ef6c88760 .part v0000025ef6c26fd0_0, 0, 12;
L_0000025ef6c88e40 .part L_0000025ef6c2a0e0, 0, 12;
L_0000025ef6c88d00 .part L_0000025ef6c883a0, 3, 1;
L_0000025ef6c88ee0 .part L_0000025ef6c88580, 3, 1;
L_0000025ef6c88f80 .cmp/gt 1, L_0000025ef6c88d00, L_0000025ef6c88ee0;
L_0000025ef6c88da0 .part L_0000025ef6c883a0, 3, 1;
L_0000025ef6c88bc0 .part L_0000025ef6c88580, 3, 1;
L_0000025ef6c89020 .part L_0000025ef6c883a0, 0, 3;
L_0000025ef6c890c0 .part L_0000025ef6c88580, 0, 3;
L_0000025ef6c889e0 .cmp/gt 3, L_0000025ef6c89020, L_0000025ef6c890c0;
L_0000025ef6c88a80 .part L_0000025ef6c883a0, 0, 3;
L_0000025ef6c88b20 .part L_0000025ef6c88580, 0, 3;
L_0000025ef6c88c60 .cmp/ne 3, L_0000025ef6c88a80, L_0000025ef6c88b20;
L_0000025ef6c836c0 .cmp/gt 12, L_0000025ef6c88760, L_0000025ef6c88e40;
L_0000025ef6c82040 .functor MUXZ 2, L_0000025ef6c2a098, L_0000025ef6c2a050, L_0000025ef6c836c0, C4<>;
L_0000025ef6c83940 .functor MUXZ 2, L_0000025ef6c82040, L_0000025ef6c2a008, L_0000025ef6c88c60, C4<>;
L_0000025ef6c82ea0 .functor MUXZ 2, L_0000025ef6c83940, L_0000025ef6c29fc0, L_0000025ef6c889e0, C4<>;
L_0000025ef6c815a0 .functor MUXZ 2, L_0000025ef6c82ea0, L_0000025ef6c29f78, L_0000025ef6c89aa0, C4<>;
L_0000025ef6c83760 .functor MUXZ 2, L_0000025ef6c815a0, L_0000025ef6c29f30, L_0000025ef6c88f80, C4<>;
L_0000025ef6c83300 .part L_0000025ef6c83760, 0, 1;
S_0000025ef6bcd060 .scope module, "s3" "sig_comparator" 3 92, 5 3 0, S_0000025ef6b34ab0;
 .timescale -9 -12;
    .port_info 0 /INPUT 1 "clk";
    .port_info 1 /INPUT 1 "rst";
    .port_info 2 /INPUT 16 "a";
    .port_info 3 /INPUT 16 "b";
    .port_info 4 /OUTPUT 1 "y";
P_0000025ef6b060e0 .param/l "N" 0 5 5, +C4<00000000000000000000000000010000>;
P_0000025ef6b06118 .param/l "Q" 0 5 4, +C4<00000000000000000000000000001100>;
L_0000025ef6c89a30 .functor XOR 1, L_0000025ef6c88080, L_0000025ef6c88300, C4<0>, C4<0>;
v0000025ef6bcbdd0_0 .net *"_ivl_11", 0 0, L_0000025ef6c87860;  1 drivers
v0000025ef6bcbe70_0 .net *"_ivl_12", 0 0, L_0000025ef6c86c80;  1 drivers
L_0000025ef6c29d38 .functor BUFT 1, C4<00>, C4<0>, C4<0>, C4<0>;
v0000025ef6bcb5b0_0 .net/2s *"_ivl_14", 1 0, L_0000025ef6c29d38;  1 drivers
v0000025ef6bcc190_0 .net *"_ivl_17", 0 0, L_0000025ef6c88080;  1 drivers
v0000025ef6bcb8d0_0 .net *"_ivl_19", 0 0, L_0000025ef6c88300;  1 drivers
v0000025ef6bcca50_0 .net *"_ivl_20", 0 0, L_0000025ef6c89a30;  1 drivers
L_0000025ef6c29d80 .functor BUFT 1, C4<01>, C4<0>, C4<0>, C4<0>;
v0000025ef6bcbf10_0 .net/2s *"_ivl_22", 1 0, L_0000025ef6c29d80;  1 drivers
v0000025ef6bcb830_0 .net *"_ivl_25", 2 0, L_0000025ef6c870e0;  1 drivers
v0000025ef6bcb970_0 .net *"_ivl_27", 2 0, L_0000025ef6c87a40;  1 drivers
v0000025ef6bcc0f0_0 .net *"_ivl_28", 0 0, L_0000025ef6c87360;  1 drivers
L_0000025ef6c29dc8 .functor BUFT 1, C4<01>, C4<0>, C4<0>, C4<0>;
v0000025ef6bcc870_0 .net/2s *"_ivl_30", 1 0, L_0000025ef6c29dc8;  1 drivers
v0000025ef6bcbb50_0 .net *"_ivl_33", 2 0, L_0000025ef6c86280;  1 drivers
v0000025ef6bcbfb0_0 .net *"_ivl_35", 2 0, L_0000025ef6c86460;  1 drivers
v0000025ef6bcba10_0 .net *"_ivl_36", 0 0, L_0000025ef6c87900;  1 drivers
L_0000025ef6c29e10 .functor BUFT 1, C4<00>, C4<0>, C4<0>, C4<0>;
v0000025ef6bccaf0_0 .net/2s *"_ivl_38", 1 0, L_0000025ef6c29e10;  1 drivers
v0000025ef6bcc550_0 .net *"_ivl_40", 0 0, L_0000025ef6c863c0;  1 drivers
L_0000025ef6c29e58 .functor BUFT 1, C4<01>, C4<0>, C4<0>, C4<0>;
v0000025ef6bcc230_0 .net/2s *"_ivl_42", 1 0, L_0000025ef6c29e58;  1 drivers
L_0000025ef6c29ea0 .functor BUFT 1, C4<00>, C4<0>, C4<0>, C4<0>;
v0000025ef6bcb650_0 .net/2s *"_ivl_44", 1 0, L_0000025ef6c29ea0;  1 drivers
v0000025ef6bcc730_0 .net *"_ivl_46", 1 0, L_0000025ef6c87400;  1 drivers
v0000025ef6bcb6f0_0 .net *"_ivl_48", 1 0, L_0000025ef6c879a0;  1 drivers
v0000025ef6bcbab0_0 .net *"_ivl_50", 1 0, L_0000025ef6c87ae0;  1 drivers
v0000025ef6bcbbf0_0 .net *"_ivl_52", 1 0, L_0000025ef6c88120;  1 drivers
v0000025ef6bcbc90_0 .net *"_ivl_54", 1 0, L_0000025ef6c88620;  1 drivers
v0000025ef6bcc7d0_0 .net *"_ivl_9", 0 0, L_0000025ef6c868c0;  1 drivers
v0000025ef6bcbd30_0 .net "a", 15 0, v0000025ef6c26fd0_0;  alias, 1 drivers
L_0000025ef6c29ee8 .functor BUFT 1, C4<1101000000000000>, C4<0>, C4<0>, C4<0>;
v0000025ef6bcc050_0 .net "b", 15 0, L_0000025ef6c29ee8;  1 drivers
o0000025ef6bd26c8 .functor BUFZ 1, C4<z>; HiZ drive
v0000025ef6bcc370_0 .net "clk", 0 0, o0000025ef6bd26c8;  0 drivers
v0000025ef6c1b1c0_0 .net "frac_a", 11 0, L_0000025ef6c861e0;  1 drivers
v0000025ef6c1ca20_0 .net "frac_b", 11 0, L_0000025ef6c87fe0;  1 drivers
v0000025ef6c1bee0_0 .net "int_a", 15 12, L_0000025ef6c877c0;  1 drivers
v0000025ef6c1bda0_0 .net "int_b", 15 12, L_0000025ef6c87c20;  1 drivers
o0000025ef6bd27b8 .functor BUFZ 1, C4<z>; HiZ drive
v0000025ef6c1d2e0_0 .net "rst", 0 0, o0000025ef6bd27b8;  0 drivers
v0000025ef6c1b8a0_0 .net "y", 0 0, L_0000025ef6c88260;  alias, 1 drivers
L_0000025ef6c877c0 .part v0000025ef6c26fd0_0, 12, 4;
L_0000025ef6c87c20 .part L_0000025ef6c29ee8, 12, 4;
L_0000025ef6c861e0 .part v0000025ef6c26fd0_0, 0, 12;
L_0000025ef6c87fe0 .part L_0000025ef6c29ee8, 0, 12;
L_0000025ef6c868c0 .part L_0000025ef6c877c0, 3, 1;
L_0000025ef6c87860 .part L_0000025ef6c87c20, 3, 1;
L_0000025ef6c86c80 .cmp/gt 1, L_0000025ef6c868c0, L_0000025ef6c87860;
L_0000025ef6c88080 .part L_0000025ef6c877c0, 3, 1;
L_0000025ef6c88300 .part L_0000025ef6c87c20, 3, 1;
L_0000025ef6c870e0 .part L_0000025ef6c877c0, 0, 3;
L_0000025ef6c87a40 .part L_0000025ef6c87c20, 0, 3;
L_0000025ef6c87360 .cmp/gt 3, L_0000025ef6c870e0, L_0000025ef6c87a40;
L_0000025ef6c86280 .part L_0000025ef6c877c0, 0, 3;
L_0000025ef6c86460 .part L_0000025ef6c87c20, 0, 3;
L_0000025ef6c87900 .cmp/ne 3, L_0000025ef6c86280, L_0000025ef6c86460;
L_0000025ef6c863c0 .cmp/gt 12, L_0000025ef6c861e0, L_0000025ef6c87fe0;
L_0000025ef6c87400 .functor MUXZ 2, L_0000025ef6c29ea0, L_0000025ef6c29e58, L_0000025ef6c863c0, C4<>;
L_0000025ef6c879a0 .functor MUXZ 2, L_0000025ef6c87400, L_0000025ef6c29e10, L_0000025ef6c87900, C4<>;
L_0000025ef6c87ae0 .functor MUXZ 2, L_0000025ef6c879a0, L_0000025ef6c29dc8, L_0000025ef6c87360, C4<>;
L_0000025ef6c88120 .functor MUXZ 2, L_0000025ef6c87ae0, L_0000025ef6c29d80, L_0000025ef6c89a30, C4<>;
L_0000025ef6c88620 .functor MUXZ 2, L_0000025ef6c88120, L_0000025ef6c29d38, L_0000025ef6c86c80, C4<>;
L_0000025ef6c88260 .part L_0000025ef6c88620, 0, 1;
S_0000025ef6bcd400 .scope module, "s4" "sig_comparator" 3 85, 5 3 0, S_0000025ef6b34ab0;
 .timescale -9 -12;
    .port_info 0 /INPUT 1 "clk";
    .port_info 1 /INPUT 1 "rst";
    .port_info 2 /INPUT 16 "a";
    .port_info 3 /INPUT 16 "b";
    .port_info 4 /OUTPUT 1 "y";
P_0000025ef6b06560 .param/l "N" 0 5 5, +C4<00000000000000000000000000010000>;
P_0000025ef6b06598 .param/l "Q" 0 5 4, +C4<00000000000000000000000000001100>;
L_0000025ef6c895d0 .functor XOR 1, L_0000025ef6c86d20, L_0000025ef6c88940, C4<0>, C4<0>;
v0000025ef6c1cca0_0 .net *"_ivl_11", 0 0, L_0000025ef6c87720;  1 drivers
v0000025ef6c1c200_0 .net *"_ivl_12", 0 0, L_0000025ef6c86dc0;  1 drivers
L_0000025ef6c29b40 .functor BUFT 1, C4<00>, C4<0>, C4<0>, C4<0>;
v0000025ef6c1b760_0 .net/2s *"_ivl_14", 1 0, L_0000025ef6c29b40;  1 drivers
v0000025ef6c1c160_0 .net *"_ivl_17", 0 0, L_0000025ef6c86d20;  1 drivers
v0000025ef6c1b580_0 .net *"_ivl_19", 0 0, L_0000025ef6c88940;  1 drivers
v0000025ef6c1d6a0_0 .net *"_ivl_20", 0 0, L_0000025ef6c895d0;  1 drivers
L_0000025ef6c29b88 .functor BUFT 1, C4<01>, C4<0>, C4<0>, C4<0>;
v0000025ef6c1cac0_0 .net/2s *"_ivl_22", 1 0, L_0000025ef6c29b88;  1 drivers
v0000025ef6c1c840_0 .net *"_ivl_25", 2 0, L_0000025ef6c86320;  1 drivers
v0000025ef6c1b800_0 .net *"_ivl_27", 2 0, L_0000025ef6c866e0;  1 drivers
v0000025ef6c1b9e0_0 .net *"_ivl_28", 0 0, L_0000025ef6c86be0;  1 drivers
L_0000025ef6c29bd0 .functor BUFT 1, C4<01>, C4<0>, C4<0>, C4<0>;
v0000025ef6c1c2a0_0 .net/2s *"_ivl_30", 1 0, L_0000025ef6c29bd0;  1 drivers
v0000025ef6c1cf20_0 .net *"_ivl_33", 2 0, L_0000025ef6c86e60;  1 drivers
v0000025ef6c1cc00_0 .net *"_ivl_35", 2 0, L_0000025ef6c872c0;  1 drivers
v0000025ef6c1bd00_0 .net *"_ivl_36", 0 0, L_0000025ef6c87b80;  1 drivers
L_0000025ef6c29c18 .functor BUFT 1, C4<00>, C4<0>, C4<0>, C4<0>;
v0000025ef6c1b940_0 .net/2s *"_ivl_38", 1 0, L_0000025ef6c29c18;  1 drivers
v0000025ef6c1cde0_0 .net *"_ivl_40", 0 0, L_0000025ef6c87680;  1 drivers
L_0000025ef6c29c60 .functor BUFT 1, C4<01>, C4<0>, C4<0>, C4<0>;
v0000025ef6c1c8e0_0 .net/2s *"_ivl_42", 1 0, L_0000025ef6c29c60;  1 drivers
L_0000025ef6c29ca8 .functor BUFT 1, C4<00>, C4<0>, C4<0>, C4<0>;
v0000025ef6c1ba80_0 .net/2s *"_ivl_44", 1 0, L_0000025ef6c29ca8;  1 drivers
v0000025ef6c1c480_0 .net *"_ivl_46", 1 0, L_0000025ef6c86500;  1 drivers
v0000025ef6c1d740_0 .net *"_ivl_48", 1 0, L_0000025ef6c87040;  1 drivers
v0000025ef6c1b300_0 .net *"_ivl_50", 1 0, L_0000025ef6c88440;  1 drivers
v0000025ef6c1c340_0 .net *"_ivl_52", 1 0, L_0000025ef6c86fa0;  1 drivers
v0000025ef6c1bf80_0 .net *"_ivl_54", 1 0, L_0000025ef6c86820;  1 drivers
v0000025ef6c1b260_0 .net *"_ivl_9", 0 0, L_0000025ef6c886c0;  1 drivers
v0000025ef6c1d7e0_0 .net "a", 15 0, v0000025ef6c26fd0_0;  alias, 1 drivers
L_0000025ef6c29cf0 .functor BUFT 1, C4<1110100000000000>, C4<0>, C4<0>, C4<0>;
v0000025ef6c1be40_0 .net "b", 15 0, L_0000025ef6c29cf0;  1 drivers
o0000025ef6bd2db8 .functor BUFZ 1, C4<z>; HiZ drive
v0000025ef6c1d560_0 .net "clk", 0 0, o0000025ef6bd2db8;  0 drivers
v0000025ef6c1bb20_0 .net "frac_a", 11 0, L_0000025ef6c86640;  1 drivers
v0000025ef6c1c520_0 .net "frac_b", 11 0, L_0000025ef6c86aa0;  1 drivers
v0000025ef6c1ce80_0 .net "int_a", 15 12, L_0000025ef6c87ea0;  1 drivers
v0000025ef6c1c980_0 .net "int_b", 15 12, L_0000025ef6c875e0;  1 drivers
o0000025ef6bd2ea8 .functor BUFZ 1, C4<z>; HiZ drive
v0000025ef6c1d380_0 .net "rst", 0 0, o0000025ef6bd2ea8;  0 drivers
v0000025ef6c1b4e0_0 .net "y", 0 0, L_0000025ef6c87f40;  alias, 1 drivers
L_0000025ef6c87ea0 .part v0000025ef6c26fd0_0, 12, 4;
L_0000025ef6c875e0 .part L_0000025ef6c29cf0, 12, 4;
L_0000025ef6c86640 .part v0000025ef6c26fd0_0, 0, 12;
L_0000025ef6c86aa0 .part L_0000025ef6c29cf0, 0, 12;
L_0000025ef6c886c0 .part L_0000025ef6c87ea0, 3, 1;
L_0000025ef6c87720 .part L_0000025ef6c875e0, 3, 1;
L_0000025ef6c86dc0 .cmp/gt 1, L_0000025ef6c886c0, L_0000025ef6c87720;
L_0000025ef6c86d20 .part L_0000025ef6c87ea0, 3, 1;
L_0000025ef6c88940 .part L_0000025ef6c875e0, 3, 1;
L_0000025ef6c86320 .part L_0000025ef6c87ea0, 0, 3;
L_0000025ef6c866e0 .part L_0000025ef6c875e0, 0, 3;
L_0000025ef6c86be0 .cmp/gt 3, L_0000025ef6c86320, L_0000025ef6c866e0;
L_0000025ef6c86e60 .part L_0000025ef6c87ea0, 0, 3;
L_0000025ef6c872c0 .part L_0000025ef6c875e0, 0, 3;
L_0000025ef6c87b80 .cmp/ne 3, L_0000025ef6c86e60, L_0000025ef6c872c0;
L_0000025ef6c87680 .cmp/gt 12, L_0000025ef6c86640, L_0000025ef6c86aa0;
L_0000025ef6c86500 .functor MUXZ 2, L_0000025ef6c29ca8, L_0000025ef6c29c60, L_0000025ef6c87680, C4<>;
L_0000025ef6c87040 .functor MUXZ 2, L_0000025ef6c86500, L_0000025ef6c29c18, L_0000025ef6c87b80, C4<>;
L_0000025ef6c88440 .functor MUXZ 2, L_0000025ef6c87040, L_0000025ef6c29bd0, L_0000025ef6c86be0, C4<>;
L_0000025ef6c86fa0 .functor MUXZ 2, L_0000025ef6c88440, L_0000025ef6c29b88, L_0000025ef6c895d0, C4<>;
L_0000025ef6c86820 .functor MUXZ 2, L_0000025ef6c86fa0, L_0000025ef6c29b40, L_0000025ef6c86dc0, C4<>;
L_0000025ef6c87f40 .part L_0000025ef6c86820, 0, 1;
S_0000025ef6bcd7a0 .scope module, "s5" "sig_comparator" 3 78, 5 3 0, S_0000025ef6b34ab0;
 .timescale -9 -12;
    .port_info 0 /INPUT 1 "clk";
    .port_info 1 /INPUT 1 "rst";
    .port_info 2 /INPUT 16 "a";
    .port_info 3 /INPUT 16 "b";
    .port_info 4 /OUTPUT 1 "y";
P_0000025ef6b065e0 .param/l "N" 0 5 5, +C4<00000000000000000000000000010000>;
P_0000025ef6b06618 .param/l "Q" 0 5 4, +C4<00000000000000000000000000001100>;
L_0000025ef6c898e0 .functor XOR 1, L_0000025ef6c884e0, L_0000025ef6c87e00, C4<0>, C4<0>;
v0000025ef6c1b440_0 .net *"_ivl_11", 0 0, L_0000025ef6c865a0;  1 drivers
v0000025ef6c1bbc0_0 .net *"_ivl_12", 0 0, L_0000025ef6c87220;  1 drivers
L_0000025ef6c29948 .functor BUFT 1, C4<00>, C4<0>, C4<0>, C4<0>;
v0000025ef6c1bc60_0 .net/2s *"_ivl_14", 1 0, L_0000025ef6c29948;  1 drivers
v0000025ef6c1c700_0 .net *"_ivl_17", 0 0, L_0000025ef6c884e0;  1 drivers
v0000025ef6c1d420_0 .net *"_ivl_19", 0 0, L_0000025ef6c87e00;  1 drivers
v0000025ef6c1c3e0_0 .net *"_ivl_20", 0 0, L_0000025ef6c898e0;  1 drivers
L_0000025ef6c29990 .functor BUFT 1, C4<01>, C4<0>, C4<0>, C4<0>;
v0000025ef6c1c020_0 .net/2s *"_ivl_22", 1 0, L_0000025ef6c29990;  1 drivers
v0000025ef6c1d4c0_0 .net *"_ivl_25", 2 0, L_0000025ef6c888a0;  1 drivers
v0000025ef6c1cd40_0 .net *"_ivl_27", 2 0, L_0000025ef6c86960;  1 drivers
v0000025ef6c1c660_0 .net *"_ivl_28", 0 0, L_0000025ef6c88800;  1 drivers
L_0000025ef6c299d8 .functor BUFT 1, C4<01>, C4<0>, C4<0>, C4<0>;
v0000025ef6c1b3a0_0 .net/2s *"_ivl_30", 1 0, L_0000025ef6c299d8;  1 drivers
v0000025ef6c1c5c0_0 .net *"_ivl_33", 2 0, L_0000025ef6c87cc0;  1 drivers
v0000025ef6c1d600_0 .net *"_ivl_35", 2 0, L_0000025ef6c881c0;  1 drivers
v0000025ef6c1b080_0 .net *"_ivl_36", 0 0, L_0000025ef6c86b40;  1 drivers
L_0000025ef6c29a20 .functor BUFT 1, C4<00>, C4<0>, C4<0>, C4<0>;
v0000025ef6c1cb60_0 .net/2s *"_ivl_38", 1 0, L_0000025ef6c29a20;  1 drivers
v0000025ef6c1b120_0 .net *"_ivl_40", 0 0, L_0000025ef6c87d60;  1 drivers
L_0000025ef6c29a68 .functor BUFT 1, C4<01>, C4<0>, C4<0>, C4<0>;
v0000025ef6c1c7a0_0 .net/2s *"_ivl_42", 1 0, L_0000025ef6c29a68;  1 drivers
L_0000025ef6c29ab0 .functor BUFT 1, C4<00>, C4<0>, C4<0>, C4<0>;
v0000025ef6c1cfc0_0 .net/2s *"_ivl_44", 1 0, L_0000025ef6c29ab0;  1 drivers
v0000025ef6c1c0c0_0 .net *"_ivl_46", 1 0, L_0000025ef6c86a00;  1 drivers
v0000025ef6c1d060_0 .net *"_ivl_48", 1 0, L_0000025ef6c86780;  1 drivers
v0000025ef6c1d100_0 .net *"_ivl_50", 1 0, L_0000025ef6c87540;  1 drivers
v0000025ef6c1d1a0_0 .net *"_ivl_52", 1 0, L_0000025ef6c874a0;  1 drivers
v0000025ef6c1b620_0 .net *"_ivl_54", 1 0, L_0000025ef6c87180;  1 drivers
v0000025ef6c1d240_0 .net *"_ivl_9", 0 0, L_0000025ef6c845c0;  1 drivers
v0000025ef6c1b6c0_0 .net "a", 15 0, v0000025ef6c26fd0_0;  alias, 1 drivers
L_0000025ef6c29af8 .functor BUFT 1, C4<0000000000000000>, C4<0>, C4<0>, C4<0>;
v0000025ef6c1d920_0 .net "b", 15 0, L_0000025ef6c29af8;  1 drivers
o0000025ef6bd34a8 .functor BUFZ 1, C4<z>; HiZ drive
v0000025ef6c1dce0_0 .net "clk", 0 0, o0000025ef6bd34a8;  0 drivers
v0000025ef6c1dd80_0 .net "frac_a", 11 0, L_0000025ef6c84160;  1 drivers
v0000025ef6c1e3c0_0 .net "frac_b", 11 0, L_0000025ef6c84520;  1 drivers
v0000025ef6c1db00_0 .net "int_a", 15 12, L_0000025ef6c83bc0;  1 drivers
v0000025ef6c1e000_0 .net "int_b", 15 12, L_0000025ef6c84020;  1 drivers
o0000025ef6bd3598 .functor BUFZ 1, C4<z>; HiZ drive
v0000025ef6c1e140_0 .net "rst", 0 0, o0000025ef6bd3598;  0 drivers
v0000025ef6c1e8c0_0 .net "y", 0 0, L_0000025ef6c86f00;  alias, 1 drivers
L_0000025ef6c83bc0 .part v0000025ef6c26fd0_0, 12, 4;
L_0000025ef6c84020 .part L_0000025ef6c29af8, 12, 4;
L_0000025ef6c84160 .part v0000025ef6c26fd0_0, 0, 12;
L_0000025ef6c84520 .part L_0000025ef6c29af8, 0, 12;
L_0000025ef6c845c0 .part L_0000025ef6c83bc0, 3, 1;
L_0000025ef6c865a0 .part L_0000025ef6c84020, 3, 1;
L_0000025ef6c87220 .cmp/gt 1, L_0000025ef6c845c0, L_0000025ef6c865a0;
L_0000025ef6c884e0 .part L_0000025ef6c83bc0, 3, 1;
L_0000025ef6c87e00 .part L_0000025ef6c84020, 3, 1;
L_0000025ef6c888a0 .part L_0000025ef6c83bc0, 0, 3;
L_0000025ef6c86960 .part L_0000025ef6c84020, 0, 3;
L_0000025ef6c88800 .cmp/gt 3, L_0000025ef6c888a0, L_0000025ef6c86960;
L_0000025ef6c87cc0 .part L_0000025ef6c83bc0, 0, 3;
L_0000025ef6c881c0 .part L_0000025ef6c84020, 0, 3;
L_0000025ef6c86b40 .cmp/ne 3, L_0000025ef6c87cc0, L_0000025ef6c881c0;
L_0000025ef6c87d60 .cmp/gt 12, L_0000025ef6c84160, L_0000025ef6c84520;
L_0000025ef6c86a00 .functor MUXZ 2, L_0000025ef6c29ab0, L_0000025ef6c29a68, L_0000025ef6c87d60, C4<>;
L_0000025ef6c86780 .functor MUXZ 2, L_0000025ef6c86a00, L_0000025ef6c29a20, L_0000025ef6c86b40, C4<>;
L_0000025ef6c87540 .functor MUXZ 2, L_0000025ef6c86780, L_0000025ef6c299d8, L_0000025ef6c88800, C4<>;
L_0000025ef6c874a0 .functor MUXZ 2, L_0000025ef6c87540, L_0000025ef6c29990, L_0000025ef6c898e0, C4<>;
L_0000025ef6c87180 .functor MUXZ 2, L_0000025ef6c874a0, L_0000025ef6c29948, L_0000025ef6c87220, C4<>;
L_0000025ef6c86f00 .part L_0000025ef6c87180, 0, 1;
S_0000025ef6bcdb40 .scope module, "s6" "sig_comparator" 3 71, 5 3 0, S_0000025ef6b34ab0;
 .timescale -9 -12;
    .port_info 0 /INPUT 1 "clk";
    .port_info 1 /INPUT 1 "rst";
    .port_info 2 /INPUT 16 "a";
    .port_info 3 /INPUT 16 "b";
    .port_info 4 /OUTPUT 1 "y";
P_0000025ef6b05660 .param/l "N" 0 5 5, +C4<00000000000000000000000000010000>;
P_0000025ef6b05698 .param/l "Q" 0 5 4, +C4<00000000000000000000000000001100>;
L_0000025ef6c89cd0 .functor XOR 1, L_0000025ef6c85380, L_0000025ef6c85100, C4<0>, C4<0>;
v0000025ef6c1dc40_0 .net *"_ivl_11", 0 0, L_0000025ef6c83e40;  1 drivers
v0000025ef6c1ee60_0 .net *"_ivl_12", 0 0, L_0000025ef6c84340;  1 drivers
L_0000025ef6c29750 .functor BUFT 1, C4<00>, C4<0>, C4<0>, C4<0>;
v0000025ef6c1e460_0 .net/2s *"_ivl_14", 1 0, L_0000025ef6c29750;  1 drivers
v0000025ef6c1de20_0 .net *"_ivl_17", 0 0, L_0000025ef6c85380;  1 drivers
v0000025ef6c1e5a0_0 .net *"_ivl_19", 0 0, L_0000025ef6c85100;  1 drivers
v0000025ef6c1e320_0 .net *"_ivl_20", 0 0, L_0000025ef6c89cd0;  1 drivers
L_0000025ef6c29798 .functor BUFT 1, C4<01>, C4<0>, C4<0>, C4<0>;
v0000025ef6c1eb40_0 .net/2s *"_ivl_22", 1 0, L_0000025ef6c29798;  1 drivers
v0000025ef6c1e640_0 .net *"_ivl_25", 2 0, L_0000025ef6c86000;  1 drivers
v0000025ef6c1ed20_0 .net *"_ivl_27", 2 0, L_0000025ef6c85f60;  1 drivers
v0000025ef6c1dec0_0 .net *"_ivl_28", 0 0, L_0000025ef6c85b00;  1 drivers
L_0000025ef6c297e0 .functor BUFT 1, C4<01>, C4<0>, C4<0>, C4<0>;
v0000025ef6c1e960_0 .net/2s *"_ivl_30", 1 0, L_0000025ef6c297e0;  1 drivers
v0000025ef6c1ec80_0 .net *"_ivl_33", 2 0, L_0000025ef6c851a0;  1 drivers
v0000025ef6c1df60_0 .net *"_ivl_35", 2 0, L_0000025ef6c85ba0;  1 drivers
v0000025ef6c1e500_0 .net *"_ivl_36", 0 0, L_0000025ef6c85ce0;  1 drivers
L_0000025ef6c29828 .functor BUFT 1, C4<00>, C4<0>, C4<0>, C4<0>;
v0000025ef6c1e6e0_0 .net/2s *"_ivl_38", 1 0, L_0000025ef6c29828;  1 drivers
v0000025ef6c1edc0_0 .net *"_ivl_40", 0 0, L_0000025ef6c83b20;  1 drivers
L_0000025ef6c29870 .functor BUFT 1, C4<01>, C4<0>, C4<0>, C4<0>;
v0000025ef6c1ea00_0 .net/2s *"_ivl_42", 1 0, L_0000025ef6c29870;  1 drivers
L_0000025ef6c298b8 .functor BUFT 1, C4<00>, C4<0>, C4<0>, C4<0>;
v0000025ef6c1ef00_0 .net/2s *"_ivl_44", 1 0, L_0000025ef6c298b8;  1 drivers
v0000025ef6c1e0a0_0 .net *"_ivl_46", 1 0, L_0000025ef6c84480;  1 drivers
v0000025ef6c1da60_0 .net *"_ivl_48", 1 0, L_0000025ef6c83a80;  1 drivers
v0000025ef6c1e1e0_0 .net *"_ivl_50", 1 0, L_0000025ef6c83ee0;  1 drivers
v0000025ef6c1e780_0 .net *"_ivl_52", 1 0, L_0000025ef6c85d80;  1 drivers
v0000025ef6c1e280_0 .net *"_ivl_54", 1 0, L_0000025ef6c85e20;  1 drivers
v0000025ef6c1e820_0 .net *"_ivl_9", 0 0, L_0000025ef6c85a60;  1 drivers
v0000025ef6c1eaa0_0 .net "a", 15 0, v0000025ef6c26fd0_0;  alias, 1 drivers
L_0000025ef6c29900 .functor BUFT 1, C4<0001100000000000>, C4<0>, C4<0>, C4<0>;
v0000025ef6c1ebe0_0 .net "b", 15 0, L_0000025ef6c29900;  1 drivers
o0000025ef6bd3b98 .functor BUFZ 1, C4<z>; HiZ drive
v0000025ef6c1d880_0 .net "clk", 0 0, o0000025ef6bd3b98;  0 drivers
v0000025ef6c1d9c0_0 .net "frac_a", 11 0, L_0000025ef6c84a20;  1 drivers
v0000025ef6c1dba0_0 .net "frac_b", 11 0, L_0000025ef6c84fc0;  1 drivers
v0000025ef6c20df0_0 .net "int_a", 15 12, L_0000025ef6c848e0;  1 drivers
v0000025ef6c212f0_0 .net "int_b", 15 12, L_0000025ef6c85420;  1 drivers
o0000025ef6bd3c88 .functor BUFZ 1, C4<z>; HiZ drive
v0000025ef6c20670_0 .net "rst", 0 0, o0000025ef6bd3c88;  0 drivers
v0000025ef6c21070_0 .net "y", 0 0, L_0000025ef6c85ec0;  alias, 1 drivers
L_0000025ef6c848e0 .part v0000025ef6c26fd0_0, 12, 4;
L_0000025ef6c85420 .part L_0000025ef6c29900, 12, 4;
L_0000025ef6c84a20 .part v0000025ef6c26fd0_0, 0, 12;
L_0000025ef6c84fc0 .part L_0000025ef6c29900, 0, 12;
L_0000025ef6c85a60 .part L_0000025ef6c848e0, 3, 1;
L_0000025ef6c83e40 .part L_0000025ef6c85420, 3, 1;
L_0000025ef6c84340 .cmp/gt 1, L_0000025ef6c85a60, L_0000025ef6c83e40;
L_0000025ef6c85380 .part L_0000025ef6c848e0, 3, 1;
L_0000025ef6c85100 .part L_0000025ef6c85420, 3, 1;
L_0000025ef6c86000 .part L_0000025ef6c848e0, 0, 3;
L_0000025ef6c85f60 .part L_0000025ef6c85420, 0, 3;
L_0000025ef6c85b00 .cmp/gt 3, L_0000025ef6c86000, L_0000025ef6c85f60;
L_0000025ef6c851a0 .part L_0000025ef6c848e0, 0, 3;
L_0000025ef6c85ba0 .part L_0000025ef6c85420, 0, 3;
L_0000025ef6c85ce0 .cmp/ne 3, L_0000025ef6c851a0, L_0000025ef6c85ba0;
L_0000025ef6c83b20 .cmp/gt 12, L_0000025ef6c84a20, L_0000025ef6c84fc0;
L_0000025ef6c84480 .functor MUXZ 2, L_0000025ef6c298b8, L_0000025ef6c29870, L_0000025ef6c83b20, C4<>;
L_0000025ef6c83a80 .functor MUXZ 2, L_0000025ef6c84480, L_0000025ef6c29828, L_0000025ef6c85ce0, C4<>;
L_0000025ef6c83ee0 .functor MUXZ 2, L_0000025ef6c83a80, L_0000025ef6c297e0, L_0000025ef6c85b00, C4<>;
L_0000025ef6c85d80 .functor MUXZ 2, L_0000025ef6c83ee0, L_0000025ef6c29798, L_0000025ef6c89cd0, C4<>;
L_0000025ef6c85e20 .functor MUXZ 2, L_0000025ef6c85d80, L_0000025ef6c29750, L_0000025ef6c84340, C4<>;
L_0000025ef6c85ec0 .part L_0000025ef6c85e20, 0, 1;
S_0000025ef6c23040 .scope module, "s7" "sig_comparator" 3 64, 5 3 0, S_0000025ef6b34ab0;
 .timescale -9 -12;
    .port_info 0 /INPUT 1 "clk";
    .port_info 1 /INPUT 1 "rst";
    .port_info 2 /INPUT 16 "a";
    .port_info 3 /INPUT 16 "b";
    .port_info 4 /OUTPUT 1 "y";
P_0000025ef6b06060 .param/l "N" 0 5 5, +C4<00000000000000000000000000010000>;
P_0000025ef6b06098 .param/l "Q" 0 5 4, +C4<00000000000000000000000000001100>;
L_0000025ef6b391a0 .functor XOR 1, L_0000025ef6c840c0, L_0000025ef6c83d00, C4<0>, C4<0>;
v0000025ef6c21390_0 .net *"_ivl_11", 0 0, L_0000025ef6c84c00;  1 drivers
v0000025ef6c20170_0 .net *"_ivl_12", 0 0, L_0000025ef6c857e0;  1 drivers
L_0000025ef6c29558 .functor BUFT 1, C4<00>, C4<0>, C4<0>, C4<0>;
v0000025ef6c207b0_0 .net/2s *"_ivl_14", 1 0, L_0000025ef6c29558;  1 drivers
v0000025ef6c21250_0 .net *"_ivl_17", 0 0, L_0000025ef6c840c0;  1 drivers
v0000025ef6c203f0_0 .net *"_ivl_19", 0 0, L_0000025ef6c83d00;  1 drivers
v0000025ef6c1f270_0 .net *"_ivl_20", 0 0, L_0000025ef6b391a0;  1 drivers
L_0000025ef6c295a0 .functor BUFT 1, C4<01>, C4<0>, C4<0>, C4<0>;
v0000025ef6c1f130_0 .net/2s *"_ivl_22", 1 0, L_0000025ef6c295a0;  1 drivers
v0000025ef6c20350_0 .net *"_ivl_25", 2 0, L_0000025ef6c86140;  1 drivers
v0000025ef6c21110_0 .net *"_ivl_27", 2 0, L_0000025ef6c85880;  1 drivers
v0000025ef6c1f310_0 .net *"_ivl_28", 0 0, L_0000025ef6c852e0;  1 drivers
L_0000025ef6c295e8 .functor BUFT 1, C4<01>, C4<0>, C4<0>, C4<0>;
v0000025ef6c21430_0 .net/2s *"_ivl_30", 1 0, L_0000025ef6c295e8;  1 drivers
v0000025ef6c211b0_0 .net *"_ivl_33", 2 0, L_0000025ef6c847a0;  1 drivers
v0000025ef6c202b0_0 .net *"_ivl_35", 2 0, L_0000025ef6c85920;  1 drivers
v0000025ef6c20030_0 .net *"_ivl_36", 0 0, L_0000025ef6c85c40;  1 drivers
L_0000025ef6c29630 .functor BUFT 1, C4<00>, C4<0>, C4<0>, C4<0>;
v0000025ef6c20490_0 .net/2s *"_ivl_38", 1 0, L_0000025ef6c29630;  1 drivers
v0000025ef6c20d50_0 .net *"_ivl_40", 0 0, L_0000025ef6c84b60;  1 drivers
L_0000025ef6c29678 .functor BUFT 1, C4<01>, C4<0>, C4<0>, C4<0>;
v0000025ef6c1fbd0_0 .net/2s *"_ivl_42", 1 0, L_0000025ef6c29678;  1 drivers
L_0000025ef6c296c0 .functor BUFT 1, C4<00>, C4<0>, C4<0>, C4<0>;
v0000025ef6c1fdb0_0 .net/2s *"_ivl_44", 1 0, L_0000025ef6c296c0;  1 drivers
v0000025ef6c1f450_0 .net *"_ivl_46", 1 0, L_0000025ef6c843e0;  1 drivers
v0000025ef6c1f1d0_0 .net *"_ivl_48", 1 0, L_0000025ef6c85060;  1 drivers
v0000025ef6c1f3b0_0 .net *"_ivl_50", 1 0, L_0000025ef6c84e80;  1 drivers
v0000025ef6c1f8b0_0 .net *"_ivl_52", 1 0, L_0000025ef6c859c0;  1 drivers
v0000025ef6c216b0_0 .net *"_ivl_54", 1 0, L_0000025ef6c839e0;  1 drivers
v0000025ef6c20b70_0 .net *"_ivl_9", 0 0, L_0000025ef6c84de0;  1 drivers
v0000025ef6c214d0_0 .net "a", 15 0, v0000025ef6c26fd0_0;  alias, 1 drivers
L_0000025ef6c29708 .functor BUFT 1, C4<0011000000000000>, C4<0>, C4<0>, C4<0>;
v0000025ef6c1fc70_0 .net "b", 15 0, L_0000025ef6c29708;  1 drivers
o0000025ef6bd4288 .functor BUFZ 1, C4<z>; HiZ drive
v0000025ef6c20210_0 .net "clk", 0 0, o0000025ef6bd4288;  0 drivers
v0000025ef6c200d0_0 .net "frac_a", 11 0, L_0000025ef6c85240;  1 drivers
v0000025ef6c217f0_0 .net "frac_b", 11 0, L_0000025ef6c84700;  1 drivers
v0000025ef6c1f950_0 .net "int_a", 15 12, L_0000025ef6c84660;  1 drivers
v0000025ef6c1f4f0_0 .net "int_b", 15 12, L_0000025ef6c84200;  1 drivers
o0000025ef6bd4378 .functor BUFZ 1, C4<z>; HiZ drive
v0000025ef6c20530_0 .net "rst", 0 0, o0000025ef6bd4378;  0 drivers
v0000025ef6c1f590_0 .net "y", 0 0, L_0000025ef6c84f20;  alias, 1 drivers
L_0000025ef6c84660 .part v0000025ef6c26fd0_0, 12, 4;
L_0000025ef6c84200 .part L_0000025ef6c29708, 12, 4;
L_0000025ef6c85240 .part v0000025ef6c26fd0_0, 0, 12;
L_0000025ef6c84700 .part L_0000025ef6c29708, 0, 12;
L_0000025ef6c84de0 .part L_0000025ef6c84660, 3, 1;
L_0000025ef6c84c00 .part L_0000025ef6c84200, 3, 1;
L_0000025ef6c857e0 .cmp/gt 1, L_0000025ef6c84de0, L_0000025ef6c84c00;
L_0000025ef6c840c0 .part L_0000025ef6c84660, 3, 1;
L_0000025ef6c83d00 .part L_0000025ef6c84200, 3, 1;
L_0000025ef6c86140 .part L_0000025ef6c84660, 0, 3;
L_0000025ef6c85880 .part L_0000025ef6c84200, 0, 3;
L_0000025ef6c852e0 .cmp/gt 3, L_0000025ef6c86140, L_0000025ef6c85880;
L_0000025ef6c847a0 .part L_0000025ef6c84660, 0, 3;
L_0000025ef6c85920 .part L_0000025ef6c84200, 0, 3;
L_0000025ef6c85c40 .cmp/ne 3, L_0000025ef6c847a0, L_0000025ef6c85920;
L_0000025ef6c84b60 .cmp/gt 12, L_0000025ef6c85240, L_0000025ef6c84700;
L_0000025ef6c843e0 .functor MUXZ 2, L_0000025ef6c296c0, L_0000025ef6c29678, L_0000025ef6c84b60, C4<>;
L_0000025ef6c85060 .functor MUXZ 2, L_0000025ef6c843e0, L_0000025ef6c29630, L_0000025ef6c85c40, C4<>;
L_0000025ef6c84e80 .functor MUXZ 2, L_0000025ef6c85060, L_0000025ef6c295e8, L_0000025ef6c852e0, C4<>;
L_0000025ef6c859c0 .functor MUXZ 2, L_0000025ef6c84e80, L_0000025ef6c295a0, L_0000025ef6b391a0, C4<>;
L_0000025ef6c839e0 .functor MUXZ 2, L_0000025ef6c859c0, L_0000025ef6c29558, L_0000025ef6c857e0, C4<>;
L_0000025ef6c84f20 .part L_0000025ef6c839e0, 0, 1;
S_0000025ef6c233e0 .scope module, "s8" "sig_comparator" 3 57, 5 3 0, S_0000025ef6b34ab0;
 .timescale -9 -12;
    .port_info 0 /INPUT 1 "clk";
    .port_info 1 /INPUT 1 "rst";
    .port_info 2 /INPUT 16 "a";
    .port_info 3 /INPUT 16 "b";
    .port_info 4 /OUTPUT 1 "y";
P_0000025ef6b053e0 .param/l "N" 0 5 5, +C4<00000000000000000000000000010000>;
P_0000025ef6b05418 .param/l "Q" 0 5 4, +C4<00000000000000000000000000001100>;
L_0000025ef6b3a010 .functor XOR 1, L_0000025ef6c842a0, L_0000025ef6c84ca0, C4<0>, C4<0>;
v0000025ef6c20ad0_0 .net *"_ivl_11", 0 0, L_0000025ef6c26c10;  1 drivers
v0000025ef6c205d0_0 .net *"_ivl_12", 0 0, L_0000025ef6c26e90;  1 drivers
L_0000025ef6c29360 .functor BUFT 1, C4<00>, C4<0>, C4<0>, C4<0>;
v0000025ef6c20990_0 .net/2s *"_ivl_14", 1 0, L_0000025ef6c29360;  1 drivers
v0000025ef6c21570_0 .net *"_ivl_17", 0 0, L_0000025ef6c842a0;  1 drivers
v0000025ef6c20cb0_0 .net *"_ivl_19", 0 0, L_0000025ef6c84ca0;  1 drivers
v0000025ef6c20710_0 .net *"_ivl_20", 0 0, L_0000025ef6b3a010;  1 drivers
L_0000025ef6c293a8 .functor BUFT 1, C4<01>, C4<0>, C4<0>, C4<0>;
v0000025ef6c1f630_0 .net/2s *"_ivl_22", 1 0, L_0000025ef6c293a8;  1 drivers
v0000025ef6c20850_0 .net *"_ivl_25", 2 0, L_0000025ef6c854c0;  1 drivers
v0000025ef6c21610_0 .net *"_ivl_27", 2 0, L_0000025ef6c84840;  1 drivers
v0000025ef6c1f6d0_0 .net *"_ivl_28", 0 0, L_0000025ef6c84980;  1 drivers
L_0000025ef6c293f0 .functor BUFT 1, C4<01>, C4<0>, C4<0>, C4<0>;
v0000025ef6c1f770_0 .net/2s *"_ivl_30", 1 0, L_0000025ef6c293f0;  1 drivers
v0000025ef6c208f0_0 .net *"_ivl_33", 2 0, L_0000025ef6c84ac0;  1 drivers
v0000025ef6c21750_0 .net *"_ivl_35", 2 0, L_0000025ef6c83da0;  1 drivers
v0000025ef6c20a30_0 .net *"_ivl_36", 0 0, L_0000025ef6c85560;  1 drivers
L_0000025ef6c29438 .functor BUFT 1, C4<00>, C4<0>, C4<0>, C4<0>;
v0000025ef6c20c10_0 .net/2s *"_ivl_38", 1 0, L_0000025ef6c29438;  1 drivers
v0000025ef6c20e90_0 .net *"_ivl_40", 0 0, L_0000025ef6c83c60;  1 drivers
L_0000025ef6c29480 .functor BUFT 1, C4<01>, C4<0>, C4<0>, C4<0>;
v0000025ef6c20f30_0 .net/2s *"_ivl_42", 1 0, L_0000025ef6c29480;  1 drivers
L_0000025ef6c294c8 .functor BUFT 1, C4<00>, C4<0>, C4<0>, C4<0>;
v0000025ef6c20fd0_0 .net/2s *"_ivl_44", 1 0, L_0000025ef6c294c8;  1 drivers
v0000025ef6c1f810_0 .net *"_ivl_46", 1 0, L_0000025ef6c84d40;  1 drivers
v0000025ef6c1f9f0_0 .net *"_ivl_48", 1 0, L_0000025ef6c860a0;  1 drivers
v0000025ef6c1f090_0 .net *"_ivl_50", 1 0, L_0000025ef6c83f80;  1 drivers
v0000025ef6c1fa90_0 .net *"_ivl_52", 1 0, L_0000025ef6c85600;  1 drivers
v0000025ef6c1fb30_0 .net *"_ivl_54", 1 0, L_0000025ef6c856a0;  1 drivers
v0000025ef6c1fd10_0 .net *"_ivl_9", 0 0, L_0000025ef6c26ad0;  1 drivers
v0000025ef6c1fe50_0 .net "a", 15 0, v0000025ef6c26fd0_0;  alias, 1 drivers
L_0000025ef6c29510 .functor BUFT 1, C4<0100100000000000>, C4<0>, C4<0>, C4<0>;
v0000025ef6c1fef0_0 .net "b", 15 0, L_0000025ef6c29510;  1 drivers
o0000025ef6bd4978 .functor BUFZ 1, C4<z>; HiZ drive
v0000025ef6c1ff90_0 .net "clk", 0 0, o0000025ef6bd4978;  0 drivers
v0000025ef6c22e70_0 .net "frac_a", 11 0, L_0000025ef6c265d0;  1 drivers
v0000025ef6c225b0_0 .net "frac_b", 11 0, L_0000025ef6c26df0;  1 drivers
v0000025ef6c22330_0 .net "int_a", 15 12, L_0000025ef6c267b0;  1 drivers
v0000025ef6c22010_0 .net "int_b", 15 12, L_0000025ef6c26670;  1 drivers
o0000025ef6bd4a68 .functor BUFZ 1, C4<z>; HiZ drive
v0000025ef6c223d0_0 .net "rst", 0 0, o0000025ef6bd4a68;  0 drivers
v0000025ef6c221f0_0 .net "y", 0 0, L_0000025ef6c85740;  alias, 1 drivers
L_0000025ef6c267b0 .part v0000025ef6c26fd0_0, 12, 4;
L_0000025ef6c26670 .part L_0000025ef6c29510, 12, 4;
L_0000025ef6c265d0 .part v0000025ef6c26fd0_0, 0, 12;
L_0000025ef6c26df0 .part L_0000025ef6c29510, 0, 12;
L_0000025ef6c26ad0 .part L_0000025ef6c267b0, 3, 1;
L_0000025ef6c26c10 .part L_0000025ef6c26670, 3, 1;
L_0000025ef6c26e90 .cmp/gt 1, L_0000025ef6c26ad0, L_0000025ef6c26c10;
L_0000025ef6c842a0 .part L_0000025ef6c267b0, 3, 1;
L_0000025ef6c84ca0 .part L_0000025ef6c26670, 3, 1;
L_0000025ef6c854c0 .part L_0000025ef6c267b0, 0, 3;
L_0000025ef6c84840 .part L_0000025ef6c26670, 0, 3;
L_0000025ef6c84980 .cmp/gt 3, L_0000025ef6c854c0, L_0000025ef6c84840;
L_0000025ef6c84ac0 .part L_0000025ef6c267b0, 0, 3;
L_0000025ef6c83da0 .part L_0000025ef6c26670, 0, 3;
L_0000025ef6c85560 .cmp/ne 3, L_0000025ef6c84ac0, L_0000025ef6c83da0;
L_0000025ef6c83c60 .cmp/gt 12, L_0000025ef6c265d0, L_0000025ef6c26df0;
L_0000025ef6c84d40 .functor MUXZ 2, L_0000025ef6c294c8, L_0000025ef6c29480, L_0000025ef6c83c60, C4<>;
L_0000025ef6c860a0 .functor MUXZ 2, L_0000025ef6c84d40, L_0000025ef6c29438, L_0000025ef6c85560, C4<>;
L_0000025ef6c83f80 .functor MUXZ 2, L_0000025ef6c860a0, L_0000025ef6c293f0, L_0000025ef6c84980, C4<>;
L_0000025ef6c85600 .functor MUXZ 2, L_0000025ef6c83f80, L_0000025ef6c293a8, L_0000025ef6b3a010, C4<>;
L_0000025ef6c856a0 .functor MUXZ 2, L_0000025ef6c85600, L_0000025ef6c29360, L_0000025ef6c26e90, C4<>;
L_0000025ef6c85740 .part L_0000025ef6c856a0, 0, 1;
S_0000025ef6c23780 .scope module, "s9" "sig_comparator" 3 50, 5 3 0, S_0000025ef6b34ab0;
 .timescale -9 -12;
    .port_info 0 /INPUT 1 "clk";
    .port_info 1 /INPUT 1 "rst";
    .port_info 2 /INPUT 16 "a";
    .port_info 3 /INPUT 16 "b";
    .port_info 4 /OUTPUT 1 "y";
P_0000025ef6b05460 .param/l "N" 0 5 5, +C4<00000000000000000000000000010000>;
P_0000025ef6b05498 .param/l "Q" 0 5 4, +C4<00000000000000000000000000001100>;
L_0000025ef6b39fa0 .functor XOR 1, L_0000025ef6c26d50, L_0000025ef6c26b70, C4<0>, C4<0>;
v0000025ef6c22290_0 .net *"_ivl_11", 0 0, L_0000025ef6c268f0;  1 drivers
v0000025ef6c22510_0 .net *"_ivl_12", 0 0, L_0000025ef6c26170;  1 drivers
L_0000025ef6c29168 .functor BUFT 1, C4<00>, C4<0>, C4<0>, C4<0>;
v0000025ef6c21bb0_0 .net/2s *"_ivl_14", 1 0, L_0000025ef6c29168;  1 drivers
v0000025ef6c22150_0 .net *"_ivl_17", 0 0, L_0000025ef6c26d50;  1 drivers
v0000025ef6c219d0_0 .net *"_ivl_19", 0 0, L_0000025ef6c26b70;  1 drivers
v0000025ef6c228d0_0 .net *"_ivl_20", 0 0, L_0000025ef6b39fa0;  1 drivers
L_0000025ef6c291b0 .functor BUFT 1, C4<01>, C4<0>, C4<0>, C4<0>;
v0000025ef6c21930_0 .net/2s *"_ivl_22", 1 0, L_0000025ef6c291b0;  1 drivers
v0000025ef6c22ab0_0 .net *"_ivl_25", 2 0, L_0000025ef6c26a30;  1 drivers
v0000025ef6c21d90_0 .net *"_ivl_27", 2 0, L_0000025ef6c27070;  1 drivers
v0000025ef6c21ed0_0 .net *"_ivl_28", 0 0, L_0000025ef6c27750;  1 drivers
L_0000025ef6c291f8 .functor BUFT 1, C4<01>, C4<0>, C4<0>, C4<0>;
v0000025ef6c21c50_0 .net/2s *"_ivl_30", 1 0, L_0000025ef6c291f8;  1 drivers
v0000025ef6c21cf0_0 .net *"_ivl_33", 2 0, L_0000025ef6c274d0;  1 drivers
v0000025ef6c22790_0 .net *"_ivl_35", 2 0, L_0000025ef6c26490;  1 drivers
v0000025ef6c22650_0 .net *"_ivl_36", 0 0, L_0000025ef6c272f0;  1 drivers
L_0000025ef6c29240 .functor BUFT 1, C4<00>, C4<0>, C4<0>, C4<0>;
v0000025ef6c21e30_0 .net/2s *"_ivl_38", 1 0, L_0000025ef6c29240;  1 drivers
v0000025ef6c226f0_0 .net *"_ivl_40", 0 0, L_0000025ef6c262b0;  1 drivers
L_0000025ef6c29288 .functor BUFT 1, C4<01>, C4<0>, C4<0>, C4<0>;
v0000025ef6c21f70_0 .net/2s *"_ivl_42", 1 0, L_0000025ef6c29288;  1 drivers
L_0000025ef6c292d0 .functor BUFT 1, C4<00>, C4<0>, C4<0>, C4<0>;
v0000025ef6c22b50_0 .net/2s *"_ivl_44", 1 0, L_0000025ef6c292d0;  1 drivers
v0000025ef6c22830_0 .net *"_ivl_46", 1 0, L_0000025ef6c26350;  1 drivers
v0000025ef6c22d30_0 .net *"_ivl_48", 1 0, L_0000025ef6c26530;  1 drivers
v0000025ef6c220b0_0 .net *"_ivl_50", 1 0, L_0000025ef6c26710;  1 drivers
v0000025ef6c22970_0 .net *"_ivl_52", 1 0, L_0000025ef6c27390;  1 drivers
v0000025ef6c22c90_0 .net *"_ivl_54", 1 0, L_0000025ef6c27570;  1 drivers
v0000025ef6c22470_0 .net *"_ivl_9", 0 0, L_0000025ef6c277f0;  1 drivers
v0000025ef6c22a10_0 .net "a", 15 0, v0000025ef6c26fd0_0;  alias, 1 drivers
L_0000025ef6c29318 .functor BUFT 1, C4<0110000000000000>, C4<0>, C4<0>, C4<0>;
v0000025ef6c22bf0_0 .net "b", 15 0, L_0000025ef6c29318;  1 drivers
o0000025ef6bd5068 .functor BUFZ 1, C4<z>; HiZ drive
v0000025ef6c22dd0_0 .net "clk", 0 0, o0000025ef6bd5068;  0 drivers
v0000025ef6c22f10_0 .net "frac_a", 11 0, L_0000025ef6c26990;  1 drivers
v0000025ef6c21890_0 .net "frac_b", 11 0, L_0000025ef6c26210;  1 drivers
v0000025ef6c21a70_0 .net "int_a", 15 12, L_0000025ef6c276b0;  1 drivers
v0000025ef6c21b10_0 .net "int_b", 15 12, L_0000025ef6c27250;  1 drivers
o0000025ef6bd5158 .functor BUFZ 1, C4<z>; HiZ drive
v0000025ef6c25e50_0 .net "rst", 0 0, o0000025ef6bd5158;  0 drivers
v0000025ef6c23dd0_0 .net "y", 0 0, L_0000025ef6c263f0;  alias, 1 drivers
L_0000025ef6c276b0 .part v0000025ef6c26fd0_0, 12, 4;
L_0000025ef6c27250 .part L_0000025ef6c29318, 12, 4;
L_0000025ef6c26990 .part v0000025ef6c26fd0_0, 0, 12;
L_0000025ef6c26210 .part L_0000025ef6c29318, 0, 12;
L_0000025ef6c277f0 .part L_0000025ef6c276b0, 3, 1;
L_0000025ef6c268f0 .part L_0000025ef6c27250, 3, 1;
L_0000025ef6c26170 .cmp/gt 1, L_0000025ef6c277f0, L_0000025ef6c268f0;
L_0000025ef6c26d50 .part L_0000025ef6c276b0, 3, 1;
L_0000025ef6c26b70 .part L_0000025ef6c27250, 3, 1;
L_0000025ef6c26a30 .part L_0000025ef6c276b0, 0, 3;
L_0000025ef6c27070 .part L_0000025ef6c27250, 0, 3;
L_0000025ef6c27750 .cmp/gt 3, L_0000025ef6c26a30, L_0000025ef6c27070;
L_0000025ef6c274d0 .part L_0000025ef6c276b0, 0, 3;
L_0000025ef6c26490 .part L_0000025ef6c27250, 0, 3;
L_0000025ef6c272f0 .cmp/ne 3, L_0000025ef6c274d0, L_0000025ef6c26490;
L_0000025ef6c262b0 .cmp/gt 12, L_0000025ef6c26990, L_0000025ef6c26210;
L_0000025ef6c26350 .functor MUXZ 2, L_0000025ef6c292d0, L_0000025ef6c29288, L_0000025ef6c262b0, C4<>;
L_0000025ef6c26530 .functor MUXZ 2, L_0000025ef6c26350, L_0000025ef6c29240, L_0000025ef6c272f0, C4<>;
L_0000025ef6c26710 .functor MUXZ 2, L_0000025ef6c26530, L_0000025ef6c291f8, L_0000025ef6c27750, C4<>;
L_0000025ef6c27390 .functor MUXZ 2, L_0000025ef6c26710, L_0000025ef6c291b0, L_0000025ef6b39fa0, C4<>;
L_0000025ef6c27570 .functor MUXZ 2, L_0000025ef6c27390, L_0000025ef6c29168, L_0000025ef6c26170, C4<>;
L_0000025ef6c263f0 .part L_0000025ef6c27570, 0, 1;
    .scope S_0000025ef6b34c40;
T_0 ;
    %wait E_0000025ef6ba24f0;
    %load/vec4 v0000025ef6bcaf70_0;
    %flag_set/vec4 8;
    %jmp/0xz  T_0.0, 8;
    %pushi/vec4 0, 0, 2;
    %assign/vec4 v0000025ef6bc9c10_0, 0;
    %jmp T_0.1;
T_0.0 ;
    %load/vec4 v0000025ef6bc9cb0_0;
    %assign/vec4 v0000025ef6bc9c10_0, 0;
T_0.1 ;
    %jmp T_0;
    .thread T_0;
    .scope S_0000025ef6b34ab0;
T_1 ;
    %wait E_0000025ef6ba24f0;
    %load/vec4 v0000025ef6c27430_0;
    %flag_set/vec4 8;
    %jmp/0xz  T_1.0, 8;
    %pushi/vec4 0, 0, 1;
    %assign/vec4 v0000025ef6c27110_0, 0;
    %jmp T_1.1;
T_1.0 ;
    %load/vec4 v0000025ef6c242d0_0;
    %assign/vec4 v0000025ef6c27110_0, 0;
T_1.1 ;
    %jmp T_1;
    .thread T_1;
    .scope S_0000025ef6bb8820;
T_2 ;
    %delay 5000, 0;
    %load/vec4 v0000025ef6c26f30_0;
    %inv;
    %store/vec4 v0000025ef6c26f30_0, 0, 1;
    %jmp T_2;
    .thread T_2;
    .scope S_0000025ef6bb8820;
T_3 ;
    %vpi_call 2 23 "$dumpfile", "tb_softplus_16_bit.vcd" {0 0 0};
    %vpi_call 2 24 "$dumpvars", 32'sb00000000000000000000000000000000, S_0000025ef6bb8820 {0 0 0};
    %pushi/vec4 1, 0, 1;
    %store/vec4 v0000025ef6c26850_0, 0, 1;
    %pushi/vec4 0, 0, 1;
    %store/vec4 v0000025ef6c26f30_0, 0, 1;
    %pushi/vec4 8192, 0, 16;
    %store/vec4 v0000025ef6c26fd0_0, 0, 16;
    %delay 10000, 0;
    %pushi/vec4 0, 0, 1;
    %store/vec4 v0000025ef6c26850_0, 0, 1;
    %delay 100000, 0;
    %vpi_call 2 31 "$display", "%0b", v0000025ef6c26cb0_0 {0 0 0};
    %delay 10000, 0;
    %vpi_call 2 32 "$finish" {0 0 0};
    %end;
    .thread T_3;
# The file index is used to find the file name in the following table.
:file_names 6;
    "N/A";
    "<interactive>";
    "tb_softplus_16_bit.v";
    "./softplus_16_bit.v";
    "./../multiplier_fixed_point_16_bit/multiplier_fixed_point_16_bit.v";
    "./../softplus_16_bit/sig_comparator.v";
