#! /c/Source/iverilog-install/bin/vvp
:ivl_version "12.0 (devel)" "(s20150603-1539-g2693dd32b)";
:ivl_delay_selection "TYPICAL";
:vpi_time_precision - 12;
:vpi_module "C:\iverilog\lib\ivl\system.vpi";
:vpi_module "C:\iverilog\lib\ivl\vhdl_sys.vpi";
:vpi_module "C:\iverilog\lib\ivl\vhdl_textio.vpi";
:vpi_module "C:\iverilog\lib\ivl\v2005_math.vpi";
:vpi_module "C:\iverilog\lib\ivl\va_math.vpi";
S_0000025430d1a200 .scope module, "tb_softplus_16_bit" "tb_softplus_16_bit" 2 4;
 .timescale -9 -12;
P_0000025430c85560 .param/l "N" 0 2 5, +C4<00000000000000000000000000010000>;
P_0000025430c85598 .param/l "Q" 0 2 5, +C4<00000000000000000000000000001100>;
v0000025430d88c90_0 .var "x", 15 0;
v0000025430d89410_0 .net "y", 15 0, L_0000025430df2ae0;  1 drivers
S_0000025430caf630 .scope module, "comp1" "softplus8" 2 10, 3 4 0, S_0000025430d1a200;
 .timescale -9 -12;
    .port_info 0 /INPUT 1 "clk";
    .port_info 1 /INPUT 1 "rst";
    .port_info 2 /INPUT 16 "x";
    .port_info 3 /OUTPUT 16 "y";
P_0000025430d1b7b0 .param/l "N" 0 3 6, +C4<00000000000000000000000000010000>;
P_0000025430d1b7e8 .param/l "Q" 0 3 7, +C4<00000000000000000000000000001100>;
P_0000025430d1b820 .param/l "abscissas_1" 0 3 9, C4<1010000000000000>;
P_0000025430d1b858 .param/l "abscissas_2" 0 3 10, C4<1011100000000000>;
P_0000025430d1b890 .param/l "abscissas_3" 0 3 11, C4<1101000000000000>;
P_0000025430d1b8c8 .param/l "abscissas_4" 0 3 12, C4<1110100000000000>;
P_0000025430d1b900 .param/l "abscissas_5" 0 3 13, C4<0000000000000000>;
P_0000025430d1b938 .param/l "abscissas_6" 0 3 14, C4<0001100000000000>;
P_0000025430d1b970 .param/l "abscissas_7" 0 3 15, C4<0011000000000000>;
P_0000025430d1b9a8 .param/l "abscissas_8" 0 3 16, C4<0100100000000000>;
P_0000025430d1b9e0 .param/l "abscissas_9" 0 3 17, C4<0110000000000000>;
P_0000025430d1ba18 .param/l "intersect_1" 0 3 28, C4<0000000010010110>;
P_0000025430d1ba50 .param/l "intersect_2" 0 3 29, C4<0000000111111010>;
P_0000025430d1ba88 .param/l "intersect_3" 0 3 30, C4<0000010110101010>;
P_0000025430d1bac0 .param/l "intersect_4" 0 3 31, C4<0000101100010111>;
P_0000025430d1baf8 .param/l "intersect_5" 0 3 32, C4<0000101100010111>;
P_0000025430d1bb30 .param/l "intersect_6" 0 3 33, C4<0000010110101010>;
P_0000025430d1bb68 .param/l "intersect_7" 0 3 34, C4<0000000111111010>;
P_0000025430d1bba0 .param/l "intersect_8" 0 3 35, C4<0000000010010110>;
P_0000025430d1bbd8 .param/l "slope_1" 0 3 19, C4<0000000000010111>;
P_0000025430d1bc10 .param/l "slope_2" 0 3 20, C4<0000000001100110>;
P_0000025430d1bc48 .param/l "slope_3" 0 3 21, C4<0000000110100001>;
P_0000025430d1bc80 .param/l "slope_4" 0 3 22, C4<0000010100111110>;
P_0000025430d1bcb8 .param/l "slope_5" 0 3 23, C4<0000101011000001>;
P_0000025430d1bcf0 .param/l "slope_6" 0 3 24, C4<0000111001011110>;
P_0000025430d1bd28 .param/l "slope_7" 0 3 25, C4<0000111110011001>;
P_0000025430d1bd60 .param/l "slope_8" 0 3 26, C4<0000111111101000>;
L_0000025430d8e298 .functor BUFT 1, C4<0000000000000000>, C4<0>, C4<0>, C4<0>;
v0000025430d8b210_0 .net/2u *"_ivl_18", 15 0, L_0000025430d8e298;  1 drivers
L_0000025430d8e2e0 .functor BUFT 1, C4<0000111111101000>, C4<0>, C4<0>, C4<0>;
v0000025430d8a590_0 .net/2u *"_ivl_20", 15 0, L_0000025430d8e2e0;  1 drivers
L_0000025430d8e328 .functor BUFT 1, C4<0000111110011001>, C4<0>, C4<0>, C4<0>;
v0000025430d8a8b0_0 .net/2u *"_ivl_22", 15 0, L_0000025430d8e328;  1 drivers
L_0000025430d8e370 .functor BUFT 1, C4<0000111001011110>, C4<0>, C4<0>, C4<0>;
v0000025430d8a450_0 .net/2u *"_ivl_24", 15 0, L_0000025430d8e370;  1 drivers
L_0000025430d8e3b8 .functor BUFT 1, C4<0000101011000001>, C4<0>, C4<0>, C4<0>;
v0000025430d8b3f0_0 .net/2u *"_ivl_26", 15 0, L_0000025430d8e3b8;  1 drivers
L_0000025430d8e400 .functor BUFT 1, C4<0000010100111110>, C4<0>, C4<0>, C4<0>;
v0000025430d8b030_0 .net/2u *"_ivl_28", 15 0, L_0000025430d8e400;  1 drivers
L_0000025430d8e448 .functor BUFT 1, C4<0000000110100001>, C4<0>, C4<0>, C4<0>;
v0000025430d8a630_0 .net/2u *"_ivl_30", 15 0, L_0000025430d8e448;  1 drivers
L_0000025430d8e490 .functor BUFT 1, C4<0000000001100110>, C4<0>, C4<0>, C4<0>;
v0000025430d8ba30_0 .net/2u *"_ivl_32", 15 0, L_0000025430d8e490;  1 drivers
L_0000025430d8e4d8 .functor BUFT 1, C4<0000000000010111>, C4<0>, C4<0>, C4<0>;
v0000025430d8b530_0 .net/2u *"_ivl_34", 15 0, L_0000025430d8e4d8;  1 drivers
L_0000025430d8e520 .functor BUFT 1, C4<0000000000000000>, C4<0>, C4<0>, C4<0>;
v0000025430d8b670_0 .net/2u *"_ivl_36", 15 0, L_0000025430d8e520;  1 drivers
v0000025430d8ae50_0 .net *"_ivl_38", 15 0, L_0000025430df2cc0;  1 drivers
v0000025430d8a770_0 .net *"_ivl_40", 15 0, L_0000025430df2a40;  1 drivers
v0000025430d8b710_0 .net *"_ivl_42", 15 0, L_0000025430df39e0;  1 drivers
v0000025430d8abd0_0 .net *"_ivl_44", 15 0, L_0000025430df4700;  1 drivers
v0000025430d8ab30_0 .net *"_ivl_46", 15 0, L_0000025430df42a0;  1 drivers
v0000025430d8b490_0 .net *"_ivl_48", 15 0, L_0000025430df3a80;  1 drivers
v0000025430d8b7b0_0 .net *"_ivl_50", 15 0, L_0000025430df4340;  1 drivers
v0000025430d8aa90_0 .net *"_ivl_52", 15 0, L_0000025430df3760;  1 drivers
L_0000025430d8e568 .functor BUFT 1, C4<0001000000000000>, C4<0>, C4<0>, C4<0>;
v0000025430d8b8f0_0 .net/2u *"_ivl_56", 15 0, L_0000025430d8e568;  1 drivers
L_0000025430d8e5b0 .functor BUFT 1, C4<0000000010010110>, C4<0>, C4<0>, C4<0>;
v0000025430d8b990_0 .net/2u *"_ivl_58", 15 0, L_0000025430d8e5b0;  1 drivers
L_0000025430d8e5f8 .functor BUFT 1, C4<0000000111111010>, C4<0>, C4<0>, C4<0>;
v0000025430d8a6d0_0 .net/2u *"_ivl_60", 15 0, L_0000025430d8e5f8;  1 drivers
L_0000025430d8e640 .functor BUFT 1, C4<0000010110101010>, C4<0>, C4<0>, C4<0>;
v0000025430d8b170_0 .net/2u *"_ivl_62", 15 0, L_0000025430d8e640;  1 drivers
L_0000025430d8e688 .functor BUFT 1, C4<0000101100010111>, C4<0>, C4<0>, C4<0>;
v0000025430d8bad0_0 .net/2u *"_ivl_64", 15 0, L_0000025430d8e688;  1 drivers
L_0000025430d8e6d0 .functor BUFT 1, C4<0000101100010111>, C4<0>, C4<0>, C4<0>;
v0000025430d8ac70_0 .net/2u *"_ivl_66", 15 0, L_0000025430d8e6d0;  1 drivers
L_0000025430d8e718 .functor BUFT 1, C4<0000010110101010>, C4<0>, C4<0>, C4<0>;
v0000025430d8a4f0_0 .net/2u *"_ivl_68", 15 0, L_0000025430d8e718;  1 drivers
L_0000025430d8e760 .functor BUFT 1, C4<0000000111111010>, C4<0>, C4<0>, C4<0>;
v0000025430d8a810_0 .net/2u *"_ivl_70", 15 0, L_0000025430d8e760;  1 drivers
L_0000025430d8e7a8 .functor BUFT 1, C4<0000000010010110>, C4<0>, C4<0>, C4<0>;
v0000025430d8a950_0 .net/2u *"_ivl_72", 15 0, L_0000025430d8e7a8;  1 drivers
L_0000025430d8e7f0 .functor BUFT 1, C4<0000000000000000>, C4<0>, C4<0>, C4<0>;
v0000025430d8a9f0_0 .net/2u *"_ivl_74", 15 0, L_0000025430d8e7f0;  1 drivers
v0000025430d8adb0_0 .net *"_ivl_76", 15 0, L_0000025430df4520;  1 drivers
v0000025430d8aef0_0 .net *"_ivl_78", 15 0, L_0000025430df2fe0;  1 drivers
v0000025430d8af90_0 .net *"_ivl_80", 15 0, L_0000025430df2e00;  1 drivers
v0000025430d8b2b0_0 .net *"_ivl_82", 15 0, L_0000025430df45c0;  1 drivers
v0000025430d8b350_0 .net *"_ivl_84", 15 0, L_0000025430df3b20;  1 drivers
v0000025430d8a3b0_0 .net *"_ivl_86", 15 0, L_0000025430df4660;  1 drivers
v0000025430d88e70_0 .net *"_ivl_88", 15 0, L_0000025430df47a0;  1 drivers
v0000025430d88330_0 .net *"_ivl_90", 15 0, L_0000025430df3800;  1 drivers
o0000025430d54a98 .functor BUFZ 1, C4<z>; HiZ drive
v0000025430d88b50_0 .net "clk", 0 0, o0000025430d54a98;  0 drivers
v0000025430d88a10_0 .net "intersect", 15 0, L_0000025430df3120;  1 drivers
v0000025430d88f10_0 .net "res_mult", 15 0, L_0000025430df3d00;  1 drivers
o0000025430d54af8 .functor BUFZ 1, C4<z>; HiZ drive
v0000025430d89910_0 .net "rst", 0 0, o0000025430d54af8;  0 drivers
v0000025430d89d70_0 .net "seg_1", 0 0, L_0000025430df04c0;  1 drivers
v0000025430d89ff0_0 .net "seg_2", 0 0, L_0000025430defc00;  1 drivers
v0000025430d88970_0 .net "seg_3", 0 0, L_0000025430def840;  1 drivers
v0000025430d886f0_0 .net "seg_4", 0 0, L_0000025430de77b0;  1 drivers
v0000025430d88ab0_0 .net "seg_5", 0 0, L_0000025430de8750;  1 drivers
v0000025430d89a50_0 .net "seg_6", 0 0, L_0000025430de54b0;  1 drivers
v0000025430d89230_0 .net "seg_7", 0 0, L_0000025430de6950;  1 drivers
v0000025430d87f70_0 .net "seg_8", 0 0, L_0000025430de6db0;  1 drivers
v0000025430d88bf0_0 .net "seg_9", 0 0, L_0000025430d89690;  1 drivers
v0000025430d89730_0 .net "slope", 15 0, L_0000025430df4200;  1 drivers
v0000025430d88650_0 .net "x", 15 0, v0000025430d88c90_0;  1 drivers
v0000025430d89550_0 .net "y", 15 0, L_0000025430df2ae0;  alias, 1 drivers
L_0000025430df2cc0 .functor MUXZ 16, L_0000025430d8e520, L_0000025430d8e4d8, L_0000025430df04c0, C4<>;
L_0000025430df2a40 .functor MUXZ 16, L_0000025430df2cc0, L_0000025430d8e490, L_0000025430defc00, C4<>;
L_0000025430df39e0 .functor MUXZ 16, L_0000025430df2a40, L_0000025430d8e448, L_0000025430def840, C4<>;
L_0000025430df4700 .functor MUXZ 16, L_0000025430df39e0, L_0000025430d8e400, L_0000025430de77b0, C4<>;
L_0000025430df42a0 .functor MUXZ 16, L_0000025430df4700, L_0000025430d8e3b8, L_0000025430de8750, C4<>;
L_0000025430df3a80 .functor MUXZ 16, L_0000025430df42a0, L_0000025430d8e370, L_0000025430de54b0, C4<>;
L_0000025430df4340 .functor MUXZ 16, L_0000025430df3a80, L_0000025430d8e328, L_0000025430de6950, C4<>;
L_0000025430df3760 .functor MUXZ 16, L_0000025430df4340, L_0000025430d8e2e0, L_0000025430de6db0, C4<>;
L_0000025430df4200 .functor MUXZ 16, L_0000025430df3760, L_0000025430d8e298, L_0000025430d89690, C4<>;
L_0000025430df4520 .functor MUXZ 16, L_0000025430d8e7f0, L_0000025430d8e7a8, L_0000025430df04c0, C4<>;
L_0000025430df2fe0 .functor MUXZ 16, L_0000025430df4520, L_0000025430d8e760, L_0000025430defc00, C4<>;
L_0000025430df2e00 .functor MUXZ 16, L_0000025430df2fe0, L_0000025430d8e718, L_0000025430def840, C4<>;
L_0000025430df45c0 .functor MUXZ 16, L_0000025430df2e00, L_0000025430d8e6d0, L_0000025430de77b0, C4<>;
L_0000025430df3b20 .functor MUXZ 16, L_0000025430df45c0, L_0000025430d8e688, L_0000025430de8750, C4<>;
L_0000025430df4660 .functor MUXZ 16, L_0000025430df3b20, L_0000025430d8e640, L_0000025430de54b0, C4<>;
L_0000025430df47a0 .functor MUXZ 16, L_0000025430df4660, L_0000025430d8e5f8, L_0000025430de6950, C4<>;
L_0000025430df3800 .functor MUXZ 16, L_0000025430df47a0, L_0000025430d8e5b0, L_0000025430de6db0, C4<>;
L_0000025430df3120 .functor MUXZ 16, L_0000025430df3800, L_0000025430d8e568, L_0000025430d89690, C4<>;
L_0000025430df2ae0 .arith/sum 16, L_0000025430df3d00, L_0000025430df3120;
S_0000025430caf7c0 .scope module, "m1" "sig_mult" 3 108, 4 6 0, S_0000025430caf630;
 .timescale -9 -12;
    .port_info 0 /INPUT 16 "a";
    .port_info 1 /INPUT 16 "b";
    .port_info 2 /OUTPUT 16 "q_result";
    .port_info 3 /OUTPUT 1 "overflow";
P_0000025430c86260 .param/l "N" 0 4 9, +C4<00000000000000000000000000010000>;
P_0000025430c86298 .param/l "Q" 0 4 8, +C4<00000000000000000000000000001100>;
L_0000025430d1b6d0 .functor XOR 1, L_0000025430df4020, L_0000025430df36c0, C4<0>, C4<0>;
L_0000025430d1ada0 .functor OR 1, L_0000025430df4480, L_0000025430df27c0, C4<0>, C4<0>;
v0000025430d16cd0_0 .net *"_ivl_1", 0 0, L_0000025430df0600;  1 drivers
v0000025430d17f90_0 .net *"_ivl_10", 14 0, L_0000025430df0a60;  1 drivers
v0000025430d16a50_0 .net *"_ivl_100", 3 0, L_0000025430df2540;  1 drivers
v0000025430d173b0_0 .net *"_ivl_101", 31 0, L_0000025430df3940;  1 drivers
L_0000025430d8e178 .functor BUFT 1, C4<0000000000000000000000000000>, C4<0>, C4<0>, C4<0>;
v0000025430d171d0_0 .net *"_ivl_104", 27 0, L_0000025430d8e178;  1 drivers
L_0000025430d8e1c0 .functor BUFT 1, C4<00000000000000000000000000000000>, C4<0>, C4<0>, C4<0>;
v0000025430d165f0_0 .net/2u *"_ivl_105", 31 0, L_0000025430d8e1c0;  1 drivers
v0000025430d16d70_0 .net *"_ivl_107", 0 0, L_0000025430df2f40;  1 drivers
L_0000025430d8e208 .functor BUFT 1, C4<1>, C4<0>, C4<0>, C4<0>;
v0000025430d16af0_0 .net/2u *"_ivl_109", 0 0, L_0000025430d8e208;  1 drivers
L_0000025430d8e250 .functor BUFT 1, C4<0>, C4<0>, C4<0>, C4<0>;
v0000025430d17590_0 .net/2u *"_ivl_111", 0 0, L_0000025430d8e250;  1 drivers
v0000025430d18030_0 .net *"_ivl_15", 0 0, L_0000025430df0e20;  1 drivers
L_0000025430d8de60 .functor BUFT 1, C4<111111111111111>, C4<0>, C4<0>, C4<0>;
v0000025430d17c70_0 .net/2u *"_ivl_16", 14 0, L_0000025430d8de60;  1 drivers
v0000025430d180d0_0 .net *"_ivl_19", 14 0, L_0000025430df0ec0;  1 drivers
L_0000025430d8ddd0 .functor BUFT 1, C4<111111111111111>, C4<0>, C4<0>, C4<0>;
v0000025430d17bd0_0 .net/2u *"_ivl_2", 14 0, L_0000025430d8ddd0;  1 drivers
v0000025430d16f50_0 .net *"_ivl_20", 14 0, L_0000025430df0f60;  1 drivers
L_0000025430d8dea8 .functor BUFT 1, C4<000000000000001>, C4<0>, C4<0>, C4<0>;
v0000025430d17950_0 .net/2u *"_ivl_22", 14 0, L_0000025430d8dea8;  1 drivers
v0000025430d17d10_0 .net *"_ivl_24", 14 0, L_0000025430df1000;  1 drivers
v0000025430d17db0_0 .net *"_ivl_29", 0 0, L_0000025430df2860;  1 drivers
v0000025430d17a90_0 .net *"_ivl_33", 0 0, L_0000025430df40c0;  1 drivers
v0000025430d17ef0_0 .net *"_ivl_39", 0 0, L_0000025430df4020;  1 drivers
v0000025430d16b90_0 .net *"_ivl_41", 0 0, L_0000025430df36c0;  1 drivers
v0000025430d16e10_0 .net *"_ivl_42", 0 0, L_0000025430d1b6d0;  1 drivers
v0000025430d17e50_0 .net *"_ivl_45", 14 0, L_0000025430df43e0;  1 drivers
v0000025430d16ff0_0 .net *"_ivl_46", 31 0, L_0000025430df3bc0;  1 drivers
L_0000025430d8def0 .functor BUFT 1, C4<00000000000000000>, C4<0>, C4<0>, C4<0>;
v0000025430d162d0_0 .net *"_ivl_49", 16 0, L_0000025430d8def0;  1 drivers
v0000025430d16eb0_0 .net *"_ivl_5", 14 0, L_0000025430df15a0;  1 drivers
v0000025430d16410_0 .net *"_ivl_51", 14 0, L_0000025430df38a0;  1 drivers
v0000025430d17630_0 .net *"_ivl_52", 31 0, L_0000025430df2220;  1 drivers
L_0000025430d8df38 .functor BUFT 1, C4<00000000000000000>, C4<0>, C4<0>, C4<0>;
v0000025430d17090_0 .net *"_ivl_55", 16 0, L_0000025430d8df38;  1 drivers
v0000025430d16690_0 .net *"_ivl_6", 14 0, L_0000025430df0880;  1 drivers
L_0000025430d8df80 .functor BUFT 1, C4<111111111111111>, C4<0>, C4<0>, C4<0>;
v0000025430d16730_0 .net/2u *"_ivl_60", 14 0, L_0000025430d8df80;  1 drivers
v0000025430d174f0_0 .net *"_ivl_62", 14 0, L_0000025430df3e40;  1 drivers
L_0000025430d8dfc8 .functor BUFT 1, C4<000000000000001>, C4<0>, C4<0>, C4<0>;
v0000025430d46120_0 .net/2u *"_ivl_64", 14 0, L_0000025430d8dfc8;  1 drivers
L_0000025430d8e010 .functor BUFT 1, C4<0000000000000000>, C4<0>, C4<0>, C4<0>;
v0000025430d47020_0 .net/2u *"_ivl_71", 15 0, L_0000025430d8e010;  1 drivers
v0000025430d46c60_0 .net *"_ivl_73", 0 0, L_0000025430df4480;  1 drivers
L_0000025430d8e058 .functor BUFT 1, C4<0000000000000000>, C4<0>, C4<0>, C4<0>;
v0000025430d46940_0 .net/2u *"_ivl_75", 15 0, L_0000025430d8e058;  1 drivers
v0000025430d47700_0 .net *"_ivl_77", 0 0, L_0000025430df27c0;  1 drivers
v0000025430d468a0_0 .net *"_ivl_79", 0 0, L_0000025430d1ada0;  1 drivers
L_0000025430d8de18 .functor BUFT 1, C4<000000000000001>, C4<0>, C4<0>, C4<0>;
v0000025430d47840_0 .net/2u *"_ivl_8", 14 0, L_0000025430d8de18;  1 drivers
L_0000025430d8e0a0 .functor BUFT 1, C4<0000000000000000>, C4<0>, C4<0>, C4<0>;
v0000025430d470c0_0 .net/2u *"_ivl_81", 15 0, L_0000025430d8e0a0;  1 drivers
v0000025430d478e0_0 .net *"_ivl_84", 0 0, L_0000025430df4160;  1 drivers
v0000025430d47980_0 .net *"_ivl_85", 15 0, L_0000025430df3620;  1 drivers
L_0000025430d8e0e8 .functor BUFT 1, C4<0>, C4<0>, C4<0>, C4<0>;
v0000025430d46ee0_0 .net *"_ivl_88", 0 0, L_0000025430d8e0e8;  1 drivers
v0000025430d47a20_0 .net *"_ivl_89", 15 0, L_0000025430df3da0;  1 drivers
L_0000025430d8e130 .functor BUFT 1, C4<0>, C4<0>, C4<0>, C4<0>;
v0000025430d477a0_0 .net *"_ivl_92", 0 0, L_0000025430d8e130;  1 drivers
v0000025430d47ac0_0 .net *"_ivl_93", 15 0, L_0000025430df22c0;  1 drivers
v0000025430d46da0_0 .net *"_ivl_95", 15 0, L_0000025430df3080;  1 drivers
v0000025430d47f20_0 .net *"_ivl_98", 14 0, L_0000025430df2400;  1 drivers
v0000025430d47200_0 .net "a", 15 0, L_0000025430df4200;  alias, 1 drivers
v0000025430d46f80_0 .net "a_2cmp", 15 0, L_0000025430df0c40;  1 drivers
v0000025430d47160_0 .net "b", 15 0, v0000025430d88c90_0;  alias, 1 drivers
v0000025430d47340_0 .net "b_2cmp", 15 0, L_0000025430df1280;  1 drivers
v0000025430d469e0_0 .net "f_result", 31 0, L_0000025430df2c20;  1 drivers
v0000025430d46a80_0 .net "multiplicand", 15 0, L_0000025430df33a0;  1 drivers
v0000025430d461c0_0 .net "multiplier", 15 0, L_0000025430df2900;  1 drivers
v0000025430d472a0_0 .net "overflow", 0 0, L_0000025430df2360;  1 drivers
v0000025430d47b60_0 .net "q_result", 15 0, L_0000025430df3d00;  alias, 1 drivers
v0000025430d46b20_0 .net "quantized_result", 14 0, L_0000025430df29a0;  1 drivers
v0000025430d46e40_0 .net "quantized_result_2cmp", 14 0, L_0000025430df2ea0;  1 drivers
L_0000025430df0600 .part L_0000025430df4200, 15, 1;
L_0000025430df15a0 .part L_0000025430df4200, 0, 15;
L_0000025430df0880 .arith/sub 15, L_0000025430d8ddd0, L_0000025430df15a0;
L_0000025430df0a60 .arith/sum 15, L_0000025430df0880, L_0000025430d8de18;
L_0000025430df0c40 .concat [ 15 1 0 0], L_0000025430df0a60, L_0000025430df0600;
L_0000025430df0e20 .part v0000025430d88c90_0, 15, 1;
L_0000025430df0ec0 .part v0000025430d88c90_0, 0, 15;
L_0000025430df0f60 .arith/sub 15, L_0000025430d8de60, L_0000025430df0ec0;
L_0000025430df1000 .arith/sum 15, L_0000025430df0f60, L_0000025430d8dea8;
L_0000025430df1280 .concat [ 15 1 0 0], L_0000025430df1000, L_0000025430df0e20;
L_0000025430df2860 .part L_0000025430df4200, 15, 1;
L_0000025430df33a0 .functor MUXZ 16, L_0000025430df4200, L_0000025430df0c40, L_0000025430df2860, C4<>;
L_0000025430df40c0 .part v0000025430d88c90_0, 15, 1;
L_0000025430df2900 .functor MUXZ 16, v0000025430d88c90_0, L_0000025430df1280, L_0000025430df40c0, C4<>;
L_0000025430df4020 .part L_0000025430df4200, 15, 1;
L_0000025430df36c0 .part v0000025430d88c90_0, 15, 1;
L_0000025430df43e0 .part L_0000025430df33a0, 0, 15;
L_0000025430df3bc0 .concat [ 15 17 0 0], L_0000025430df43e0, L_0000025430d8def0;
L_0000025430df38a0 .part L_0000025430df2900, 0, 15;
L_0000025430df2220 .concat [ 15 17 0 0], L_0000025430df38a0, L_0000025430d8df38;
L_0000025430df2c20 .arith/mult 32, L_0000025430df3bc0, L_0000025430df2220;
L_0000025430df29a0 .part L_0000025430df2c20, 12, 15;
L_0000025430df3e40 .arith/sub 15, L_0000025430d8df80, L_0000025430df29a0;
L_0000025430df2ea0 .arith/sum 15, L_0000025430df3e40, L_0000025430d8dfc8;
L_0000025430df3d00 .concat8 [ 15 1 0 0], L_0000025430df2400, L_0000025430d1b6d0;
L_0000025430df4480 .cmp/eq 16, L_0000025430df4200, L_0000025430d8e010;
L_0000025430df27c0 .cmp/eq 16, v0000025430d88c90_0, L_0000025430d8e058;
L_0000025430df4160 .part L_0000025430df3d00, 15, 1;
L_0000025430df3620 .concat [ 15 1 0 0], L_0000025430df2ea0, L_0000025430d8e0e8;
L_0000025430df3da0 .concat [ 15 1 0 0], L_0000025430df29a0, L_0000025430d8e130;
L_0000025430df22c0 .functor MUXZ 16, L_0000025430df3da0, L_0000025430df3620, L_0000025430df4160, C4<>;
L_0000025430df3080 .functor MUXZ 16, L_0000025430df22c0, L_0000025430d8e0a0, L_0000025430d1ada0, C4<>;
L_0000025430df2400 .part L_0000025430df3080, 0, 15;
L_0000025430df2540 .part L_0000025430df2c20, 27, 4;
L_0000025430df3940 .concat [ 4 28 0 0], L_0000025430df2540, L_0000025430d8e178;
L_0000025430df2f40 .cmp/gt 32, L_0000025430df3940, L_0000025430d8e1c0;
L_0000025430df2360 .functor MUXZ 1, L_0000025430d8e250, L_0000025430d8e208, L_0000025430df2f40, C4<>;
S_0000025430c982a0 .scope module, "s1" "sig_comparator" 3 101, 5 6 0, S_0000025430caf630;
 .timescale -9 -12;
    .port_info 0 /INPUT 16 "a";
    .port_info 1 /INPUT 16 "b";
    .port_info 2 /OUTPUT 1 "y";
P_0000025430c85860 .param/l "N" 0 5 9, +C4<00000000000000000000000000010000>;
P_0000025430c85898 .param/l "Q" 0 5 8, +C4<00000000000000000000000000001100>;
L_0000025430d1b4a0 .functor XOR 1, L_0000025430df1fa0, L_0000025430def8e0, C4<0>, C4<0>;
v0000025430d47c00_0 .net *"_ivl_11", 0 0, L_0000025430deffc0;  1 drivers
v0000025430d473e0_0 .net *"_ivl_12", 0 0, L_0000025430df1aa0;  1 drivers
L_0000025430d8dbd8 .functor BUFT 1, C4<00>, C4<0>, C4<0>, C4<0>;
v0000025430d46080_0 .net/2s *"_ivl_14", 1 0, L_0000025430d8dbd8;  1 drivers
v0000025430d47ca0_0 .net *"_ivl_17", 0 0, L_0000025430df1fa0;  1 drivers
v0000025430d46440_0 .net *"_ivl_19", 0 0, L_0000025430def8e0;  1 drivers
v0000025430d47d40_0 .net *"_ivl_20", 0 0, L_0000025430d1b4a0;  1 drivers
L_0000025430d8dc20 .functor BUFT 1, C4<01>, C4<0>, C4<0>, C4<0>;
v0000025430d47480_0 .net/2s *"_ivl_22", 1 0, L_0000025430d8dc20;  1 drivers
v0000025430d47de0_0 .net *"_ivl_25", 2 0, L_0000025430defca0;  1 drivers
v0000025430d47520_0 .net *"_ivl_27", 2 0, L_0000025430df0ce0;  1 drivers
v0000025430d475c0_0 .net *"_ivl_28", 0 0, L_0000025430df0740;  1 drivers
L_0000025430d8dc68 .functor BUFT 1, C4<01>, C4<0>, C4<0>, C4<0>;
v0000025430d47660_0 .net/2s *"_ivl_30", 1 0, L_0000025430d8dc68;  1 drivers
v0000025430d47e80_0 .net *"_ivl_33", 2 0, L_0000025430defd40;  1 drivers
v0000025430d46260_0 .net *"_ivl_35", 2 0, L_0000025430df11e0;  1 drivers
v0000025430d466c0_0 .net *"_ivl_36", 0 0, L_0000025430defde0;  1 drivers
L_0000025430d8dcb0 .functor BUFT 1, C4<00>, C4<0>, C4<0>, C4<0>;
v0000025430d46760_0 .net/2s *"_ivl_38", 1 0, L_0000025430d8dcb0;  1 drivers
v0000025430d46300_0 .net *"_ivl_40", 0 0, L_0000025430df07e0;  1 drivers
L_0000025430d8dcf8 .functor BUFT 1, C4<01>, C4<0>, C4<0>, C4<0>;
v0000025430d463a0_0 .net/2s *"_ivl_42", 1 0, L_0000025430d8dcf8;  1 drivers
L_0000025430d8dd40 .functor BUFT 1, C4<00>, C4<0>, C4<0>, C4<0>;
v0000025430d46d00_0 .net/2s *"_ivl_44", 1 0, L_0000025430d8dd40;  1 drivers
v0000025430d464e0_0 .net *"_ivl_46", 1 0, L_0000025430defe80;  1 drivers
v0000025430d46580_0 .net *"_ivl_48", 1 0, L_0000025430deff20;  1 drivers
v0000025430d46620_0 .net *"_ivl_50", 1 0, L_0000025430df0100;  1 drivers
v0000025430d46800_0 .net *"_ivl_52", 1 0, L_0000025430df01a0;  1 drivers
v0000025430d46bc0_0 .net *"_ivl_54", 1 0, L_0000025430df0240;  1 drivers
v0000025430d486d0_0 .net *"_ivl_9", 0 0, L_0000025430df1e60;  1 drivers
v0000025430d49ad0_0 .net "a", 15 0, v0000025430d88c90_0;  alias, 1 drivers
L_0000025430d8dd88 .functor BUFT 1, C4<1010000000000000>, C4<0>, C4<0>, C4<0>;
v0000025430d48bd0_0 .net "b", 15 0, L_0000025430d8dd88;  1 drivers
v0000025430d492b0_0 .net "frac_a", 11 0, L_0000025430df1dc0;  1 drivers
v0000025430d49350_0 .net "frac_b", 11 0, L_0000025430df0380;  1 drivers
v0000025430d49a30_0 .net "int_a", 15 12, L_0000025430df0420;  1 drivers
v0000025430d49990_0 .net "int_b", 15 12, L_0000025430df06a0;  1 drivers
v0000025430d490d0_0 .net "y", 0 0, L_0000025430df04c0;  alias, 1 drivers
L_0000025430df0420 .part v0000025430d88c90_0, 12, 4;
L_0000025430df06a0 .part L_0000025430d8dd88, 12, 4;
L_0000025430df1dc0 .part v0000025430d88c90_0, 0, 12;
L_0000025430df0380 .part L_0000025430d8dd88, 0, 12;
L_0000025430df1e60 .part L_0000025430df0420, 3, 1;
L_0000025430deffc0 .part L_0000025430df06a0, 3, 1;
L_0000025430df1aa0 .cmp/gt 1, L_0000025430df1e60, L_0000025430deffc0;
L_0000025430df1fa0 .part L_0000025430df0420, 3, 1;
L_0000025430def8e0 .part L_0000025430df06a0, 3, 1;
L_0000025430defca0 .part L_0000025430df0420, 0, 3;
L_0000025430df0ce0 .part L_0000025430df06a0, 0, 3;
L_0000025430df0740 .cmp/gt 3, L_0000025430defca0, L_0000025430df0ce0;
L_0000025430defd40 .part L_0000025430df0420, 0, 3;
L_0000025430df11e0 .part L_0000025430df06a0, 0, 3;
L_0000025430defde0 .cmp/ne 3, L_0000025430defd40, L_0000025430df11e0;
L_0000025430df07e0 .cmp/gt 12, L_0000025430df1dc0, L_0000025430df0380;
L_0000025430defe80 .functor MUXZ 2, L_0000025430d8dd40, L_0000025430d8dcf8, L_0000025430df07e0, C4<>;
L_0000025430deff20 .functor MUXZ 2, L_0000025430defe80, L_0000025430d8dcb0, L_0000025430defde0, C4<>;
L_0000025430df0100 .functor MUXZ 2, L_0000025430deff20, L_0000025430d8dc68, L_0000025430df0740, C4<>;
L_0000025430df01a0 .functor MUXZ 2, L_0000025430df0100, L_0000025430d8dc20, L_0000025430d1b4a0, C4<>;
L_0000025430df0240 .functor MUXZ 2, L_0000025430df01a0, L_0000025430d8dbd8, L_0000025430df1aa0, C4<>;
L_0000025430df04c0 .part L_0000025430df0240, 0, 1;
S_0000025430c62870 .scope module, "s2" "sig_comparator" 3 94, 5 6 0, S_0000025430caf630;
 .timescale -9 -12;
    .port_info 0 /INPUT 16 "a";
    .port_info 1 /INPUT 16 "b";
    .port_info 2 /OUTPUT 1 "y";
P_0000025430c86360 .param/l "N" 0 5 9, +C4<00000000000000000000000000010000>;
P_0000025430c86398 .param/l "Q" 0 5 8, +C4<00000000000000000000000000001100>;
L_0000025430d1b0b0 .functor XOR 1, L_0000025430df1820, L_0000025430df1be0, C4<0>, C4<0>;
v0000025430d49710_0 .net *"_ivl_11", 0 0, L_0000025430df1320;  1 drivers
v0000025430d48db0_0 .net *"_ivl_12", 0 0, L_0000025430df1140;  1 drivers
L_0000025430d8d9e0 .functor BUFT 1, C4<00>, C4<0>, C4<0>, C4<0>;
v0000025430d48c70_0 .net/2s *"_ivl_14", 1 0, L_0000025430d8d9e0;  1 drivers
v0000025430d489f0_0 .net *"_ivl_17", 0 0, L_0000025430df1820;  1 drivers
v0000025430d49d50_0 .net *"_ivl_19", 0 0, L_0000025430df1be0;  1 drivers
v0000025430d48450_0 .net *"_ivl_20", 0 0, L_0000025430d1b0b0;  1 drivers
L_0000025430d8da28 .functor BUFT 1, C4<01>, C4<0>, C4<0>, C4<0>;
v0000025430d49030_0 .net/2s *"_ivl_22", 1 0, L_0000025430d8da28;  1 drivers
v0000025430d48b30_0 .net *"_ivl_25", 2 0, L_0000025430df1500;  1 drivers
v0000025430d48a90_0 .net *"_ivl_27", 2 0, L_0000025430defa20;  1 drivers
v0000025430d48d10_0 .net *"_ivl_28", 0 0, L_0000025430df0d80;  1 drivers
L_0000025430d8da70 .functor BUFT 1, C4<01>, C4<0>, C4<0>, C4<0>;
v0000025430d493f0_0 .net/2s *"_ivl_30", 1 0, L_0000025430d8da70;  1 drivers
v0000025430d48270_0 .net *"_ivl_33", 2 0, L_0000025430df1780;  1 drivers
v0000025430d48e50_0 .net *"_ivl_35", 2 0, L_0000025430df0b00;  1 drivers
v0000025430d481d0_0 .net *"_ivl_36", 0 0, L_0000025430df1960;  1 drivers
L_0000025430d8dab8 .functor BUFT 1, C4<00>, C4<0>, C4<0>, C4<0>;
v0000025430d49850_0 .net/2s *"_ivl_38", 1 0, L_0000025430d8dab8;  1 drivers
v0000025430d498f0_0 .net *"_ivl_40", 0 0, L_0000025430df18c0;  1 drivers
L_0000025430d8db00 .functor BUFT 1, C4<01>, C4<0>, C4<0>, C4<0>;
v0000025430d48950_0 .net/2s *"_ivl_42", 1 0, L_0000025430d8db00;  1 drivers
L_0000025430d8db48 .functor BUFT 1, C4<00>, C4<0>, C4<0>, C4<0>;
v0000025430d49b70_0 .net/2s *"_ivl_44", 1 0, L_0000025430d8db48;  1 drivers
v0000025430d48ef0_0 .net *"_ivl_46", 1 0, L_0000025430defac0;  1 drivers
v0000025430d49c10_0 .net *"_ivl_48", 1 0, L_0000025430defb60;  1 drivers
v0000025430d48770_0 .net *"_ivl_50", 1 0, L_0000025430df1a00;  1 drivers
v0000025430d48090_0 .net *"_ivl_52", 1 0, L_0000025430def980;  1 drivers
v0000025430d497b0_0 .net *"_ivl_54", 1 0, L_0000025430df1640;  1 drivers
v0000025430d49cb0_0 .net *"_ivl_9", 0 0, L_0000025430df1460;  1 drivers
v0000025430d48f90_0 .net "a", 15 0, v0000025430d88c90_0;  alias, 1 drivers
L_0000025430d8db90 .functor BUFT 1, C4<1011100000000000>, C4<0>, C4<0>, C4<0>;
v0000025430d49df0_0 .net "b", 15 0, L_0000025430d8db90;  1 drivers
v0000025430d48310_0 .net "frac_a", 11 0, L_0000025430df0560;  1 drivers
v0000025430d483b0_0 .net "frac_b", 11 0, L_0000025430df10a0;  1 drivers
v0000025430d49e90_0 .net "int_a", 15 12, L_0000025430df1f00;  1 drivers
v0000025430d49f30_0 .net "int_b", 15 12, L_0000025430df0920;  1 drivers
v0000025430d48130_0 .net "y", 0 0, L_0000025430defc00;  alias, 1 drivers
L_0000025430df1f00 .part v0000025430d88c90_0, 12, 4;
L_0000025430df0920 .part L_0000025430d8db90, 12, 4;
L_0000025430df0560 .part v0000025430d88c90_0, 0, 12;
L_0000025430df10a0 .part L_0000025430d8db90, 0, 12;
L_0000025430df1460 .part L_0000025430df1f00, 3, 1;
L_0000025430df1320 .part L_0000025430df0920, 3, 1;
L_0000025430df1140 .cmp/gt 1, L_0000025430df1460, L_0000025430df1320;
L_0000025430df1820 .part L_0000025430df1f00, 3, 1;
L_0000025430df1be0 .part L_0000025430df0920, 3, 1;
L_0000025430df1500 .part L_0000025430df1f00, 0, 3;
L_0000025430defa20 .part L_0000025430df0920, 0, 3;
L_0000025430df0d80 .cmp/gt 3, L_0000025430df1500, L_0000025430defa20;
L_0000025430df1780 .part L_0000025430df1f00, 0, 3;
L_0000025430df0b00 .part L_0000025430df0920, 0, 3;
L_0000025430df1960 .cmp/ne 3, L_0000025430df1780, L_0000025430df0b00;
L_0000025430df18c0 .cmp/gt 12, L_0000025430df0560, L_0000025430df10a0;
L_0000025430defac0 .functor MUXZ 2, L_0000025430d8db48, L_0000025430d8db00, L_0000025430df18c0, C4<>;
L_0000025430defb60 .functor MUXZ 2, L_0000025430defac0, L_0000025430d8dab8, L_0000025430df1960, C4<>;
L_0000025430df1a00 .functor MUXZ 2, L_0000025430defb60, L_0000025430d8da70, L_0000025430df0d80, C4<>;
L_0000025430def980 .functor MUXZ 2, L_0000025430df1a00, L_0000025430d8da28, L_0000025430d1b0b0, C4<>;
L_0000025430df1640 .functor MUXZ 2, L_0000025430def980, L_0000025430d8d9e0, L_0000025430df1140, C4<>;
L_0000025430defc00 .part L_0000025430df1640, 0, 1;
S_0000025430c62a00 .scope module, "s3" "sig_comparator" 3 87, 5 6 0, S_0000025430caf630;
 .timescale -9 -12;
    .port_info 0 /INPUT 16 "a";
    .port_info 1 /INPUT 16 "b";
    .port_info 2 /OUTPUT 1 "y";
P_0000025430c84860 .param/l "N" 0 5 9, +C4<00000000000000000000000000010000>;
P_0000025430c84898 .param/l "Q" 0 5 8, +C4<00000000000000000000000000001100>;
L_0000025430d1ad30 .functor XOR 1, L_0000025430de8070, L_0000025430de84d0, C4<0>, C4<0>;
v0000025430d484f0_0 .net *"_ivl_11", 0 0, L_0000025430de7fd0;  1 drivers
v0000025430d48590_0 .net *"_ivl_12", 0 0, L_0000025430de78f0;  1 drivers
L_0000025430d8d7e8 .functor BUFT 1, C4<00>, C4<0>, C4<0>, C4<0>;
v0000025430d49170_0 .net/2s *"_ivl_14", 1 0, L_0000025430d8d7e8;  1 drivers
v0000025430d49210_0 .net *"_ivl_17", 0 0, L_0000025430de8070;  1 drivers
v0000025430d48810_0 .net *"_ivl_19", 0 0, L_0000025430de84d0;  1 drivers
v0000025430d49490_0 .net *"_ivl_20", 0 0, L_0000025430d1ad30;  1 drivers
L_0000025430d8d830 .functor BUFT 1, C4<01>, C4<0>, C4<0>, C4<0>;
v0000025430d48630_0 .net/2s *"_ivl_22", 1 0, L_0000025430d8d830;  1 drivers
v0000025430d488b0_0 .net *"_ivl_25", 2 0, L_0000025430de81b0;  1 drivers
v0000025430d49530_0 .net *"_ivl_27", 2 0, L_0000025430de8250;  1 drivers
v0000025430d495d0_0 .net *"_ivl_28", 0 0, L_0000025430de8570;  1 drivers
L_0000025430d8d878 .functor BUFT 1, C4<01>, C4<0>, C4<0>, C4<0>;
v0000025430d49670_0 .net/2s *"_ivl_30", 1 0, L_0000025430d8d878;  1 drivers
v0000025430d4a6f0_0 .net *"_ivl_33", 2 0, L_0000025430df02e0;  1 drivers
v0000025430d4bc30_0 .net *"_ivl_35", 2 0, L_0000025430df0ba0;  1 drivers
v0000025430d4a5b0_0 .net *"_ivl_36", 0 0, L_0000025430df13c0;  1 drivers
L_0000025430d8d8c0 .functor BUFT 1, C4<00>, C4<0>, C4<0>, C4<0>;
v0000025430d4b690_0 .net/2s *"_ivl_38", 1 0, L_0000025430d8d8c0;  1 drivers
v0000025430d4b910_0 .net *"_ivl_40", 0 0, L_0000025430df0060;  1 drivers
L_0000025430d8d908 .functor BUFT 1, C4<01>, C4<0>, C4<0>, C4<0>;
v0000025430d4af10_0 .net/2s *"_ivl_42", 1 0, L_0000025430d8d908;  1 drivers
L_0000025430d8d950 .functor BUFT 1, C4<00>, C4<0>, C4<0>, C4<0>;
v0000025430d4c090_0 .net/2s *"_ivl_44", 1 0, L_0000025430d8d950;  1 drivers
v0000025430d4c450_0 .net *"_ivl_46", 1 0, L_0000025430df1d20;  1 drivers
v0000025430d4a470_0 .net *"_ivl_48", 1 0, L_0000025430df09c0;  1 drivers
v0000025430d4b550_0 .net *"_ivl_50", 1 0, L_0000025430df16e0;  1 drivers
v0000025430d4c3b0_0 .net *"_ivl_52", 1 0, L_0000025430df1b40;  1 drivers
v0000025430d4ab50_0 .net *"_ivl_54", 1 0, L_0000025430df1c80;  1 drivers
v0000025430d4bf50_0 .net *"_ivl_9", 0 0, L_0000025430de7f30;  1 drivers
v0000025430d4b5f0_0 .net "a", 15 0, v0000025430d88c90_0;  alias, 1 drivers
L_0000025430d8d998 .functor BUFT 1, C4<1101000000000000>, C4<0>, C4<0>, C4<0>;
v0000025430d4a830_0 .net "b", 15 0, L_0000025430d8d998;  1 drivers
v0000025430d4b050_0 .net "frac_a", 11 0, L_0000025430de7850;  1 drivers
v0000025430d4bcd0_0 .net "frac_b", 11 0, L_0000025430de7d50;  1 drivers
v0000025430d4a330_0 .net "int_a", 15 12, L_0000025430de7670;  1 drivers
v0000025430d4b730_0 .net "int_b", 15 12, L_0000025430de7710;  1 drivers
v0000025430d4b230_0 .net "y", 0 0, L_0000025430def840;  alias, 1 drivers
L_0000025430de7670 .part v0000025430d88c90_0, 12, 4;
L_0000025430de7710 .part L_0000025430d8d998, 12, 4;
L_0000025430de7850 .part v0000025430d88c90_0, 0, 12;
L_0000025430de7d50 .part L_0000025430d8d998, 0, 12;
L_0000025430de7f30 .part L_0000025430de7670, 3, 1;
L_0000025430de7fd0 .part L_0000025430de7710, 3, 1;
L_0000025430de78f0 .cmp/gt 1, L_0000025430de7f30, L_0000025430de7fd0;
L_0000025430de8070 .part L_0000025430de7670, 3, 1;
L_0000025430de84d0 .part L_0000025430de7710, 3, 1;
L_0000025430de81b0 .part L_0000025430de7670, 0, 3;
L_0000025430de8250 .part L_0000025430de7710, 0, 3;
L_0000025430de8570 .cmp/gt 3, L_0000025430de81b0, L_0000025430de8250;
L_0000025430df02e0 .part L_0000025430de7670, 0, 3;
L_0000025430df0ba0 .part L_0000025430de7710, 0, 3;
L_0000025430df13c0 .cmp/ne 3, L_0000025430df02e0, L_0000025430df0ba0;
L_0000025430df0060 .cmp/gt 12, L_0000025430de7850, L_0000025430de7d50;
L_0000025430df1d20 .functor MUXZ 2, L_0000025430d8d950, L_0000025430d8d908, L_0000025430df0060, C4<>;
L_0000025430df09c0 .functor MUXZ 2, L_0000025430df1d20, L_0000025430d8d8c0, L_0000025430df13c0, C4<>;
L_0000025430df16e0 .functor MUXZ 2, L_0000025430df09c0, L_0000025430d8d878, L_0000025430de8570, C4<>;
L_0000025430df1b40 .functor MUXZ 2, L_0000025430df16e0, L_0000025430d8d830, L_0000025430d1ad30, C4<>;
L_0000025430df1c80 .functor MUXZ 2, L_0000025430df1b40, L_0000025430d8d7e8, L_0000025430de78f0, C4<>;
L_0000025430def840 .part L_0000025430df1c80, 0, 1;
S_0000025430c62b90 .scope module, "s4" "sig_comparator" 3 80, 5 6 0, S_0000025430caf630;
 .timescale -9 -12;
    .port_info 0 /INPUT 16 "a";
    .port_info 1 /INPUT 16 "b";
    .port_info 2 /OUTPUT 1 "y";
P_0000025430c849e0 .param/l "N" 0 5 9, +C4<00000000000000000000000000010000>;
P_0000025430c84a18 .param/l "Q" 0 5 8, +C4<00000000000000000000000000001100>;
L_0000025430d1b040 .functor XOR 1, L_0000025430de7ad0, L_0000025430de7b70, C4<0>, C4<0>;
v0000025430d4b7d0_0 .net *"_ivl_11", 0 0, L_0000025430de86b0;  1 drivers
v0000025430d4a650_0 .net *"_ivl_12", 0 0, L_0000025430de87f0;  1 drivers
L_0000025430d8d5f0 .functor BUFT 1, C4<00>, C4<0>, C4<0>, C4<0>;
v0000025430d4bd70_0 .net/2s *"_ivl_14", 1 0, L_0000025430d8d5f0;  1 drivers
v0000025430d4c4f0_0 .net *"_ivl_17", 0 0, L_0000025430de7ad0;  1 drivers
v0000025430d4bff0_0 .net *"_ivl_19", 0 0, L_0000025430de7b70;  1 drivers
v0000025430d4abf0_0 .net *"_ivl_20", 0 0, L_0000025430d1b040;  1 drivers
L_0000025430d8d638 .functor BUFT 1, C4<01>, C4<0>, C4<0>, C4<0>;
v0000025430d4ad30_0 .net/2s *"_ivl_22", 1 0, L_0000025430d8d638;  1 drivers
v0000025430d4a3d0_0 .net *"_ivl_25", 2 0, L_0000025430de7990;  1 drivers
v0000025430d4aab0_0 .net *"_ivl_27", 2 0, L_0000025430de82f0;  1 drivers
v0000025430d4ac90_0 .net *"_ivl_28", 0 0, L_0000025430de8930;  1 drivers
L_0000025430d8d680 .functor BUFT 1, C4<01>, C4<0>, C4<0>, C4<0>;
v0000025430d4b9b0_0 .net/2s *"_ivl_30", 1 0, L_0000025430d8d680;  1 drivers
v0000025430d4c590_0 .net *"_ivl_33", 2 0, L_0000025430de8430;  1 drivers
v0000025430d4c770_0 .net *"_ivl_35", 2 0, L_0000025430de8890;  1 drivers
v0000025430d4a790_0 .net *"_ivl_36", 0 0, L_0000025430de8390;  1 drivers
L_0000025430d8d6c8 .functor BUFT 1, C4<00>, C4<0>, C4<0>, C4<0>;
v0000025430d4b870_0 .net/2s *"_ivl_38", 1 0, L_0000025430d8d6c8;  1 drivers
v0000025430d4ba50_0 .net *"_ivl_40", 0 0, L_0000025430de89d0;  1 drivers
L_0000025430d8d710 .functor BUFT 1, C4<01>, C4<0>, C4<0>, C4<0>;
v0000025430d4baf0_0 .net/2s *"_ivl_42", 1 0, L_0000025430d8d710;  1 drivers
L_0000025430d8d758 .functor BUFT 1, C4<00>, C4<0>, C4<0>, C4<0>;
v0000025430d4c130_0 .net/2s *"_ivl_44", 1 0, L_0000025430d8d758;  1 drivers
v0000025430d4bb90_0 .net *"_ivl_46", 1 0, L_0000025430de8110;  1 drivers
v0000025430d4be10_0 .net *"_ivl_48", 1 0, L_0000025430de7cb0;  1 drivers
v0000025430d4c630_0 .net *"_ivl_50", 1 0, L_0000025430de7490;  1 drivers
v0000025430d4c810_0 .net *"_ivl_52", 1 0, L_0000025430de8a70;  1 drivers
v0000025430d4beb0_0 .net *"_ivl_54", 1 0, L_0000025430de7530;  1 drivers
v0000025430d4c1d0_0 .net *"_ivl_9", 0 0, L_0000025430de7c10;  1 drivers
v0000025430d4a1f0_0 .net "a", 15 0, v0000025430d88c90_0;  alias, 1 drivers
L_0000025430d8d7a0 .functor BUFT 1, C4<1110100000000000>, C4<0>, C4<0>, C4<0>;
v0000025430d4b190_0 .net "b", 15 0, L_0000025430d8d7a0;  1 drivers
v0000025430d4afb0_0 .net "frac_a", 11 0, L_0000025430de7a30;  1 drivers
v0000025430d4c6d0_0 .net "frac_b", 11 0, L_0000025430de7df0;  1 drivers
v0000025430d4a0b0_0 .net "int_a", 15 12, L_0000025430de7e90;  1 drivers
v0000025430d4c270_0 .net "int_b", 15 12, L_0000025430de8b10;  1 drivers
v0000025430d4a510_0 .net "y", 0 0, L_0000025430de77b0;  alias, 1 drivers
L_0000025430de7e90 .part v0000025430d88c90_0, 12, 4;
L_0000025430de8b10 .part L_0000025430d8d7a0, 12, 4;
L_0000025430de7a30 .part v0000025430d88c90_0, 0, 12;
L_0000025430de7df0 .part L_0000025430d8d7a0, 0, 12;
L_0000025430de7c10 .part L_0000025430de7e90, 3, 1;
L_0000025430de86b0 .part L_0000025430de8b10, 3, 1;
L_0000025430de87f0 .cmp/gt 1, L_0000025430de7c10, L_0000025430de86b0;
L_0000025430de7ad0 .part L_0000025430de7e90, 3, 1;
L_0000025430de7b70 .part L_0000025430de8b10, 3, 1;
L_0000025430de7990 .part L_0000025430de7e90, 0, 3;
L_0000025430de82f0 .part L_0000025430de8b10, 0, 3;
L_0000025430de8930 .cmp/gt 3, L_0000025430de7990, L_0000025430de82f0;
L_0000025430de8430 .part L_0000025430de7e90, 0, 3;
L_0000025430de8890 .part L_0000025430de8b10, 0, 3;
L_0000025430de8390 .cmp/ne 3, L_0000025430de8430, L_0000025430de8890;
L_0000025430de89d0 .cmp/gt 12, L_0000025430de7a30, L_0000025430de7df0;
L_0000025430de8110 .functor MUXZ 2, L_0000025430d8d758, L_0000025430d8d710, L_0000025430de89d0, C4<>;
L_0000025430de7cb0 .functor MUXZ 2, L_0000025430de8110, L_0000025430d8d6c8, L_0000025430de8390, C4<>;
L_0000025430de7490 .functor MUXZ 2, L_0000025430de7cb0, L_0000025430d8d680, L_0000025430de8930, C4<>;
L_0000025430de8a70 .functor MUXZ 2, L_0000025430de7490, L_0000025430d8d638, L_0000025430d1b040, C4<>;
L_0000025430de7530 .functor MUXZ 2, L_0000025430de8a70, L_0000025430d8d5f0, L_0000025430de87f0, C4<>;
L_0000025430de77b0 .part L_0000025430de7530, 0, 1;
S_0000025430d818b0 .scope module, "s5" "sig_comparator" 3 73, 5 6 0, S_0000025430caf630;
 .timescale -9 -12;
    .port_info 0 /INPUT 16 "a";
    .port_info 1 /INPUT 16 "b";
    .port_info 2 /OUTPUT 1 "y";
P_0000025430c852e0 .param/l "N" 0 5 9, +C4<00000000000000000000000000010000>;
P_0000025430c85318 .param/l "Q" 0 5 8, +C4<00000000000000000000000000001100>;
L_0000025430d1b660 .functor XOR 1, L_0000025430de5cd0, L_0000025430de57d0, C4<0>, C4<0>;
v0000025430d4a8d0_0 .net *"_ivl_11", 0 0, L_0000025430de5550;  1 drivers
v0000025430d4c310_0 .net *"_ivl_12", 0 0, L_0000025430de55f0;  1 drivers
L_0000025430d8d3f8 .functor BUFT 1, C4<00>, C4<0>, C4<0>, C4<0>;
v0000025430d4a150_0 .net/2s *"_ivl_14", 1 0, L_0000025430d8d3f8;  1 drivers
v0000025430d4a290_0 .net *"_ivl_17", 0 0, L_0000025430de5cd0;  1 drivers
v0000025430d4add0_0 .net *"_ivl_19", 0 0, L_0000025430de57d0;  1 drivers
v0000025430d4a970_0 .net *"_ivl_20", 0 0, L_0000025430d1b660;  1 drivers
L_0000025430d8d440 .functor BUFT 1, C4<01>, C4<0>, C4<0>, C4<0>;
v0000025430d4ae70_0 .net/2s *"_ivl_22", 1 0, L_0000025430d8d440;  1 drivers
v0000025430d4aa10_0 .net *"_ivl_25", 2 0, L_0000025430de69f0;  1 drivers
v0000025430d4b0f0_0 .net *"_ivl_27", 2 0, L_0000025430de5d70;  1 drivers
v0000025430d4b2d0_0 .net *"_ivl_28", 0 0, L_0000025430de5e10;  1 drivers
L_0000025430d8d488 .functor BUFT 1, C4<01>, C4<0>, C4<0>, C4<0>;
v0000025430d4b370_0 .net/2s *"_ivl_30", 1 0, L_0000025430d8d488;  1 drivers
v0000025430d4b410_0 .net *"_ivl_33", 2 0, L_0000025430de5870;  1 drivers
v0000025430d4b4b0_0 .net *"_ivl_35", 2 0, L_0000025430de5eb0;  1 drivers
v0000025430d4cd10_0 .net *"_ivl_36", 0 0, L_0000025430de6310;  1 drivers
L_0000025430d8d4d0 .functor BUFT 1, C4<00>, C4<0>, C4<0>, C4<0>;
v0000025430d4ddf0_0 .net/2s *"_ivl_38", 1 0, L_0000025430d8d4d0;  1 drivers
v0000025430d4db70_0 .net *"_ivl_40", 0 0, L_0000025430de63b0;  1 drivers
L_0000025430d8d518 .functor BUFT 1, C4<01>, C4<0>, C4<0>, C4<0>;
v0000025430d4de90_0 .net/2s *"_ivl_42", 1 0, L_0000025430d8d518;  1 drivers
L_0000025430d8d560 .functor BUFT 1, C4<00>, C4<0>, C4<0>, C4<0>;
v0000025430d4dad0_0 .net/2s *"_ivl_44", 1 0, L_0000025430d8d560;  1 drivers
v0000025430d4d210_0 .net *"_ivl_46", 1 0, L_0000025430de6450;  1 drivers
v0000025430d4d850_0 .net *"_ivl_48", 1 0, L_0000025430de6770;  1 drivers
v0000025430d4dc10_0 .net *"_ivl_50", 1 0, L_0000025430de8610;  1 drivers
v0000025430d4dcb0_0 .net *"_ivl_52", 1 0, L_0000025430de68b0;  1 drivers
v0000025430d4d0d0_0 .net *"_ivl_54", 1 0, L_0000025430de75d0;  1 drivers
v0000025430d4c9f0_0 .net *"_ivl_9", 0 0, L_0000025430de5410;  1 drivers
v0000025430d4df30_0 .net "a", 15 0, v0000025430d88c90_0;  alias, 1 drivers
L_0000025430d8d5a8 .functor BUFT 1, C4<0000000000000000>, C4<0>, C4<0>, C4<0>;
v0000025430d4d5d0_0 .net "b", 15 0, L_0000025430d8d5a8;  1 drivers
v0000025430d4c8b0_0 .net "frac_a", 11 0, L_0000025430de50f0;  1 drivers
v0000025430d4d8f0_0 .net "frac_b", 11 0, L_0000025430de6810;  1 drivers
v0000025430d4d7b0_0 .net "int_a", 15 12, L_0000025430de66d0;  1 drivers
v0000025430d4d490_0 .net "int_b", 15 12, L_0000025430de4d30;  1 drivers
v0000025430d4dd50_0 .net "y", 0 0, L_0000025430de8750;  alias, 1 drivers
L_0000025430de66d0 .part v0000025430d88c90_0, 12, 4;
L_0000025430de4d30 .part L_0000025430d8d5a8, 12, 4;
L_0000025430de50f0 .part v0000025430d88c90_0, 0, 12;
L_0000025430de6810 .part L_0000025430d8d5a8, 0, 12;
L_0000025430de5410 .part L_0000025430de66d0, 3, 1;
L_0000025430de5550 .part L_0000025430de4d30, 3, 1;
L_0000025430de55f0 .cmp/gt 1, L_0000025430de5410, L_0000025430de5550;
L_0000025430de5cd0 .part L_0000025430de66d0, 3, 1;
L_0000025430de57d0 .part L_0000025430de4d30, 3, 1;
L_0000025430de69f0 .part L_0000025430de66d0, 0, 3;
L_0000025430de5d70 .part L_0000025430de4d30, 0, 3;
L_0000025430de5e10 .cmp/gt 3, L_0000025430de69f0, L_0000025430de5d70;
L_0000025430de5870 .part L_0000025430de66d0, 0, 3;
L_0000025430de5eb0 .part L_0000025430de4d30, 0, 3;
L_0000025430de6310 .cmp/ne 3, L_0000025430de5870, L_0000025430de5eb0;
L_0000025430de63b0 .cmp/gt 12, L_0000025430de50f0, L_0000025430de6810;
L_0000025430de6450 .functor MUXZ 2, L_0000025430d8d560, L_0000025430d8d518, L_0000025430de63b0, C4<>;
L_0000025430de6770 .functor MUXZ 2, L_0000025430de6450, L_0000025430d8d4d0, L_0000025430de6310, C4<>;
L_0000025430de8610 .functor MUXZ 2, L_0000025430de6770, L_0000025430d8d488, L_0000025430de5e10, C4<>;
L_0000025430de68b0 .functor MUXZ 2, L_0000025430de8610, L_0000025430d8d440, L_0000025430d1b660, C4<>;
L_0000025430de75d0 .functor MUXZ 2, L_0000025430de68b0, L_0000025430d8d3f8, L_0000025430de55f0, C4<>;
L_0000025430de8750 .part L_0000025430de75d0, 0, 1;
S_0000025430d81a40 .scope module, "s6" "sig_comparator" 3 66, 5 6 0, S_0000025430caf630;
 .timescale -9 -12;
    .port_info 0 /INPUT 16 "a";
    .port_info 1 /INPUT 16 "b";
    .port_info 2 /OUTPUT 1 "y";
P_0000025430c84a60 .param/l "N" 0 5 9, +C4<00000000000000000000000000010000>;
P_0000025430c84a98 .param/l "Q" 0 5 8, +C4<00000000000000000000000000001100>;
L_0000025430d1b3c0 .functor XOR 1, L_0000025430de6270, L_0000025430de7030, C4<0>, C4<0>;
v0000025430d4cef0_0 .net *"_ivl_11", 0 0, L_0000025430de6d10;  1 drivers
v0000025430d4d990_0 .net *"_ivl_12", 0 0, L_0000025430de6090;  1 drivers
L_0000025430d8d200 .functor BUFT 1, C4<00>, C4<0>, C4<0>, C4<0>;
v0000025430d4ca90_0 .net/2s *"_ivl_14", 1 0, L_0000025430d8d200;  1 drivers
v0000025430d4d2b0_0 .net *"_ivl_17", 0 0, L_0000025430de6270;  1 drivers
v0000025430d4c950_0 .net *"_ivl_19", 0 0, L_0000025430de7030;  1 drivers
v0000025430d4d170_0 .net *"_ivl_20", 0 0, L_0000025430d1b3c0;  1 drivers
L_0000025430d8d248 .functor BUFT 1, C4<01>, C4<0>, C4<0>, C4<0>;
v0000025430d4cbd0_0 .net/2s *"_ivl_22", 1 0, L_0000025430d8d248;  1 drivers
v0000025430d4d670_0 .net *"_ivl_25", 2 0, L_0000025430de5b90;  1 drivers
v0000025430d4cf90_0 .net *"_ivl_27", 2 0, L_0000025430de73f0;  1 drivers
v0000025430d4cb30_0 .net *"_ivl_28", 0 0, L_0000025430de52d0;  1 drivers
L_0000025430d8d290 .functor BUFT 1, C4<01>, C4<0>, C4<0>, C4<0>;
v0000025430d4cc70_0 .net/2s *"_ivl_30", 1 0, L_0000025430d8d290;  1 drivers
v0000025430d4d030_0 .net *"_ivl_33", 2 0, L_0000025430de5050;  1 drivers
v0000025430d4da30_0 .net *"_ivl_35", 2 0, L_0000025430de7170;  1 drivers
v0000025430d4cdb0_0 .net *"_ivl_36", 0 0, L_0000025430de7210;  1 drivers
L_0000025430d8d2d8 .functor BUFT 1, C4<00>, C4<0>, C4<0>, C4<0>;
v0000025430d4ce50_0 .net/2s *"_ivl_38", 1 0, L_0000025430d8d2d8;  1 drivers
v0000025430d4d710_0 .net *"_ivl_40", 0 0, L_0000025430de72b0;  1 drivers
L_0000025430d8d320 .functor BUFT 1, C4<01>, C4<0>, C4<0>, C4<0>;
v0000025430d4d350_0 .net/2s *"_ivl_42", 1 0, L_0000025430d8d320;  1 drivers
L_0000025430d8d368 .functor BUFT 1, C4<00>, C4<0>, C4<0>, C4<0>;
v0000025430d4d3f0_0 .net/2s *"_ivl_44", 1 0, L_0000025430d8d368;  1 drivers
v0000025430d4d530_0 .net *"_ivl_46", 1 0, L_0000025430de4c90;  1 drivers
v0000025430d84bb0_0 .net *"_ivl_48", 1 0, L_0000025430de5370;  1 drivers
v0000025430d84ed0_0 .net *"_ivl_50", 1 0, L_0000025430de4f10;  1 drivers
v0000025430d85470_0 .net *"_ivl_52", 1 0, L_0000025430de6b30;  1 drivers
v0000025430d85650_0 .net *"_ivl_54", 1 0, L_0000025430de5690;  1 drivers
v0000025430d84c50_0 .net *"_ivl_9", 0 0, L_0000025430de7350;  1 drivers
v0000025430d844d0_0 .net "a", 15 0, v0000025430d88c90_0;  alias, 1 drivers
L_0000025430d8d3b0 .functor BUFT 1, C4<0001100000000000>, C4<0>, C4<0>, C4<0>;
v0000025430d84a70_0 .net "b", 15 0, L_0000025430d8d3b0;  1 drivers
v0000025430d850b0_0 .net "frac_a", 11 0, L_0000025430de6bd0;  1 drivers
v0000025430d85830_0 .net "frac_b", 11 0, L_0000025430de6ef0;  1 drivers
v0000025430d853d0_0 .net "int_a", 15 12, L_0000025430de61d0;  1 drivers
v0000025430d849d0_0 .net "int_b", 15 12, L_0000025430de4dd0;  1 drivers
v0000025430d85510_0 .net "y", 0 0, L_0000025430de54b0;  alias, 1 drivers
L_0000025430de61d0 .part v0000025430d88c90_0, 12, 4;
L_0000025430de4dd0 .part L_0000025430d8d3b0, 12, 4;
L_0000025430de6bd0 .part v0000025430d88c90_0, 0, 12;
L_0000025430de6ef0 .part L_0000025430d8d3b0, 0, 12;
L_0000025430de7350 .part L_0000025430de61d0, 3, 1;
L_0000025430de6d10 .part L_0000025430de4dd0, 3, 1;
L_0000025430de6090 .cmp/gt 1, L_0000025430de7350, L_0000025430de6d10;
L_0000025430de6270 .part L_0000025430de61d0, 3, 1;
L_0000025430de7030 .part L_0000025430de4dd0, 3, 1;
L_0000025430de5b90 .part L_0000025430de61d0, 0, 3;
L_0000025430de73f0 .part L_0000025430de4dd0, 0, 3;
L_0000025430de52d0 .cmp/gt 3, L_0000025430de5b90, L_0000025430de73f0;
L_0000025430de5050 .part L_0000025430de61d0, 0, 3;
L_0000025430de7170 .part L_0000025430de4dd0, 0, 3;
L_0000025430de7210 .cmp/ne 3, L_0000025430de5050, L_0000025430de7170;
L_0000025430de72b0 .cmp/gt 12, L_0000025430de6bd0, L_0000025430de6ef0;
L_0000025430de4c90 .functor MUXZ 2, L_0000025430d8d368, L_0000025430d8d320, L_0000025430de72b0, C4<>;
L_0000025430de5370 .functor MUXZ 2, L_0000025430de4c90, L_0000025430d8d2d8, L_0000025430de7210, C4<>;
L_0000025430de4f10 .functor MUXZ 2, L_0000025430de5370, L_0000025430d8d290, L_0000025430de52d0, C4<>;
L_0000025430de6b30 .functor MUXZ 2, L_0000025430de4f10, L_0000025430d8d248, L_0000025430d1b3c0, C4<>;
L_0000025430de5690 .functor MUXZ 2, L_0000025430de6b30, L_0000025430d8d200, L_0000025430de6090, C4<>;
L_0000025430de54b0 .part L_0000025430de5690, 0, 1;
S_0000025430d4e060 .scope module, "s7" "sig_comparator" 3 59, 5 6 0, S_0000025430caf630;
 .timescale -9 -12;
    .port_info 0 /INPUT 16 "a";
    .port_info 1 /INPUT 16 "b";
    .port_info 2 /OUTPUT 1 "y";
P_0000025430c85460 .param/l "N" 0 5 9, +C4<00000000000000000000000000010000>;
P_0000025430c85498 .param/l "Q" 0 5 8, +C4<00000000000000000000000000001100>;
L_0000025430d1a860 .functor XOR 1, L_0000025430de6e50, L_0000025430de5230, C4<0>, C4<0>;
v0000025430d856f0_0 .net *"_ivl_11", 0 0, L_0000025430de5f50;  1 drivers
v0000025430d85790_0 .net *"_ivl_12", 0 0, L_0000025430de5ff0;  1 drivers
L_0000025430d8d008 .functor BUFT 1, C4<00>, C4<0>, C4<0>, C4<0>;
v0000025430d84570_0 .net/2s *"_ivl_14", 1 0, L_0000025430d8d008;  1 drivers
v0000025430d84cf0_0 .net *"_ivl_17", 0 0, L_0000025430de6e50;  1 drivers
v0000025430d858d0_0 .net *"_ivl_19", 0 0, L_0000025430de5230;  1 drivers
v0000025430d855b0_0 .net *"_ivl_20", 0 0, L_0000025430d1a860;  1 drivers
L_0000025430d8d050 .functor BUFT 1, C4<01>, C4<0>, C4<0>, C4<0>;
v0000025430d84610_0 .net/2s *"_ivl_22", 1 0, L_0000025430d8d050;  1 drivers
v0000025430d85970_0 .net *"_ivl_25", 2 0, L_0000025430de4fb0;  1 drivers
v0000025430d84750_0 .net *"_ivl_27", 2 0, L_0000025430de6130;  1 drivers
v0000025430d84d90_0 .net *"_ivl_28", 0 0, L_0000025430de5190;  1 drivers
L_0000025430d8d098 .functor BUFT 1, C4<01>, C4<0>, C4<0>, C4<0>;
v0000025430d85150_0 .net/2s *"_ivl_30", 1 0, L_0000025430d8d098;  1 drivers
v0000025430d85ab0_0 .net *"_ivl_33", 2 0, L_0000025430de59b0;  1 drivers
v0000025430d85a10_0 .net *"_ivl_35", 2 0, L_0000025430de4e70;  1 drivers
v0000025430d846b0_0 .net *"_ivl_36", 0 0, L_0000025430de6a90;  1 drivers
L_0000025430d8d0e0 .functor BUFT 1, C4<00>, C4<0>, C4<0>, C4<0>;
v0000025430d84f70_0 .net/2s *"_ivl_38", 1 0, L_0000025430d8d0e0;  1 drivers
v0000025430d84e30_0 .net *"_ivl_40", 0 0, L_0000025430de5af0;  1 drivers
L_0000025430d8d128 .functor BUFT 1, C4<01>, C4<0>, C4<0>, C4<0>;
v0000025430d85330_0 .net/2s *"_ivl_42", 1 0, L_0000025430d8d128;  1 drivers
L_0000025430d8d170 .functor BUFT 1, C4<00>, C4<0>, C4<0>, C4<0>;
v0000025430d84b10_0 .net/2s *"_ivl_44", 1 0, L_0000025430d8d170;  1 drivers
v0000025430d85290_0 .net *"_ivl_46", 1 0, L_0000025430de6630;  1 drivers
v0000025430d84430_0 .net *"_ivl_48", 1 0, L_0000025430de5910;  1 drivers
v0000025430d847f0_0 .net *"_ivl_50", 1 0, L_0000025430de64f0;  1 drivers
v0000025430d84890_0 .net *"_ivl_52", 1 0, L_0000025430de6c70;  1 drivers
v0000025430d851f0_0 .net *"_ivl_54", 1 0, L_0000025430de5a50;  1 drivers
v0000025430d85010_0 .net *"_ivl_9", 0 0, L_0000025430de5c30;  1 drivers
v0000025430d84930_0 .net "a", 15 0, v0000025430d88c90_0;  alias, 1 drivers
L_0000025430d8d1b8 .functor BUFT 1, C4<0011000000000000>, C4<0>, C4<0>, C4<0>;
v0000025430d84110_0 .net "b", 15 0, L_0000025430d8d1b8;  1 drivers
v0000025430d821d0_0 .net "frac_a", 11 0, L_0000025430de70d0;  1 drivers
v0000025430d82270_0 .net "frac_b", 11 0, L_0000025430de6590;  1 drivers
v0000025430d837b0_0 .net "int_a", 15 12, L_0000025430de6f90;  1 drivers
v0000025430d82130_0 .net "int_b", 15 12, L_0000025430de5730;  1 drivers
v0000025430d841b0_0 .net "y", 0 0, L_0000025430de6950;  alias, 1 drivers
L_0000025430de6f90 .part v0000025430d88c90_0, 12, 4;
L_0000025430de5730 .part L_0000025430d8d1b8, 12, 4;
L_0000025430de70d0 .part v0000025430d88c90_0, 0, 12;
L_0000025430de6590 .part L_0000025430d8d1b8, 0, 12;
L_0000025430de5c30 .part L_0000025430de6f90, 3, 1;
L_0000025430de5f50 .part L_0000025430de5730, 3, 1;
L_0000025430de5ff0 .cmp/gt 1, L_0000025430de5c30, L_0000025430de5f50;
L_0000025430de6e50 .part L_0000025430de6f90, 3, 1;
L_0000025430de5230 .part L_0000025430de5730, 3, 1;
L_0000025430de4fb0 .part L_0000025430de6f90, 0, 3;
L_0000025430de6130 .part L_0000025430de5730, 0, 3;
L_0000025430de5190 .cmp/gt 3, L_0000025430de4fb0, L_0000025430de6130;
L_0000025430de59b0 .part L_0000025430de6f90, 0, 3;
L_0000025430de4e70 .part L_0000025430de5730, 0, 3;
L_0000025430de6a90 .cmp/ne 3, L_0000025430de59b0, L_0000025430de4e70;
L_0000025430de5af0 .cmp/gt 12, L_0000025430de70d0, L_0000025430de6590;
L_0000025430de6630 .functor MUXZ 2, L_0000025430d8d170, L_0000025430d8d128, L_0000025430de5af0, C4<>;
L_0000025430de5910 .functor MUXZ 2, L_0000025430de6630, L_0000025430d8d0e0, L_0000025430de6a90, C4<>;
L_0000025430de64f0 .functor MUXZ 2, L_0000025430de5910, L_0000025430d8d098, L_0000025430de5190, C4<>;
L_0000025430de6c70 .functor MUXZ 2, L_0000025430de64f0, L_0000025430d8d050, L_0000025430d1a860, C4<>;
L_0000025430de5a50 .functor MUXZ 2, L_0000025430de6c70, L_0000025430d8d008, L_0000025430de5ff0, C4<>;
L_0000025430de6950 .part L_0000025430de5a50, 0, 1;
S_0000025430d4e1f0 .scope module, "s8" "sig_comparator" 3 52, 5 6 0, S_0000025430caf630;
 .timescale -9 -12;
    .port_info 0 /INPUT 16 "a";
    .port_info 1 /INPUT 16 "b";
    .port_info 2 /OUTPUT 1 "y";
P_0000025430c861e0 .param/l "N" 0 5 9, +C4<00000000000000000000000000010000>;
P_0000025430c86218 .param/l "Q" 0 5 8, +C4<00000000000000000000000000001100>;
L_0000025430d1ab00 .functor XOR 1, L_0000025430d89af0, L_0000025430d8a130, C4<0>, C4<0>;
v0000025430d830d0_0 .net *"_ivl_11", 0 0, L_0000025430d894b0;  1 drivers
v0000025430d838f0_0 .net *"_ivl_12", 0 0, L_0000025430d88790;  1 drivers
L_0000025430d8ce10 .functor BUFT 1, C4<00>, C4<0>, C4<0>, C4<0>;
v0000025430d82d10_0 .net/2s *"_ivl_14", 1 0, L_0000025430d8ce10;  1 drivers
v0000025430d82f90_0 .net *"_ivl_17", 0 0, L_0000025430d89af0;  1 drivers
v0000025430d823b0_0 .net *"_ivl_19", 0 0, L_0000025430d8a130;  1 drivers
v0000025430d83b70_0 .net *"_ivl_20", 0 0, L_0000025430d1ab00;  1 drivers
L_0000025430d8ce58 .functor BUFT 1, C4<01>, C4<0>, C4<0>, C4<0>;
v0000025430d83850_0 .net/2s *"_ivl_22", 1 0, L_0000025430d8ce58;  1 drivers
v0000025430d81eb0_0 .net *"_ivl_25", 2 0, L_0000025430d89b90;  1 drivers
v0000025430d83210_0 .net *"_ivl_27", 2 0, L_0000025430d8a270;  1 drivers
v0000025430d83cb0_0 .net *"_ivl_28", 0 0, L_0000025430d87c50;  1 drivers
L_0000025430d8cea0 .functor BUFT 1, C4<01>, C4<0>, C4<0>, C4<0>;
v0000025430d83990_0 .net/2s *"_ivl_30", 1 0, L_0000025430d8cea0;  1 drivers
v0000025430d83170_0 .net *"_ivl_33", 2 0, L_0000025430d88470;  1 drivers
v0000025430d82ef0_0 .net *"_ivl_35", 2 0, L_0000025430d87cf0;  1 drivers
v0000025430d832b0_0 .net *"_ivl_36", 0 0, L_0000025430d87d90;  1 drivers
L_0000025430d8cee8 .functor BUFT 1, C4<00>, C4<0>, C4<0>, C4<0>;
v0000025430d82c70_0 .net/2s *"_ivl_38", 1 0, L_0000025430d8cee8;  1 drivers
v0000025430d842f0_0 .net *"_ivl_40", 0 0, L_0000025430d88010;  1 drivers
L_0000025430d8cf30 .functor BUFT 1, C4<01>, C4<0>, C4<0>, C4<0>;
v0000025430d83350_0 .net/2s *"_ivl_42", 1 0, L_0000025430d8cf30;  1 drivers
L_0000025430d8cf78 .functor BUFT 1, C4<00>, C4<0>, C4<0>, C4<0>;
v0000025430d82310_0 .net/2s *"_ivl_44", 1 0, L_0000025430d8cf78;  1 drivers
v0000025430d83d50_0 .net *"_ivl_46", 1 0, L_0000025430d885b0;  1 drivers
v0000025430d81cd0_0 .net *"_ivl_48", 1 0, L_0000025430d881f0;  1 drivers
v0000025430d826d0_0 .net *"_ivl_50", 1 0, L_0000025430d88830;  1 drivers
v0000025430d82770_0 .net *"_ivl_52", 1 0, L_0000025430d880b0;  1 drivers
v0000025430d833f0_0 .net *"_ivl_54", 1 0, L_0000025430d88510;  1 drivers
v0000025430d83fd0_0 .net *"_ivl_9", 0 0, L_0000025430d87e30;  1 drivers
v0000025430d83710_0 .net "a", 15 0, v0000025430d88c90_0;  alias, 1 drivers
L_0000025430d8cfc0 .functor BUFT 1, C4<0100100000000000>, C4<0>, C4<0>, C4<0>;
v0000025430d82630_0 .net "b", 15 0, L_0000025430d8cfc0;  1 drivers
v0000025430d83a30_0 .net "frac_a", 11 0, L_0000025430d89370;  1 drivers
v0000025430d84070_0 .net "frac_b", 11 0, L_0000025430d88290;  1 drivers
v0000025430d828b0_0 .net "int_a", 15 12, L_0000025430d899b0;  1 drivers
v0000025430d83ad0_0 .net "int_b", 15 12, L_0000025430d888d0;  1 drivers
v0000025430d824f0_0 .net "y", 0 0, L_0000025430de6db0;  alias, 1 drivers
L_0000025430d899b0 .part v0000025430d88c90_0, 12, 4;
L_0000025430d888d0 .part L_0000025430d8cfc0, 12, 4;
L_0000025430d89370 .part v0000025430d88c90_0, 0, 12;
L_0000025430d88290 .part L_0000025430d8cfc0, 0, 12;
L_0000025430d87e30 .part L_0000025430d899b0, 3, 1;
L_0000025430d894b0 .part L_0000025430d888d0, 3, 1;
L_0000025430d88790 .cmp/gt 1, L_0000025430d87e30, L_0000025430d894b0;
L_0000025430d89af0 .part L_0000025430d899b0, 3, 1;
L_0000025430d8a130 .part L_0000025430d888d0, 3, 1;
L_0000025430d89b90 .part L_0000025430d899b0, 0, 3;
L_0000025430d8a270 .part L_0000025430d888d0, 0, 3;
L_0000025430d87c50 .cmp/gt 3, L_0000025430d89b90, L_0000025430d8a270;
L_0000025430d88470 .part L_0000025430d899b0, 0, 3;
L_0000025430d87cf0 .part L_0000025430d888d0, 0, 3;
L_0000025430d87d90 .cmp/ne 3, L_0000025430d88470, L_0000025430d87cf0;
L_0000025430d88010 .cmp/gt 12, L_0000025430d89370, L_0000025430d88290;
L_0000025430d885b0 .functor MUXZ 2, L_0000025430d8cf78, L_0000025430d8cf30, L_0000025430d88010, C4<>;
L_0000025430d881f0 .functor MUXZ 2, L_0000025430d885b0, L_0000025430d8cee8, L_0000025430d87d90, C4<>;
L_0000025430d88830 .functor MUXZ 2, L_0000025430d881f0, L_0000025430d8cea0, L_0000025430d87c50, C4<>;
L_0000025430d880b0 .functor MUXZ 2, L_0000025430d88830, L_0000025430d8ce58, L_0000025430d1ab00, C4<>;
L_0000025430d88510 .functor MUXZ 2, L_0000025430d880b0, L_0000025430d8ce10, L_0000025430d88790, C4<>;
L_0000025430de6db0 .part L_0000025430d88510, 0, 1;
S_0000025430d4e380 .scope module, "s9" "sig_comparator" 3 45, 5 6 0, S_0000025430caf630;
 .timescale -9 -12;
    .port_info 0 /INPUT 16 "a";
    .port_info 1 /INPUT 16 "b";
    .port_info 2 /OUTPUT 1 "y";
P_0000025430c862e0 .param/l "N" 0 5 9, +C4<00000000000000000000000000010000>;
P_0000025430c86318 .param/l "Q" 0 5 8, +C4<00000000000000000000000000001100>;
L_0000025430d1b5f0 .functor XOR 1, L_0000025430d88fb0, L_0000025430d89050, C4<0>, C4<0>;
v0000025430d83f30_0 .net *"_ivl_11", 0 0, L_0000025430d88dd0;  1 drivers
v0000025430d82db0_0 .net *"_ivl_12", 0 0, L_0000025430d87ed0;  1 drivers
L_0000025430d8cc18 .functor BUFT 1, C4<00>, C4<0>, C4<0>, C4<0>;
v0000025430d82450_0 .net/2s *"_ivl_14", 1 0, L_0000025430d8cc18;  1 drivers
v0000025430d83c10_0 .net *"_ivl_17", 0 0, L_0000025430d88fb0;  1 drivers
v0000025430d82590_0 .net *"_ivl_19", 0 0, L_0000025430d89050;  1 drivers
v0000025430d82a90_0 .net *"_ivl_20", 0 0, L_0000025430d1b5f0;  1 drivers
L_0000025430d8cc60 .functor BUFT 1, C4<01>, C4<0>, C4<0>, C4<0>;
v0000025430d83490_0 .net/2s *"_ivl_22", 1 0, L_0000025430d8cc60;  1 drivers
v0000025430d84390_0 .net *"_ivl_25", 2 0, L_0000025430d88150;  1 drivers
v0000025430d83df0_0 .net *"_ivl_27", 2 0, L_0000025430d890f0;  1 drivers
v0000025430d81f50_0 .net *"_ivl_28", 0 0, L_0000025430d897d0;  1 drivers
L_0000025430d8cca8 .functor BUFT 1, C4<01>, C4<0>, C4<0>, C4<0>;
v0000025430d84250_0 .net/2s *"_ivl_30", 1 0, L_0000025430d8cca8;  1 drivers
v0000025430d82810_0 .net *"_ivl_33", 2 0, L_0000025430d895f0;  1 drivers
v0000025430d83e90_0 .net *"_ivl_35", 2 0, L_0000025430d8a1d0;  1 drivers
v0000025430d82950_0 .net *"_ivl_36", 0 0, L_0000025430d89c30;  1 drivers
L_0000025430d8ccf0 .functor BUFT 1, C4<00>, C4<0>, C4<0>, C4<0>;
v0000025430d83530_0 .net/2s *"_ivl_38", 1 0, L_0000025430d8ccf0;  1 drivers
v0000025430d81ff0_0 .net *"_ivl_40", 0 0, L_0000025430d89190;  1 drivers
L_0000025430d8cd38 .functor BUFT 1, C4<01>, C4<0>, C4<0>, C4<0>;
v0000025430d829f0_0 .net/2s *"_ivl_42", 1 0, L_0000025430d8cd38;  1 drivers
L_0000025430d8cd80 .functor BUFT 1, C4<00>, C4<0>, C4<0>, C4<0>;
v0000025430d81e10_0 .net/2s *"_ivl_44", 1 0, L_0000025430d8cd80;  1 drivers
v0000025430d835d0_0 .net *"_ivl_46", 1 0, L_0000025430d89cd0;  1 drivers
v0000025430d83030_0 .net *"_ivl_48", 1 0, L_0000025430d883d0;  1 drivers
v0000025430d81c30_0 .net *"_ivl_50", 1 0, L_0000025430d89870;  1 drivers
v0000025430d81d70_0 .net *"_ivl_52", 1 0, L_0000025430d8a090;  1 drivers
v0000025430d82b30_0 .net *"_ivl_54", 1 0, L_0000025430d89e10;  1 drivers
v0000025430d83670_0 .net *"_ivl_9", 0 0, L_0000025430d89f50;  1 drivers
v0000025430d82090_0 .net "a", 15 0, v0000025430d88c90_0;  alias, 1 drivers
L_0000025430d8cdc8 .functor BUFT 1, C4<0110000000000000>, C4<0>, C4<0>, C4<0>;
v0000025430d82bd0_0 .net "b", 15 0, L_0000025430d8cdc8;  1 drivers
v0000025430d82e50_0 .net "frac_a", 11 0, L_0000025430d88d30;  1 drivers
v0000025430d8ad10_0 .net "frac_b", 11 0, L_0000025430d8a310;  1 drivers
v0000025430d8b850_0 .net "int_a", 15 12, L_0000025430d892d0;  1 drivers
v0000025430d8b5d0_0 .net "int_b", 15 12, L_0000025430d89eb0;  1 drivers
v0000025430d8b0d0_0 .net "y", 0 0, L_0000025430d89690;  alias, 1 drivers
L_0000025430d892d0 .part v0000025430d88c90_0, 12, 4;
L_0000025430d89eb0 .part L_0000025430d8cdc8, 12, 4;
L_0000025430d88d30 .part v0000025430d88c90_0, 0, 12;
L_0000025430d8a310 .part L_0000025430d8cdc8, 0, 12;
L_0000025430d89f50 .part L_0000025430d892d0, 3, 1;
L_0000025430d88dd0 .part L_0000025430d89eb0, 3, 1;
L_0000025430d87ed0 .cmp/gt 1, L_0000025430d89f50, L_0000025430d88dd0;
L_0000025430d88fb0 .part L_0000025430d892d0, 3, 1;
L_0000025430d89050 .part L_0000025430d89eb0, 3, 1;
L_0000025430d88150 .part L_0000025430d892d0, 0, 3;
L_0000025430d890f0 .part L_0000025430d89eb0, 0, 3;
L_0000025430d897d0 .cmp/gt 3, L_0000025430d88150, L_0000025430d890f0;
L_0000025430d895f0 .part L_0000025430d892d0, 0, 3;
L_0000025430d8a1d0 .part L_0000025430d89eb0, 0, 3;
L_0000025430d89c30 .cmp/ne 3, L_0000025430d895f0, L_0000025430d8a1d0;
L_0000025430d89190 .cmp/gt 12, L_0000025430d88d30, L_0000025430d8a310;
L_0000025430d89cd0 .functor MUXZ 2, L_0000025430d8cd80, L_0000025430d8cd38, L_0000025430d89190, C4<>;
L_0000025430d883d0 .functor MUXZ 2, L_0000025430d89cd0, L_0000025430d8ccf0, L_0000025430d89c30, C4<>;
L_0000025430d89870 .functor MUXZ 2, L_0000025430d883d0, L_0000025430d8cca8, L_0000025430d897d0, C4<>;
L_0000025430d8a090 .functor MUXZ 2, L_0000025430d89870, L_0000025430d8cc60, L_0000025430d1b5f0, C4<>;
L_0000025430d89e10 .functor MUXZ 2, L_0000025430d8a090, L_0000025430d8cc18, L_0000025430d87ed0, C4<>;
L_0000025430d89690 .part L_0000025430d89e10, 0, 1;
    .scope S_0000025430d1a200;
T_0 ;
    %vpi_call 2 17 "$dumpfile", "tb_softplus_16_bit.vcd" {0 0 0};
    %vpi_call 2 18 "$dumpvars", 32'sb00000000000000000000000000000000, S_0000025430d1a200 {0 0 0};
    %pushi/vec4 40960, 0, 16;
    %store/vec4 v0000025430d88c90_0, 0, 16;
    %delay 10000, 0;
    %vpi_call 2 21 "$display", "%0b", v0000025430d89410_0 {0 0 0};
    %pushi/vec4 47104, 0, 16;
    %store/vec4 v0000025430d88c90_0, 0, 16;
    %delay 10000, 0;
    %vpi_call 2 24 "$display", "%0b", v0000025430d89410_0 {0 0 0};
    %pushi/vec4 53248, 0, 16;
    %store/vec4 v0000025430d88c90_0, 0, 16;
    %delay 10000, 0;
    %vpi_call 2 27 "$display", "%0b", v0000025430d89410_0 {0 0 0};
    %pushi/vec4 59392, 0, 16;
    %store/vec4 v0000025430d88c90_0, 0, 16;
    %delay 10000, 0;
    %vpi_call 2 30 "$display", "%0b", v0000025430d89410_0 {0 0 0};
    %pushi/vec4 0, 0, 16;
    %store/vec4 v0000025430d88c90_0, 0, 16;
    %delay 10000, 0;
    %vpi_call 2 33 "$display", "%0b", v0000025430d89410_0 {0 0 0};
    %pushi/vec4 6144, 0, 16;
    %store/vec4 v0000025430d88c90_0, 0, 16;
    %delay 10000, 0;
    %vpi_call 2 36 "$display", "%0b", v0000025430d89410_0 {0 0 0};
    %pushi/vec4 12288, 0, 16;
    %store/vec4 v0000025430d88c90_0, 0, 16;
    %delay 10000, 0;
    %vpi_call 2 39 "$display", "%0b", v0000025430d89410_0 {0 0 0};
    %pushi/vec4 18432, 0, 16;
    %store/vec4 v0000025430d88c90_0, 0, 16;
    %delay 10000, 0;
    %vpi_call 2 42 "$display", "%0b", v0000025430d89410_0 {0 0 0};
    %pushi/vec4 24576, 0, 16;
    %store/vec4 v0000025430d88c90_0, 0, 16;
    %delay 10000, 0;
    %vpi_call 2 45 "$display", "%0b", v0000025430d89410_0 {0 0 0};
    %end;
    .thread T_0;
# The file index is used to find the file name in the following table.
:file_names 6;
    "N/A";
    "<interactive>";
    "tb_softplus_16_bit.v";
    "./softplus_16_bit.v";
    "./sig_mult.v";
    "./sig_comparator.v";
